#
# There is insufficient memory for the Java Runtime Environment to continue.
# Native memory allocation (malloc) failed to allocate 367376 bytes for Chunk::new
# Possible reasons:
#   The system is out of physical RAM or swap space
#   In 32 bit mode, the process size limit was hit
# Possible solutions:
#   Reduce memory load on the system
#   Increase physical memory or swap space
#   Check if swap backing store is full
#   Use 64 bit Java on a 64 bit OS
#   Decrease Java heap size (-Xmx/-Xms)
#   Decrease number of Java threads
#   Decrease Java thread stack sizes (-Xss)
#   Set larger code cache with -XX:ReservedCodeCacheSize=
# This output file may be truncated or incomplete.
#
#  Out of Memory Error (allocation.cpp:390), pid=26908, tid=21704
#
# JRE version: Java(TM) SE Runtime Environment (8.0_65-b17) (build 1.8.0_65-b17)
# Java VM: Java HotSpot(TM) 64-Bit Server VM (25.65-b01 mixed mode windows-amd64 compressed oops)
# Failed to write core dump. Minidumps are not enabled by default on client versions of Windows
#

---------------  T H R E A D  ---------------

Current thread (0x0000000014b1a800):  JavaThread "C2 CompilerThread0" daemon [_thread_in_native, id=21704, stack(0x0000000016150000,0x0000000016250000)]

Stack: [0x0000000016150000,0x0000000016250000]
[error occurred during error reporting (printing stack bounds), id 0xc0000005]

Native frames: (J=compiled Java code, j=interpreted, Vv=VM code, C=native code)


Current CompileTask:
C2:  18234 1512   !   4       com.android.dx.cf.code.BytecodeArray::parseInstruction (2764 bytes)


---------------  P R O C E S S  ---------------

Java Threads: ( => current thread )
  0x00000000165ba000 JavaThread "pool-1-thread-4" [_thread_in_Java, id=25804, stack(0x0000000016e50000,0x0000000016f50000)]
  0x00000000165b9800 JavaThread "pool-1-thread-3" [_thread_blocked, id=25452, stack(0x0000000016d50000,0x0000000016e50000)]
  0x00000000165b2800 JavaThread "pool-1-thread-2" [_thread_blocked, id=15656, stack(0x0000000016c50000,0x0000000016d50000)]
  0x00000000165b1800 JavaThread "pool-2-thread-1" [_thread_blocked, id=23308, stack(0x0000000016b50000,0x0000000016c50000)]
  0x000000001659e800 JavaThread "pool-1-thread-1" [_thread_blocked, id=19956, stack(0x0000000016a50000,0x0000000016b50000)]
  0x0000000016363800 JavaThread "Service Thread" daemon [_thread_blocked, id=23056, stack(0x0000000016850000,0x0000000016950000)]
  0x0000000016358800 JavaThread "C1 CompilerThread2" daemon [_thread_blocked, id=20260, stack(0x0000000016750000,0x0000000016850000)]
  0x0000000014b20000 JavaThread "C2 CompilerThread1" daemon [_thread_in_native, id=21644, stack(0x0000000016250000,0x0000000016350000)]
=>0x0000000014b1a800 JavaThread "C2 CompilerThread0" daemon [_thread_in_native, id=21704, stack(0x0000000016150000,0x0000000016250000)]
  0x0000000014b18800 JavaThread "Attach Listener" daemon [_thread_blocked, id=24908, stack(0x0000000016050000,0x0000000016150000)]
  0x0000000014b17800 JavaThread "Signal Dispatcher" daemon [_thread_blocked, id=24604, stack(0x0000000015f50000,0x0000000016050000)]
  0x0000000002446000 JavaThread "Finalizer" daemon [_thread_blocked, id=24520, stack(0x0000000015d70000,0x0000000015e70000)]
  0x000000000243d000 JavaThread "Reference Handler" daemon [_thread_blocked, id=20676, stack(0x0000000015c70000,0x0000000015d70000)]
  0x0000000002350800 JavaThread "main" [_thread_blocked, id=17296, stack(0x0000000002250000,0x0000000002350000)]

Other Threads:
  0x0000000014ae8000 VMThread [stack: 0x0000000015b70000,0x0000000015c70000] [id=13972]
  0x000000001635f800 WatcherThread [stack: 0x0000000016950000,0x0000000016a50000] [id=25152]

VM state:not at safepoint (normal execution)

VM Mutex/Monitor currently owned by a thread: None

Heap:
 PSYoungGen      total 28672K, used 18910K [0x00000000eab00000, 0x00000000ec900000, 0x0000000100000000)
  eden space 26624K, 63% used [0x00000000eab00000,0x00000000ebb7b8c8,0x00000000ec500000)
  from space 2048K, 99% used [0x00000000ec700000,0x00000000ec8fc020,0x00000000ec900000)
  to   space 2048K, 0% used [0x00000000ec500000,0x00000000ec500000,0x00000000ec700000)
 ParOldGen       total 35840K, used 7784K [0x00000000c0000000, 0x00000000c2300000, 0x00000000eab00000)
  object space 35840K, 21% used [0x00000000c0000000,0x00000000c079a2e0,0x00000000c2300000)
 Metaspace       used 6061K, capacity 7024K, committed 7296K, reserved 1056768K
  class space    used 590K, capacity 616K, committed 640K, reserved 1048576K

Card table byte_map: [0x0000000011810000,0x0000000011a20000] byte_map_base: 0x0000000011210000

Marking Bits: (ParMarkBitMap*) 0x000000007349a5b0
 Begin Bits: [0x0000000011f80000, 0x0000000012f80000)
 End Bits:   [0x0000000012f80000, 0x0000000013f80000)

Polling page: 0x0000000000450000

CodeCache: size=245760Kb used=6539Kb max_used=6539Kb free=239220Kb
 bounds [0x0000000002450000, 0x0000000002ac0000, 0x0000000011450000]
 total_blobs=1784 nmethods=1516 adapters=182
 compilation: enabled

Compilation events (10 events):
Event: 18.034 Thread 0x0000000016358800 1543       3       com.android.dx.dex.code.OutputFinisher::<init> (48 bytes)
Event: 18.034 Thread 0x0000000016358800 nmethod 1543 0x0000000002a92990 code [0x0000000002a92b00, 0x0000000002a92da8]
Event: 18.034 Thread 0x0000000016358800 1544       3       com.android.dx.dex.code.RopTranslator::translateAndGetResult (48 bytes)
Event: 18.035 Thread 0x0000000016358800 nmethod 1544 0x0000000002a91450 code [0x0000000002a91620, 0x0000000002a91b58]
Event: 18.039 Thread 0x0000000016358800 1545       3       com.android.dx.rop.annotation.Annotations::add (75 bytes)
Event: 18.040 Thread 0x0000000016358800 nmethod 1545 0x0000000002ab0310 code [0x0000000002ab0580, 0x0000000002ab14a8]
Event: 18.043 Thread 0x0000000016358800 1547       3       com.android.dx.dex.file.ValueEncoder::addContents (75 bytes)
Event: 18.045 Thread 0x0000000016358800 nmethod 1547 0x0000000002ab1b90 code [0x0000000002ab1e40, 0x0000000002ab34b8]
Event: 18.197 Thread 0x0000000016358800 1548       3       java.util.concurrent.locks.ReentrantLock::unlock (10 bytes)
Event: 18.197 Thread 0x0000000016358800 nmethod 1548 0x0000000002ab4110 code [0x0000000002ab42a0, 0x0000000002ab4698]

GC Heap History (8 events):
Event: 12.534 GC heap before
{Heap before GC invocations=1 (full 0):
 PSYoungGen      total 15360K, used 13312K [0x00000000eab00000, 0x00000000ebc00000, 0x0000000100000000)
  eden space 13312K, 100% used [0x00000000eab00000,0x00000000eb800000,0x00000000eb800000)
  from space 2048K, 0% used [0x00000000eba00000,0x00000000eba00000,0x00000000ebc00000)
  to   space 2048K, 0% used [0x00000000eb800000,0x00000000eb800000,0x00000000eba00000)
 ParOldGen       total 35840K, used 0K [0x00000000c0000000, 0x00000000c2300000, 0x00000000eab00000)
  object space 35840K, 0% used [0x00000000c0000000,0x00000000c0000000,0x00000000c2300000)
 Metaspace       used 5605K, capacity 6640K, committed 6784K, reserved 1056768K
  class space    used 588K, capacity 616K, committed 640K, reserved 1048576K
Event: 12.589 GC heap after
Heap after GC invocations=1 (full 0):
 PSYoungGen      total 15360K, used 2039K [0x00000000eab00000, 0x00000000ebc00000, 0x0000000100000000)
  eden space 13312K, 0% used [0x00000000eab00000,0x00000000eab00000,0x00000000eb800000)
  from space 2048K, 99% used [0x00000000eb800000,0x00000000eb9fdc60,0x00000000eba00000)
  to   space 2048K, 0% used [0x00000000eba00000,0x00000000eba00000,0x00000000ebc00000)
 ParOldGen       total 35840K, used 1748K [0x00000000c0000000, 0x00000000c2300000, 0x00000000eab00000)
  object space 35840K, 4% used [0x00000000c0000000,0x00000000c01b52d8,0x00000000c2300000)
 Metaspace       used 5605K, capacity 6640K, committed 6784K, reserved 1056768K
  class space    used 588K, capacity 616K, committed 640K, reserved 1048576K
}
Event: 13.697 GC heap before
{Heap before GC invocations=2 (full 0):
 PSYoungGen      total 15360K, used 15351K [0x00000000eab00000, 0x00000000ebc00000, 0x0000000100000000)
  eden space 13312K, 100% used [0x00000000eab00000,0x00000000eb800000,0x00000000eb800000)
  from space 2048K, 99% used [0x00000000eb800000,0x00000000eb9fdc60,0x00000000eba00000)
  to   space 2048K, 0% used [0x00000000eba00000,0x00000000eba00000,0x00000000ebc00000)
 ParOldGen       total 35840K, used 1748K [0x00000000c0000000, 0x00000000c2300000, 0x00000000eab00000)
  object space 35840K, 4% used [0x00000000c0000000,0x00000000c01b52d8,0x00000000c2300000)
 Metaspace       used 5887K, capacity 6896K, committed 7040K, reserved 1056768K
  class space    used 589K, capacity 616K, committed 640K, reserved 1048576K
Event: 13.953 GC heap after
Heap after GC invocations=2 (full 0):
 PSYoungGen      total 15360K, used 2048K [0x00000000eab00000, 0x00000000ec900000, 0x0000000100000000)
  eden space 13312K, 0% used [0x00000000eab00000,0x00000000eab00000,0x00000000eb800000)
  from space 2048K, 100% used [0x00000000eba00000,0x00000000ebc00000,0x00000000ebc00000)
  to   space 2048K, 0% used [0x00000000eb800000,0x00000000eb800000,0x00000000eba00000)
 ParOldGen       total 35840K, used 3511K [0x00000000c0000000, 0x00000000c2300000, 0x00000000eab00000)
  object space 35840K, 9% used [0x00000000c0000000,0x00000000c036dfd0,0x00000000c2300000)
 Metaspace       used 5887K, capacity 6896K, committed 7040K, reserved 1056768K
  class space    used 589K, capacity 616K, committed 640K, reserved 1048576K
}
Event: 15.268 GC heap before
{Heap before GC invocations=3 (full 0):
 PSYoungGen      total 15360K, used 15360K [0x00000000eab00000, 0x00000000ec900000, 0x0000000100000000)
  eden space 13312K, 100% used [0x00000000eab00000,0x00000000eb800000,0x00000000eb800000)
  from space 2048K, 100% used [0x00000000eba00000,0x00000000ebc00000,0x00000000ebc00000)
  to   space 2048K, 0% used [0x00000000eb800000,0x00000000eb800000,0x00000000eba00000)
 ParOldGen       total 35840K, used 3511K [0x00000000c0000000, 0x00000000c2300000, 0x00000000eab00000)
  object space 35840K, 9% used [0x00000000c0000000,0x00000000c036dfd0,0x00000000c2300000)
 Metaspace       used 6017K, capacity 7024K, committed 7296K, reserved 1056768K
  class space    used 589K, capacity 616K, committed 640K, reserved 1048576K
Event: 15.501 GC heap after
Heap after GC invocations=3 (full 0):
 PSYoungGen      total 15360K, used 2016K [0x00000000eab00000, 0x00000000ec900000, 0x0000000100000000)
  eden space 13312K, 0% used [0x00000000eab00000,0x00000000eab00000,0x00000000eb800000)
  from space 2048K, 98% used [0x00000000eb800000,0x00000000eb9f8010,0x00000000eba00000)
  to   space 2048K, 0% used [0x00000000ec700000,0x00000000ec700000,0x00000000ec900000)
 ParOldGen       total 35840K, used 5692K [0x00000000c0000000, 0x00000000c2300000, 0x00000000eab00000)
  object space 35840K, 15% used [0x00000000c0000000,0x00000000c058f258,0x00000000c2300000)
 Metaspace       used 6017K, capacity 7024K, committed 7296K, reserved 1056768K
  class space    used 589K, capacity 616K, committed 640K, reserved 1048576K
}
Event: 16.711 GC heap before
{Heap before GC invocations=4 (full 0):
 PSYoungGen      total 15360K, used 15328K [0x00000000eab00000, 0x00000000ec900000, 0x0000000100000000)
  eden space 13312K, 100% used [0x00000000eab00000,0x00000000eb800000,0x00000000eb800000)
  from space 2048K, 98% used [0x00000000eb800000,0x00000000eb9f8010,0x00000000eba00000)
  to   space 2048K, 0% used [0x00000000ec700000,0x00000000ec700000,0x00000000ec900000)
 ParOldGen       total 35840K, used 5692K [0x00000000c0000000, 0x00000000c2300000, 0x00000000eab00000)
  object space 35840K, 15% used [0x00000000c0000000,0x00000000c058f258,0x00000000c2300000)
 Metaspace       used 6028K, capacity 7024K, committed 7296K, reserved 1056768K
  class space    used 589K, capacity 616K, committed 640K, reserved 1048576K
Event: 16.971 GC heap after
Heap after GC invocations=4 (full 0):
 PSYoungGen      total 28672K, used 2032K [0x00000000eab00000, 0x00000000ec900000, 0x0000000100000000)
  eden space 26624K, 0% used [0x00000000eab00000,0x00000000eab00000,0x00000000ec500000)
  from space 2048K, 99% used [0x00000000ec700000,0x00000000ec8fc020,0x00000000ec900000)
  to   space 2048K, 0% used [0x00000000ec500000,0x00000000ec500000,0x00000000ec700000)
 ParOldGen       total 35840K, used 7784K [0x00000000c0000000, 0x00000000c2300000, 0x00000000eab00000)
  object space 35840K, 21% used [0x00000000c0000000,0x00000000c079a2e0,0x00000000c2300000)
 Metaspace       used 6028K, capacity 7024K, committed 7296K, reserved 1056768K
  class space    used 589K, capacity 616K, committed 640K, reserved 1048576K
}

Deoptimization events (10 events):
Event: 15.549 Thread 0x0000000002350800 Uncommon trap: reason=bimorphic action=maybe_recompile pc=0x00000000026f5384 method=java.util.HashMap.getNode(ILjava/lang/Object;)Ljava/util/HashMap$Node; @ 126
Event: 15.549 Thread 0x0000000002350800 Uncommon trap: reason=bimorphic action=maybe_recompile pc=0x00000000026f5384 method=java.util.HashMap.getNode(ILjava/lang/Object;)Ljava/util/HashMap$Node; @ 126
Event: 16.459 Thread 0x0000000002350800 Uncommon trap: reason=bimorphic action=maybe_recompile pc=0x00000000026f5384 method=java.util.HashMap.getNode(ILjava/lang/Object;)Ljava/util/HashMap$Node; @ 126
Event: 16.459 Thread 0x0000000002350800 Uncommon trap: reason=bimorphic action=maybe_recompile pc=0x00000000026f5384 method=java.util.HashMap.getNode(ILjava/lang/Object;)Ljava/util/HashMap$Node; @ 126
Event: 16.656 Thread 0x0000000002350800 Uncommon trap: reason=bimorphic action=maybe_recompile pc=0x0000000002632b3c method=java.util.HashMap.getNode(ILjava/lang/Object;)Ljava/util/HashMap$Node; @ 126
Event: 16.669 Thread 0x0000000002350800 Uncommon trap: reason=class_check action=maybe_recompile pc=0x00000000029ee2e8 method=com.android.dx.cf.code.BytecodeArray.parseInstruction(ILcom/android/dx/cf/code/BytecodeArray$Visitor;)I @ 2002
Event: 16.669 Thread 0x0000000002350800 Uncommon trap: reason=class_check action=maybe_recompile pc=0x00000000029ee2e8 method=com.android.dx.cf.code.BytecodeArray.parseInstruction(ILcom/android/dx/cf/code/BytecodeArray$Visitor;)I @ 2002
Event: 16.669 Thread 0x0000000002350800 Uncommon trap: reason=class_check action=maybe_recompile pc=0x00000000029ee2e8 method=com.android.dx.cf.code.BytecodeArray.parseInstruction(ILcom/android/dx/cf/code/BytecodeArray$Visitor;)I @ 2002
Event: 17.367 Thread 0x00000000165ba000 Uncommon trap: reason=unstable_if action=reinterpret pc=0x0000000002958408 method=com.android.dx.ssa.SCCP.simulateStmt(Lcom/android/dx/ssa/SsaInsn;)V @ 53
Event: 17.378 Thread 0x0000000002350800 Uncommon trap: reason=class_check action=maybe_recompile pc=0x00000000029ee2e8 method=com.android.dx.cf.code.BytecodeArray.parseInstruction(ILcom/android/dx/cf/code/BytecodeArray$Visitor;)I @ 2002

Internal exceptions (3 events):
Event: 0.910 Thread 0x0000000002350800 Exception <a 'java/lang/NoSuchMethodError': Method sun.misc.Unsafe.defineClass(Ljava/lang/String;[BII)Ljava/lang/Class; name or signature does not match> (0x00000000eab0d668) thrown at [C:\workspace\8-2-build-windows-amd64-cygwin\jdk8u65\4987\hotspot\src\smÅŒVÌ?
Event: 0.910 Thread 0x0000000002350800 Exception <a 'java/lang/NoSuchMethodError': Method sun.misc.Unsafe.prefetchRead(Ljava/lang/Object;J)V name or signature does not match> (0x00000000eab0d950) thrown at [C:\workspace\8-2-build-windows-amd64-cygwin\jdk8u65\4987\hotspot\src\share\vm\prims\jni.GWMƒÓˇ*@
Event: 13.500 Thread 0x00000000165b2800 Implicit null exception at 0x0000000002722f62 to 0x0000000002723052

Events (10 events):
Event: 17.334 loading class com/android/dx/cf/attrib/AttDeprecated
Event: 17.334 loading class com/android/dx/cf/attrib/AttDeprecated done
Event: 17.344 loading class com/android/dx/cf/attrib/AttRuntimeVisibleAnnotations
Event: 17.344 loading class com/android/dx/cf/attrib/AttRuntimeVisibleAnnotations done
Event: 17.367 Thread 0x00000000165ba000 Uncommon trap: trap_request=0xffffff65 fr.pc=0x0000000002958408
Event: 17.367 Thread 0x00000000165ba000 DEOPT PACKING pc=0x0000000002958408 sp=0x0000000016f4ea70
Event: 17.367 Thread 0x00000000165ba000 DEOPT UNPACKING pc=0x000000000249582a sp=0x0000000016f4ea48 mode 2
Event: 17.378 Thread 0x0000000002350800 Uncommon trap: trap_request=0xffffffde fr.pc=0x00000000029ee2e8
Event: 17.378 Thread 0x0000000002350800 DEOPT PACKING pc=0x00000000029ee2e8 sp=0x000000000234e7a0
Event: 17.378 Thread 0x0000000002350800 DEOPT UNPACKING pc=0x000000000249582a sp=0x000000000234e728 mode 2


Dynamic libraries:
0x00007ff673fa0000 - 0x00007ff673fd7000 	C:\Program Files\Java\jdk1.8.0_65\bin\java.exe
0x00007ff861410000 - 0x00007ff8615d1000 	C:\WINDOWS\SYSTEM32\ntdll.dll
0x00007ff860920000 - 0x00007ff8609cd000 	C:\WINDOWS\system32\KERNEL32.DLL
0x00007ff85dba0000 - 0x00007ff85dd88000 	C:\WINDOWS\system32\KERNELBASE.dll
0x00007ff860410000 - 0x00007ff8604b7000 	C:\WINDOWS\system32\ADVAPI32.dll
0x00007ff860520000 - 0x00007ff8605bd000 	C:\WINDOWS\system32\msvcrt.dll
0x00007ff85e810000 - 0x00007ff85e86b000 	C:\WINDOWS\system32\sechost.dll
0x00007ff860790000 - 0x00007ff8608ac000 	C:\WINDOWS\system32\RPCRT4.dll
0x00007ff860140000 - 0x00007ff860296000 	C:\WINDOWS\system32\USER32.dll
0x00007ff85ffa0000 - 0x00007ff860126000 	C:\WINDOWS\system32\GDI32.dll
0x00007ff850590000 - 0x00007ff850804000 	C:\WINDOWS\WinSxS\amd64_microsoft.windows.common-controls_6595b64144ccf1df_6.0.10586.0_none_8c15ae12515e1c22\COMCTL32.dll
0x00007ff860d40000 - 0x00007ff860fbd000 	C:\WINDOWS\system32\combase.dll
0x00007ff85e520000 - 0x00007ff85e58a000 	C:\WINDOWS\system32\bcryptPrimitives.dll
0x00007ff860300000 - 0x00007ff86033b000 	C:\WINDOWS\system32\IMM32.DLL
0x0000000072bb0000 - 0x0000000072c82000 	C:\Program Files\Java\jdk1.8.0_65\jre\bin\msvcr100.dll
0x0000000072c90000 - 0x0000000073519000 	C:\Program Files\Java\jdk1.8.0_65\jre\bin\server\jvm.dll
0x00007ff860130000 - 0x00007ff860138000 	C:\WINDOWS\system32\PSAPI.DLL
0x00007ff85b240000 - 0x00007ff85b24a000 	C:\WINDOWS\SYSTEM32\VERSION.dll
0x00007ff85b6d0000 - 0x00007ff85b6f3000 	C:\WINDOWS\SYSTEM32\WINMM.dll
0x00007ff859680000 - 0x00007ff859689000 	C:\WINDOWS\SYSTEM32\WSOCK32.dll
0x0000000002170000 - 0x000000000219c000 	C:\WINDOWS\SYSTEM32\WINMMBASE.dll
0x00007ff860720000 - 0x00007ff86078b000 	C:\WINDOWS\system32\WS2_32.dll
0x00007ff85e4d0000 - 0x00007ff85e513000 	C:\WINDOWS\system32\cfgmgr32.dll
0x0000000072ba0000 - 0x0000000072baf000 	C:\Program Files\Java\jdk1.8.0_65\jre\bin\verify.dll
0x0000000072b70000 - 0x0000000072b99000 	C:\Program Files\Java\jdk1.8.0_65\jre\bin\java.dll
0x0000000072b50000 - 0x0000000072b66000 	C:\Program Files\Java\jdk1.8.0_65\jre\bin\zip.dll
0x00007ff85ea40000 - 0x00007ff85ff9f000 	C:\WINDOWS\system32\SHELL32.dll
0x00007ff85dd90000 - 0x00007ff85e3d4000 	C:\WINDOWS\system32\windows.storage.dll
0x00007ff8608c0000 - 0x00007ff860912000 	C:\WINDOWS\system32\shlwapi.dll
0x00007ff85dab0000 - 0x00007ff85dabf000 	C:\WINDOWS\system32\kernel.appcore.dll
0x00007ff85dac0000 - 0x00007ff85db75000 	C:\WINDOWS\system32\shcore.dll
0x00007ff85da60000 - 0x00007ff85daab000 	C:\WINDOWS\system32\powrprof.dll
0x00007ff85da30000 - 0x00007ff85da44000 	C:\WINDOWS\system32\profapi.dll

VM Arguments:
jvm_args: -Djava.awt.headless=true -Xmx1024M -Dfile.encoding=windows-1252 -Duser.country=GB -Duser.language=en -Duser.variant 
java_command: com.android.dx.command.Main --dex --num-threads=4 --output C:\Users\hello\AndroidStudioProjects\TrafficLightMania\app\build\intermediates\pre-dexed\release\com.google.android.gms-play-services-basement-8.4.0_78a21163dfd14e2acafdbf98e316096e3d28c695.jar C:\Users\hello\AndroidStudioProjects\TrafficLightMania\app\build\intermediates\exploded-aar\com.google.android.gms\play-services-basement\8.4.0\jars\classes.jar
java_class_path (initial): C:\Users\hello\AppData\Local\Android\sdk\build-tools\23.0.0\lib\dx.jar
Launcher Type: SUN_STANDARD

Environment Variables:
PATH=C:\ProgramData\Oracle\Java\javapath;C:\Windows\system32;C:\Windows;C:\Windows\System32\Wbem;C:\Windows\System32\WindowsPowerShell\v1.0\;C:\Program Files (x86)\Skype\Phone\;C:\Program Files (x86)\MiKTeX 2.9\miktex\bin\;C:\Program Files (x86)\MiKTeX 2.9\miktex\bin;C:\Program Files\Java\jdk1.8.0_65\bin;C:\Program Files\Java\jre1.8.0_65\bin;%SystemRoot%\system32;%SystemRoot%;%SystemRoot%\System32\Wbem;%SYSTEMROOT%\System32\WindowsPowerShell\v1.0\;C:\Program Files (x86)\Google\Chrome\Application;C:\ProgramData\Oracle\Java\javapath;C:\Windows\system32;C:\Windows;C:\Windows\System32\Wbem;C:\Windows\System32\WindowsPowerShell\v1.0\;C:\Program Files (x86)\Skype\Phone\;C:\Program Files (x86)\MiKTeX 2.9\miktex\bin\;C:\Program Files (x86)\MiKTeX 2.9\miktex\bin;C:\Program Files\Java\jdk1.8.0_65\bin;C:\Program Files\Java\jre1.8.0_65\bin;C:\Users\hello\AppData\Local\Programs\Git\cmd
USERNAME=hello
OS=Windows_NT
PROCESSOR_IDENTIFIER=AMD64 Family 21 Model 16 Stepping 1, AuthenticAMD



---------------  S Y S T E M  ---------------

OS: Windows 10.0 , 64 bit Build 10586 (10.0.10586.0)

CPU:total 4 (4 cores per cpu, 1 threads per core) family 21 model 16 stepping 1, cmov, cx8, fxsr, mmx, sse, sse2, sse3, ssse3, sse4.1, sse4.2, popcnt, avx, aes, clmul, mmxext, 3dnowpref, lzcnt, sse4a, tsc, tscinvbit, tscinv, bmi1

Memory: 4k page, physical 3346696k(53076k free), swap 13832456k(8112k free)

vm_info: Java HotSpot(TM) 64-Bit Server VM (25.65-b01) for windows-amd64 JRE (1.8.0_65-b17), built on Oct  6 2015 16:39:20 by "java_re" with MS VC++ 10.0 (VS2010)

time: Thu Dec 24 14:14:11 2015
elapsed time: 18 seconds (0d 0h 0m 18s)

