#
# There is insufficient memory for the Java Runtime Environment to continue.
# Native memory allocation (malloc) failed to allocate 422816 bytes for Chunk::new
# Possible reasons:
#   The system is out of physical RAM or swap space
#   In 32 bit mode, the process size limit was hit
# Possible solutions:
#   Reduce memory load on the system
#   Increase physical memory or swap space
#   Check if swap backing store is full
#   Use 64 bit Java on a 64 bit OS
#   Decrease Java heap size (-Xmx/-Xms)
#   Decrease number of Java threads
#   Decrease Java thread stack sizes (-Xss)
#   Set larger code cache with -XX:ReservedCodeCacheSize=
# This output file may be truncated or incomplete.
#
#  Out of Memory Error (allocation.cpp:390), pid=27716, tid=25064
#
# JRE version: Java(TM) SE Runtime Environment (8.0_65-b17) (build 1.8.0_65-b17)
# Java VM: Java HotSpot(TM) 64-Bit Server VM (25.65-b01 mixed mode windows-amd64 compressed oops)
# Failed to write core dump. Minidumps are not enabled by default on client versions of Windows
#

---------------  T H R E A D  ---------------

Current thread (0x0000000014a1d000):  JavaThread "C2 CompilerThread1" daemon [_thread_in_native, id=25064, stack(0x0000000016150000,0x0000000016250000)]

Stack: [0x0000000016150000,0x0000000016250000]
[error occurred during error reporting (printing stack bounds), id 0xc0000005]

Native frames: (J=compiled Java code, j=interpreted, Vv=VM code, C=native code)


Current CompileTask:
C2:   2503 1069       4       com.android.dx.ssa.SCCP::simulateStmt (481 bytes)


---------------  P R O C E S S  ---------------

Java Threads: ( => current thread )
  0x00000000165ca800 JavaThread "pool-1-thread-4" [_thread_blocked, id=24280, stack(0x0000000016d50000,0x0000000016e50000)]
  0x00000000165c9000 JavaThread "pool-1-thread-3" [_thread_blocked, id=25764, stack(0x0000000016c50000,0x0000000016d50000)]
  0x00000000165c1000 JavaThread "pool-1-thread-2" [_thread_blocked, id=27272, stack(0x0000000016b50000,0x0000000016c50000)]
  0x00000000165be000 JavaThread "pool-2-thread-1" [_thread_blocked, id=24060, stack(0x0000000016a50000,0x0000000016b50000)]
  0x00000000165ba800 JavaThread "pool-1-thread-1" [_thread_blocked, id=28572, stack(0x0000000016950000,0x0000000016a50000)]
  0x000000001636d800 JavaThread "Service Thread" daemon [_thread_blocked, id=26356, stack(0x0000000016750000,0x0000000016850000)]
  0x0000000014a79800 JavaThread "C1 CompilerThread2" daemon [_thread_blocked, id=22024, stack(0x0000000016250000,0x0000000016350000)]
=>0x0000000014a1d000 JavaThread "C2 CompilerThread1" daemon [_thread_in_native, id=25064, stack(0x0000000016150000,0x0000000016250000)]
  0x0000000014a1a000 JavaThread "C2 CompilerThread0" daemon [_thread_blocked, id=17080, stack(0x0000000016050000,0x0000000016150000)]
  0x0000000014a18800 JavaThread "Attach Listener" daemon [_thread_blocked, id=5280, stack(0x0000000015f50000,0x0000000016050000)]
  0x0000000014a17000 JavaThread "Signal Dispatcher" daemon [_thread_blocked, id=3696, stack(0x0000000015e50000,0x0000000015f50000)]
  0x00000000149e9800 JavaThread "Finalizer" daemon [_thread_blocked, id=28628, stack(0x0000000015c70000,0x0000000015d70000)]
  0x0000000002340800 JavaThread "Reference Handler" daemon [_thread_blocked, id=23076, stack(0x0000000015b70000,0x0000000015c70000)]
  0x0000000002250800 JavaThread "main" [_thread_in_Java, id=25696, stack(0x0000000002150000,0x0000000002250000)]

Other Threads:
  0x00000000149e8000 VMThread [stack: 0x0000000015a70000,0x0000000015b70000] [id=21544]
  0x0000000016372800 WatcherThread [stack: 0x0000000016850000,0x0000000016950000] [id=23816]

VM state:synchronizing (normal execution)

VM Mutex/Monitor currently owned by a thread:  ([mutex/lock_event])
[0x000000000090c360] Safepoint_lock - owner thread: 0x00000000149e8000
[0x000000000090c5e0] Threads_lock - owner thread: 0x00000000149e8000
[0x000000000090d970] CompiledIC_lock - owner thread: 0x00000000165ba800

Heap:
 PSYoungGen      total 15360K, used 14577K [0x00000000eab00000, 0x00000000ec900000, 0x0000000100000000)
  eden space 13312K, 94% used [0x00000000eab00000,0x00000000eb73eac0,0x00000000eb800000)
  from space 2048K, 99% used [0x00000000eb800000,0x00000000eb9fdc60,0x00000000eba00000)
  to   space 2048K, 0% used [0x00000000ec700000,0x00000000ec700000,0x00000000ec900000)
 ParOldGen       total 35840K, used 2037K [0x00000000c0000000, 0x00000000c2300000, 0x00000000eab00000)
  object space 35840K, 5% used [0x00000000c0000000,0x00000000c01fd568,0x00000000c2300000)
 Metaspace       used 5779K, capacity 6832K, committed 7040K, reserved 1056768K
  class space    used 585K, capacity 616K, committed 640K, reserved 1048576K

Card table byte_map: [0x0000000011710000,0x0000000011920000] byte_map_base: 0x0000000011110000

Marking Bits: (ParMarkBitMap*) 0x000000007349a5b0
 Begin Bits: [0x0000000011e80000, 0x0000000012e80000)
 End Bits:   [0x0000000012e80000, 0x0000000013e80000)

Polling page: 0x0000000000520000

CodeCache: size=245760Kb used=4453Kb max_used=4453Kb free=241306Kb
 bounds [0x0000000002350000, 0x00000000027b0000, 0x0000000011350000]
 total_blobs=1362 nmethods=1094 adapters=182
 compilation: enabled

Compilation events (10 events):
Event: 2.448 Thread 0x0000000014a79800 nmethod 1080 0x000000000278eb90 code [0x000000000278ece0, 0x000000000278ee50]
Event: 2.448 Thread 0x0000000014a79800 1081       3       com.android.dx.cf.direct.AttributeListParser::getList (9 bytes)
Event: 2.448 Thread 0x0000000014a79800 nmethod 1081 0x000000000278e710 code [0x000000000278e880, 0x000000000278eac8]
Event: 2.458 Thread 0x0000000014a79800 1082       3       com.android.dx.rop.type.Type::internClassName (56 bytes)
Event: 2.460 Thread 0x0000000014a79800 nmethod 1082 0x000000000278a210 code [0x000000000278a460, 0x000000000278b358]
Event: 2.461 Thread 0x0000000014a79800 1083       3       com.android.dx.rop.type.Prototype::<init> (67 bytes)
Event: 2.462 Thread 0x0000000014a79800 nmethod 1083 0x0000000002789990 code [0x0000000002789b40, 0x000000000278a028]
Event: 2.462 Thread 0x0000000014a79800 1084   !   3       com.android.dx.rop.type.Prototype::putIntern (50 bytes)
Event: 2.463 Thread 0x0000000014a79800 nmethod 1084 0x0000000002795410 code [0x0000000002795600, 0x00000000027960d8]
Event: 2.465 Thread 0x0000000014a79800 1085       3       com.android.dx.cf.code.BaseMachine::popArgs (137 bytes)

GC Heap History (2 events):
Event: 1.501 GC heap before
{Heap before GC invocations=1 (full 0):
 PSYoungGen      total 15360K, used 13312K [0x00000000eab00000, 0x00000000ebc00000, 0x0000000100000000)
  eden space 13312K, 100% used [0x00000000eab00000,0x00000000eb800000,0x00000000eb800000)
  from space 2048K, 0% used [0x00000000eba00000,0x00000000eba00000,0x00000000ebc00000)
  to   space 2048K, 0% used [0x00000000eb800000,0x00000000eb800000,0x00000000eba00000)
 ParOldGen       total 35840K, used 0K [0x00000000c0000000, 0x00000000c2300000, 0x00000000eab00000)
  object space 35840K, 0% used [0x00000000c0000000,0x00000000c0000000,0x00000000c2300000)
 Metaspace       used 5573K, capacity 6640K, committed 6784K, reserved 1056768K
  class space    used 582K, capacity 616K, committed 640K, reserved 1048576K
Event: 1.603 GC heap after
Heap after GC invocations=1 (full 0):
 PSYoungGen      total 15360K, used 2039K [0x00000000eab00000, 0x00000000ec900000, 0x0000000100000000)
  eden space 13312K, 0% used [0x00000000eab00000,0x00000000eab00000,0x00000000eb800000)
  from space 2048K, 99% used [0x00000000eb800000,0x00000000eb9fdc60,0x00000000eba00000)
  to   space 2048K, 0% used [0x00000000ec700000,0x00000000ec700000,0x00000000ec900000)
 ParOldGen       total 35840K, used 2037K [0x00000000c0000000, 0x00000000c2300000, 0x00000000eab00000)
  object space 35840K, 5% used [0x00000000c0000000,0x00000000c01fd568,0x00000000c2300000)
 Metaspace       used 5573K, capacity 6640K, committed 6784K, reserved 1056768K
  class space    used 582K, capacity 616K, committed 640K, reserved 1048576K
}

Deoptimization events (4 events):
Event: 1.626 Thread 0x00000000165ca800 Uncommon trap: reason=unstable_if action=reinterpret pc=0x0000000002647ca4 method=java.util.HashMap.getNode(ILjava/lang/Object;)Ljava/util/HashMap$Node; @ 129
Event: 1.631 Thread 0x00000000165ca800 Uncommon trap: reason=unstable_if action=reinterpret pc=0x00000000025836e8 method=java.util.HashMap.getNode(ILjava/lang/Object;)Ljava/util/HashMap$Node; @ 129
Event: 1.637 Thread 0x00000000165c9000 Uncommon trap: reason=unstable_if action=reinterpret pc=0x0000000002554028 method=java.util.HashMap.getNode(ILjava/lang/Object;)Ljava/util/HashMap$Node; @ 129
Event: 1.676 Thread 0x00000000165c1000 Uncommon trap: reason=unstable_if action=reinterpret pc=0x000000000264eff8 method=com.android.dx.cf.code.Ropper.labelToResultIndex(I)I @ 34

Internal exceptions (2 events):
Event: 0.126 Thread 0x0000000002250800 Exception <a 'java/lang/NoSuchMethodError': Method sun.misc.Unsafe.defineClass(Ljava/lang/String;[BII)Ljava/lang/Class; name or signature does not match> (0x00000000eab0d878) thrown at [C:\workspace\8-2-build-windows-amd64-cygwin\jdk8u65\4987\hotspot\src\s×ž¤À?
Event: 0.126 Thread 0x0000000002250800 Exception <a 'java/lang/NoSuchMethodError': Method sun.misc.Unsafe.prefetchRead(Ljava/lang/Object;J)V name or signature does not match> (0x00000000eab0db60) thrown at [C:\workspace\8-2-build-windows-amd64-cygwin\jdk8u65\4987\hotspot\src\share\vm\prims\jni.

Events (10 events):
Event: 2.095 Thread 0x00000000165c9000 DEOPT PACKING pc=0x00000000026a4202 sp=0x0000000016d4e760
Event: 2.095 Thread 0x00000000165c9000 DEOPT UNPACKING pc=0x000000000239747f sp=0x0000000016d4e4c8 mode 0
Event: 2.450 loading class com/android/dx/cf/attrib/AttEnclosingMethod
Event: 2.450 loading class com/android/dx/cf/attrib/AttEnclosingMethod done
Event: 2.452 loading class com/android/dx/cf/direct/AnnotationParser
Event: 2.452 loading class com/android/dx/cf/direct/AnnotationParser done
Event: 2.456 loading class com/android/dx/cf/attrib/AttRuntimeInvisibleAnnotations
Event: 2.456 loading class com/android/dx/cf/attrib/AttRuntimeInvisibleAnnotations done
Event: 2.456 loading class com/android/dx/cf/attrib/BaseAnnotations
Event: 2.456 loading class com/android/dx/cf/attrib/BaseAnnotations done


Dynamic libraries:
0x00007ff673fa0000 - 0x00007ff673fd7000 	C:\Program Files\Java\jdk1.8.0_65\bin\java.exe
0x00007ff861410000 - 0x00007ff8615d1000 	C:\WINDOWS\SYSTEM32\ntdll.dll
0x00007ff860920000 - 0x00007ff8609cd000 	C:\WINDOWS\system32\KERNEL32.DLL
0x00007ff85dba0000 - 0x00007ff85dd88000 	C:\WINDOWS\system32\KERNELBASE.dll
0x00007ff860410000 - 0x00007ff8604b7000 	C:\WINDOWS\system32\ADVAPI32.dll
0x00007ff860520000 - 0x00007ff8605bd000 	C:\WINDOWS\system32\msvcrt.dll
0x00007ff85e810000 - 0x00007ff85e86b000 	C:\WINDOWS\system32\sechost.dll
0x00007ff860790000 - 0x00007ff8608ac000 	C:\WINDOWS\system32\RPCRT4.dll
0x00007ff860140000 - 0x00007ff860296000 	C:\WINDOWS\system32\USER32.dll
0x00007ff85ffa0000 - 0x00007ff860126000 	C:\WINDOWS\system32\GDI32.dll
0x00007ff850590000 - 0x00007ff850804000 	C:\WINDOWS\WinSxS\amd64_microsoft.windows.common-controls_6595b64144ccf1df_6.0.10586.0_none_8c15ae12515e1c22\COMCTL32.dll
0x00007ff860d40000 - 0x00007ff860fbd000 	C:\WINDOWS\system32\combase.dll
0x00007ff85e520000 - 0x00007ff85e58a000 	C:\WINDOWS\system32\bcryptPrimitives.dll
0x00007ff860300000 - 0x00007ff86033b000 	C:\WINDOWS\system32\IMM32.DLL
0x0000000072bb0000 - 0x0000000072c82000 	C:\Program Files\Java\jdk1.8.0_65\jre\bin\msvcr100.dll
0x0000000072c90000 - 0x0000000073519000 	C:\Program Files\Java\jdk1.8.0_65\jre\bin\server\jvm.dll
0x00007ff860130000 - 0x00007ff860138000 	C:\WINDOWS\system32\PSAPI.DLL
0x00007ff859680000 - 0x00007ff859689000 	C:\WINDOWS\SYSTEM32\WSOCK32.dll
0x00007ff860720000 - 0x00007ff86078b000 	C:\WINDOWS\system32\WS2_32.dll
0x00007ff85b6d0000 - 0x00007ff85b6f3000 	C:\WINDOWS\SYSTEM32\WINMM.dll
0x00007ff85b240000 - 0x00007ff85b24a000 	C:\WINDOWS\SYSTEM32\VERSION.dll
0x00007ff85b670000 - 0x00007ff85b69c000 	C:\WINDOWS\SYSTEM32\WINMMBASE.dll
0x00007ff85e4d0000 - 0x00007ff85e513000 	C:\WINDOWS\system32\cfgmgr32.dll
0x0000000072ba0000 - 0x0000000072baf000 	C:\Program Files\Java\jdk1.8.0_65\jre\bin\verify.dll
0x0000000072b70000 - 0x0000000072b99000 	C:\Program Files\Java\jdk1.8.0_65\jre\bin\java.dll
0x0000000072b50000 - 0x0000000072b66000 	C:\Program Files\Java\jdk1.8.0_65\jre\bin\zip.dll
0x00007ff85ea40000 - 0x00007ff85ff9f000 	C:\WINDOWS\system32\SHELL32.dll
0x00007ff85dd90000 - 0x00007ff85e3d4000 	C:\WINDOWS\system32\windows.storage.dll
0x00007ff8608c0000 - 0x00007ff860912000 	C:\WINDOWS\system32\shlwapi.dll
0x00007ff85dab0000 - 0x00007ff85dabf000 	C:\WINDOWS\system32\kernel.appcore.dll
0x00007ff85dac0000 - 0x00007ff85db75000 	C:\WINDOWS\system32\shcore.dll
0x00007ff85da60000 - 0x00007ff85daab000 	C:\WINDOWS\system32\powrprof.dll
0x00007ff85da30000 - 0x00007ff85da44000 	C:\WINDOWS\system32\profapi.dll

VM Arguments:
jvm_args: -Djava.awt.headless=true -Xmx1024M -Dfile.encoding=windows-1252 -Duser.country=GB -Duser.language=en -Duser.variant 
java_command: com.android.dx.command.Main --dex --num-threads=4 --output C:\Users\hello\AndroidStudioProjects\TrafficLightMania\app\build\intermediates\pre-dexed\release\com.google.android.gms-play-services-measurement-8.4.0_ea2e1c4914680e57429618143f329997c86b1125.jar C:\Users\hello\AndroidStudioProjects\TrafficLightMania\app\build\intermediates\exploded-aar\com.google.android.gms\play-services-measurement\8.4.0\jars\classes.jar
java_class_path (initial): C:\Users\hello\AppData\Local\Android\sdk\build-tools\23.0.0\lib\dx.jar
Launcher Type: SUN_STANDARD

Environment Variables:
PATH=C:\ProgramData\Oracle\Java\javapath;C:\Windows\system32;C:\Windows;C:\Windows\System32\Wbem;C:\Windows\System32\WindowsPowerShell\v1.0\;C:\Program Files (x86)\Skype\Phone\;C:\Program Files (x86)\MiKTeX 2.9\miktex\bin\;C:\Program Files (x86)\MiKTeX 2.9\miktex\bin;C:\Program Files\Java\jdk1.8.0_65\bin;C:\Program Files\Java\jre1.8.0_65\bin;%SystemRoot%\system32;%SystemRoot%;%SystemRoot%\System32\Wbem;%SYSTEMROOT%\System32\WindowsPowerShell\v1.0\;C:\Program Files (x86)\Google\Chrome\Application;C:\ProgramData\Oracle\Java\javapath;C:\Windows\system32;C:\Windows;C:\Windows\System32\Wbem;C:\Windows\System32\WindowsPowerShell\v1.0\;C:\Program Files (x86)\Skype\Phone\;C:\Program Files (x86)\MiKTeX 2.9\miktex\bin\;C:\Program Files (x86)\MiKTeX 2.9\miktex\bin;C:\Program Files\Java\jdk1.8.0_65\bin;C:\Program Files\Java\jre1.8.0_65\bin;C:\Users\hello\AppData\Local\Programs\Git\cmd
USERNAME=hello
OS=Windows_NT
PROCESSOR_IDENTIFIER=AMD64 Family 21 Model 16 Stepping 1, AuthenticAMD



---------------  S Y S T E M  ---------------

OS: Windows 10.0 , 64 bit Build 10586 (10.0.10586.0)

CPU:total 4 (4 cores per cpu, 1 threads per core) family 21 model 16 stepping 1, cmov, cx8, fxsr, mmx, sse, sse2, sse3, ssse3, sse4.1, sse4.2, popcnt, avx, aes, clmul, mmxext, 3dnowpref, lzcnt, sse4a, tsc, tscinvbit, tscinv, bmi1

Memory: 4k page, physical 3346696k(169352k free), swap 13832456k(6300k free)

vm_info: Java HotSpot(TM) 64-Bit Server VM (25.65-b01) for windows-amd64 JRE (1.8.0_65-b17), built on Oct  6 2015 16:39:20 by "java_re" with MS VC++ 10.0 (VS2010)

time: Thu Dec 24 13:30:59 2015
elapsed time: 2 seconds (0d 0h 0m 2s)

