#
# There is insufficient memory for the Java Runtime Environment to continue.
# Native memory allocation (malloc) failed to allocate 1609136 bytes for Chunk::new
# Possible reasons:
#   The system is out of physical RAM or swap space
#   In 32 bit mode, the process size limit was hit
# Possible solutions:
#   Reduce memory load on the system
#   Increase physical memory or swap space
#   Check if swap backing store is full
#   Use 64 bit Java on a 64 bit OS
#   Decrease Java heap size (-Xmx/-Xms)
#   Decrease number of Java threads
#   Decrease Java thread stack sizes (-Xss)
#   Set larger code cache with -XX:ReservedCodeCacheSize=
# This output file may be truncated or incomplete.
#
#  Out of Memory Error (allocation.cpp:390), pid=26868, tid=17296
#
# JRE version: Java(TM) SE Runtime Environment (8.0_65-b17) (build 1.8.0_65-b17)
# Java VM: Java HotSpot(TM) 64-Bit Server VM (25.65-b01 mixed mode windows-amd64 compressed oops)
# Failed to write core dump. Minidumps are not enabled by default on client versions of Windows
#

---------------  T H R E A D  ---------------

Current thread (0x0000000014af1000):  JavaThread "C2 CompilerThread1" daemon [_thread_in_native, id=17296, stack(0x0000000016150000,0x0000000016250000)]

Stack: [0x0000000016150000,0x0000000016250000]
[error occurred during error reporting (printing stack bounds), id 0xc0000005]

Native frames: (J=compiled Java code, j=interpreted, Vv=VM code, C=native code)


Current CompileTask:
C2:  15762 2174       4       com.android.dx.dex.file.DexFile::internIfAppropriate (128 bytes)


---------------  P R O C E S S  ---------------

Java Threads: ( => current thread )
  0x000000001637e000 JavaThread "Service Thread" daemon [_thread_blocked, id=15132, stack(0x0000000016750000,0x0000000016850000)]
  0x0000000014b41000 JavaThread "C1 CompilerThread2" daemon [_thread_in_native, id=19200, stack(0x0000000016250000,0x0000000016350000)]
=>0x0000000014af1000 JavaThread "C2 CompilerThread1" daemon [_thread_in_native, id=17296, stack(0x0000000016150000,0x0000000016250000)]
  0x0000000014aeb000 JavaThread "C2 CompilerThread0" daemon [_thread_in_native, id=25712, stack(0x0000000016050000,0x0000000016150000)]
  0x0000000014ae9800 JavaThread "Attach Listener" daemon [_thread_blocked, id=28668, stack(0x0000000015f50000,0x0000000016050000)]
  0x0000000014ae8000 JavaThread "Signal Dispatcher" daemon [_thread_blocked, id=28260, stack(0x0000000015e50000,0x0000000015f50000)]
  0x0000000002417800 JavaThread "Finalizer" daemon [_thread_blocked, id=27336, stack(0x0000000015d50000,0x0000000015e50000)]
  0x000000000240f000 JavaThread "Reference Handler" daemon [_thread_blocked, id=2660, stack(0x0000000015c50000,0x0000000015d50000)]
  0x0000000002320800 JavaThread "main" [_thread_in_Java, id=27164, stack(0x0000000002220000,0x0000000002320000)]

Other Threads:
  0x0000000014ab8000 VMThread [stack: 0x0000000015b50000,0x0000000015c50000] [id=27192]
  0x0000000016387000 WatcherThread [stack: 0x0000000016850000,0x0000000016950000] [id=25920]

VM state:not at safepoint (normal execution)

VM Mutex/Monitor currently owned by a thread: None

Heap:
 PSYoungGen      total 163328K, used 94528K [0x00000000eab00000, 0x00000000fa100000, 0x0000000100000000)
  eden space 142336K, 51% used [0x00000000eab00000,0x00000000ef2d13d0,0x00000000f3600000)
  from space 20992K, 99% used [0x00000000f8c80000,0x00000000fa0fed20,0x00000000fa100000)
  to   space 25088K, 0% used [0x00000000f7000000,0x00000000f7000000,0x00000000f8880000)
 ParOldGen       total 69632K, used 37053K [0x00000000c0000000, 0x00000000c4400000, 0x00000000eab00000)
  object space 69632K, 53% used [0x00000000c0000000,0x00000000c242f460,0x00000000c4400000)
 Metaspace       used 6728K, capacity 7512K, committed 7680K, reserved 1056768K
  class space    used 634K, capacity 656K, committed 768K, reserved 1048576K

Card table byte_map: [0x00000000117e0000,0x00000000119f0000] byte_map_base: 0x00000000111e0000

Marking Bits: (ParMarkBitMap*) 0x000000007349a5b0
 Begin Bits: [0x0000000011f50000, 0x0000000012f50000)
 End Bits:   [0x0000000012f50000, 0x0000000013f50000)

Polling page: 0x0000000000510000

CodeCache: size=245760Kb used=10136Kb max_used=10136Kb free=235623Kb
 bounds [0x0000000002420000, 0x0000000002e10000, 0x0000000011420000]
 total_blobs=2605 nmethods=2336 adapters=182
 compilation: enabled

Compilation events (10 events):
Event: 15.732 Thread 0x0000000014b41000 2363 %     3       com.android.dx.dex.code.OutputFinisher::massageInstructions @ 17 (89 bytes)
Event: 15.734 Thread 0x0000000014b41000 nmethod 2363% 0x0000000002e028d0 code [0x0000000002e02b20, 0x0000000002e03838]
Event: 15.734 Thread 0x0000000014b41000 2367       2       com.android.dx.dex.code.LocalList$MakeState::finish (151 bytes)
Event: 15.736 Thread 0x0000000014b41000 nmethod 2367 0x0000000002e04190 code [0x0000000002e043c0, 0x0000000002e04d08]
Event: 15.736 Thread 0x0000000014b41000 2364       2       com.android.dx.dex.code.DalvCode::finishProcessingIfNecessary (69 bytes)
Event: 15.737 Thread 0x0000000014b41000 nmethod 2364 0x0000000002e05690 code [0x0000000002e05820, 0x0000000002e05af8]
Event: 15.737 Thread 0x0000000014b41000 2366       2       java.util.ArrayList::toArray (60 bytes)
Event: 15.737 Thread 0x0000000014b41000 nmethod 2366 0x0000000002e05c50 code [0x0000000002e05dc0, 0x0000000002e06138]
Event: 15.737 Thread 0x0000000014b41000 2368       1       com.android.dx.dex.code.form.Form10x::codeSize (2 bytes)
Event: 15.737 Thread 0x0000000014b41000 nmethod 2368 0x0000000002e06250 code [0x0000000002e063a0, 0x0000000002e064b0]

GC Heap History (10 events):
Event: 6.747 GC heap before
{Heap before GC invocations=5 (full 0):
 PSYoungGen      total 55296K, used 55277K [0x00000000eab00000, 0x00000000ee300000, 0x0000000100000000)
  eden space 53248K, 100% used [0x00000000eab00000,0x00000000edf00000,0x00000000edf00000)
  from space 2048K, 99% used [0x00000000ee100000,0x00000000ee2fb790,0x00000000ee300000)
  to   space 2048K, 0% used [0x00000000edf00000,0x00000000edf00000,0x00000000ee100000)
 ParOldGen       total 35840K, used 13037K [0x00000000c0000000, 0x00000000c2300000, 0x00000000eab00000)
  object space 35840K, 36% used [0x00000000c0000000,0x00000000c0cbb658,0x00000000c2300000)
 Metaspace       used 6173K, capacity 7088K, committed 7296K, reserved 1056768K
  class space    used 595K, capacity 616K, committed 640K, reserved 1048576K
Event: 6.817 GC heap after
Heap after GC invocations=5 (full 0):
 PSYoungGen      total 55296K, used 2044K [0x00000000eab00000, 0x00000000f2800000, 0x0000000100000000)
  eden space 53248K, 0% used [0x00000000eab00000,0x00000000eab00000,0x00000000edf00000)
  from space 2048K, 99% used [0x00000000edf00000,0x00000000ee0ff200,0x00000000ee100000)
  to   space 10752K, 0% used [0x00000000f1d80000,0x00000000f1d80000,0x00000000f2800000)
 ParOldGen       total 35840K, used 21795K [0x00000000c0000000, 0x00000000c2300000, 0x00000000eab00000)
  object space 35840K, 60% used [0x00000000c0000000,0x00000000c1548ec8,0x00000000c2300000)
 Metaspace       used 6173K, capacity 7088K, committed 7296K, reserved 1056768K
  class space    used 595K, capacity 616K, committed 640K, reserved 1048576K
}
Event: 7.976 GC heap before
{Heap before GC invocations=6 (full 0):
 PSYoungGen      total 55296K, used 55292K [0x00000000eab00000, 0x00000000f2800000, 0x0000000100000000)
  eden space 53248K, 100% used [0x00000000eab00000,0x00000000edf00000,0x00000000edf00000)
  from space 2048K, 99% used [0x00000000edf00000,0x00000000ee0ff200,0x00000000ee100000)
  to   space 10752K, 0% used [0x00000000f1d80000,0x00000000f1d80000,0x00000000f2800000)
 ParOldGen       total 35840K, used 21795K [0x00000000c0000000, 0x00000000c2300000, 0x00000000eab00000)
  object space 35840K, 60% used [0x00000000c0000000,0x00000000c1548ec8,0x00000000c2300000)
 Metaspace       used 6309K, capacity 7192K, committed 7424K, reserved 1056768K
  class space    used 616K, capacity 656K, committed 768K, reserved 1048576K
Event: 8.049 GC heap after
Heap after GC invocations=6 (full 0):
 PSYoungGen      total 115712K, used 10506K [0x00000000eab00000, 0x00000000f2b00000, 0x0000000100000000)
  eden space 104960K, 0% used [0x00000000eab00000,0x00000000eab00000,0x00000000f1180000)
  from space 10752K, 97% used [0x00000000f1d80000,0x00000000f27c2b00,0x00000000f2800000)
  to   space 12288K, 0% used [0x00000000f1180000,0x00000000f1180000,0x00000000f1d80000)
 ParOldGen       total 35840K, used 21795K [0x00000000c0000000, 0x00000000c2300000, 0x00000000eab00000)
  object space 35840K, 60% used [0x00000000c0000000,0x00000000c1548ec8,0x00000000c2300000)
 Metaspace       used 6309K, capacity 7192K, committed 7424K, reserved 1056768K
  class space    used 616K, capacity 656K, committed 768K, reserved 1048576K
}
Event: 10.115 GC heap before
{Heap before GC invocations=7 (full 0):
 PSYoungGen      total 115712K, used 115466K [0x00000000eab00000, 0x00000000f2b00000, 0x0000000100000000)
  eden space 104960K, 100% used [0x00000000eab00000,0x00000000f1180000,0x00000000f1180000)
  from space 10752K, 97% used [0x00000000f1d80000,0x00000000f27c2b00,0x00000000f2800000)
  to   space 12288K, 0% used [0x00000000f1180000,0x00000000f1180000,0x00000000f1d80000)
 ParOldGen       total 35840K, used 21795K [0x00000000c0000000, 0x00000000c2300000, 0x00000000eab00000)
  object space 35840K, 60% used [0x00000000c0000000,0x00000000c1548ec8,0x00000000c2300000)
 Metaspace       used 6387K, capacity 7256K, committed 7424K, reserved 1056768K
  class space    used 616K, capacity 656K, committed 768K, reserved 1048576K
Event: 10.310 GC heap after
Heap after GC invocations=7 (full 0):
 PSYoungGen      total 117248K, used 12285K [0x00000000eab00000, 0x00000000fa100000, 0x0000000100000000)
  eden space 104960K, 0% used [0x00000000eab00000,0x00000000eab00000,0x00000000f1180000)
  from space 12288K, 99% used [0x00000000f1180000,0x00000000f1d7f420,0x00000000f1d80000)
  to   space 20992K, 0% used [0x00000000f8c80000,0x00000000f8c80000,0x00000000fa100000)
 ParOldGen       total 35840K, used 34675K [0x00000000c0000000, 0x00000000c2300000, 0x00000000eab00000)
  object space 35840K, 96% used [0x00000000c0000000,0x00000000c21dce40,0x00000000c2300000)
 Metaspace       used 6387K, capacity 7256K, committed 7424K, reserved 1056768K
  class space    used 616K, capacity 656K, committed 768K, reserved 1048576K
}
Event: 10.310 GC heap before
{Heap before GC invocations=8 (full 1):
 PSYoungGen      total 117248K, used 12285K [0x00000000eab00000, 0x00000000fa100000, 0x0000000100000000)
  eden space 104960K, 0% used [0x00000000eab00000,0x00000000eab00000,0x00000000f1180000)
  from space 12288K, 99% used [0x00000000f1180000,0x00000000f1d7f420,0x00000000f1d80000)
  to   space 20992K, 0% used [0x00000000f8c80000,0x00000000f8c80000,0x00000000fa100000)
 ParOldGen       total 35840K, used 34675K [0x00000000c0000000, 0x00000000c2300000, 0x00000000eab00000)
  object space 35840K, 96% used [0x00000000c0000000,0x00000000c21dce40,0x00000000c2300000)
 Metaspace       used 6387K, capacity 7256K, committed 7424K, reserved 1056768K
  class space    used 616K, capacity 656K, committed 768K, reserved 1048576K
Event: 11.570 GC heap after
Heap after GC invocations=8 (full 1):
 PSYoungGen      total 117248K, used 7127K [0x00000000eab00000, 0x00000000fa100000, 0x0000000100000000)
  eden space 104960K, 0% used [0x00000000eab00000,0x00000000eab00000,0x00000000f1180000)
  from space 12288K, 58% used [0x00000000f1180000,0x00000000f1875e40,0x00000000f1d80000)
  to   space 20992K, 0% used [0x00000000f8c80000,0x00000000f8c80000,0x00000000fa100000)
 ParOldGen       total 69632K, used 35658K [0x00000000c0000000, 0x00000000c4400000, 0x00000000eab00000)
  object space 69632K, 51% used [0x00000000c0000000,0x00000000c22d2820,0x00000000c4400000)
 Metaspace       used 6387K, capacity 7256K, committed 7424K, reserved 1056768K
  class space    used 616K, capacity 656K, committed 768K, reserved 1048576K
}
Event: 12.750 GC heap before
{Heap before GC invocations=9 (full 1):
 PSYoungGen      total 117248K, used 112087K [0x00000000eab00000, 0x00000000fa100000, 0x0000000100000000)
  eden space 104960K, 100% used [0x00000000eab00000,0x00000000f1180000,0x00000000f1180000)
  from space 12288K, 58% used [0x00000000f1180000,0x00000000f1875e40,0x00000000f1d80000)
  to   space 20992K, 0% used [0x00000000f8c80000,0x00000000f8c80000,0x00000000fa100000)
 ParOldGen       total 69632K, used 35658K [0x00000000c0000000, 0x00000000c4400000, 0x00000000eab00000)
  object space 69632K, 51% used [0x00000000c0000000,0x00000000c22d2820,0x00000000c4400000)
 Metaspace       used 6418K, capacity 7256K, committed 7424K, reserved 1056768K
  class space    used 616K, capacity 656K, committed 768K, reserved 1048576K
Event: 12.863 GC heap after
Heap after GC invocations=9 (full 1):
 PSYoungGen      total 163328K, used 20987K [0x00000000eab00000, 0x00000000fa100000, 0x0000000100000000)
  eden space 142336K, 0% used [0x00000000eab00000,0x00000000eab00000,0x00000000f3600000)
  from space 20992K, 99% used [0x00000000f8c80000,0x00000000fa0fed20,0x00000000fa100000)
  to   space 25088K, 0% used [0x00000000f7000000,0x00000000f7000000,0x00000000f8880000)
 ParOldGen       total 69632K, used 37053K [0x00000000c0000000, 0x00000000c4400000, 0x00000000eab00000)
  object space 69632K, 53% used [0x00000000c0000000,0x00000000c242f460,0x00000000c4400000)
 Metaspace       used 6418K, capacity 7256K, committed 7424K, reserved 1056768K
  class space    used 616K, capacity 656K, committed 768K, reserved 1048576K
}

Deoptimization events (10 events):
Event: 14.155 Thread 0x0000000002320800 Uncommon trap: reason=class_check action=maybe_recompile pc=0x000000000291e744 method=java.util.Arrays.hashCode([Ljava/lang/Object;)I @ 43
Event: 14.155 Thread 0x0000000002320800 Uncommon trap: reason=class_check action=maybe_recompile pc=0x000000000291e744 method=java.util.Arrays.hashCode([Ljava/lang/Object;)I @ 43
Event: 14.156 Thread 0x0000000002320800 Uncommon trap: reason=class_check action=maybe_recompile pc=0x000000000291e744 method=java.util.Arrays.hashCode([Ljava/lang/Object;)I @ 43
Event: 14.156 Thread 0x0000000002320800 Uncommon trap: reason=class_check action=maybe_recompile pc=0x000000000291e744 method=java.util.Arrays.hashCode([Ljava/lang/Object;)I @ 43
Event: 14.156 Thread 0x0000000002320800 Uncommon trap: reason=class_check action=maybe_recompile pc=0x0000000002905f70 method=java.util.Arrays.hashCode([Ljava/lang/Object;)I @ 43
Event: 14.256 Thread 0x0000000002320800 Uncommon trap: reason=class_check action=maybe_recompile pc=0x000000000293288c method=java.util.HashMap.putVal(ILjava/lang/Object;Ljava/lang/Object;ZZ)Ljava/lang/Object; @ 203
Event: 15.462 Thread 0x0000000002320800 Uncommon trap: reason=class_check action=maybe_recompile pc=0x000000000276a2fc method=java.util.Arrays.equals([Ljava/lang/Object;[Ljava/lang/Object;)Z @ 62
Event: 15.462 Thread 0x0000000002320800 Uncommon trap: reason=class_check action=maybe_recompile pc=0x000000000276a2fc method=java.util.Arrays.equals([Ljava/lang/Object;[Ljava/lang/Object;)Z @ 62
Event: 15.462 Thread 0x0000000002320800 Uncommon trap: reason=unstable_if action=reinterpret pc=0x000000000276a2d8 method=java.util.Arrays.equals([Ljava/lang/Object;[Ljava/lang/Object;)Z @ 23
Event: 15.465 Thread 0x0000000002320800 Uncommon trap: reason=unstable_if action=reinterpret pc=0x0000000002d7cdfc method=java.util.TreeMap.put(Ljava/lang/Object;Ljava/lang/Object;)Ljava/lang/Object; @ 163

Internal exceptions (9 events):
Event: 0.319 Thread 0x0000000002320800 Exception <a 'java/lang/NoSuchMethodError': Method sun.misc.Unsafe.defineClass(Ljava/lang/String;[BII)Ljava/lang/Class; name or signature does not match> (0x00000000eab0d838) thrown at [C:\workspace\8-2-build-windows-amd64-cygwin\jdk8u65\4987\hotspot\src\s§%qHçe‘?
Event: 0.319 Thread 0x0000000002320800 Exception <a 'java/lang/NoSuchMethodError': Method sun.misc.Unsafe.prefetchRead(Ljava/lang/Object;J)V name or signature does not match> (0x00000000eab0db20) thrown at [C:\workspace\8-2-build-windows-amd64-cygwin\jdk8u65\4987\hotspot\src\share\vm\prims\jni.¥HÄ˝Ì!@
Event: 2.392 Thread 0x00000000165e4000 Implicit null exception at 0x000000000274bc5a to 0x000000000274d56d
Event: 6.184 Thread 0x00000000165e4000 Implicit null exception at 0x00000000027d9462 to 0x00000000027d9552
Event: 7.795 Thread 0x00000000165e4000 Exception <a 'java/lang/ArrayIndexOutOfBoundsException': 18> (0x00000000ed9250c8) thrown at [C:\workspace\8-2-build-windows-amd64-cygwin\jdk8u65\4987\hotspot\src\share\vm\interpreter\interpreterRuntime.cpp, line 366]
Event: 7.814 Thread 0x00000000165e4000 Exception <a 'java/lang/ArrayIndexOutOfBoundsException': 145> (0x00000000ed926c48) thrown at [C:\workspace\8-2-build-windows-amd64-cygwin\jdk8u65\4987\hotspot\src\share\vm\interpreter\interpreterRuntime.cpp, line 366]
Event: 7.908 Thread 0x00000000165e4000 Exception <a 'java/lang/ArrayIndexOutOfBoundsException'> (0x00000000ed927f30) thrown at [C:\workspace\8-2-build-windows-amd64-cygwin\jdk8u65\4987\hotspot\src\share\vm\runtime\sharedRuntime.cpp, line 605]
Event: 13.411 Thread 0x00000000165db000 Implicit null exception at 0x00000000029eb73b to 0x00000000029ec861
Event: 13.511 Thread 0x00000000165d3800 Implicit null exception at 0x00000000029e7640 to 0x00000000029e88cd

Events (10 events):
Event: 15.524 loading class com/android/dx/rop/code/RegisterSpecList$Expander
Event: 15.524 loading class com/android/dx/rop/code/RegisterSpecList$Expander done
Event: 15.645 Thread 0x0000000002320800 DEOPT PACKING pc=0x0000000002da53ee sp=0x000000000231f190
Event: 15.645 Thread 0x0000000002320800 DEOPT UNPACKING pc=0x000000000246747f sp=0x000000000231ef28 mode 0
Event: 15.670 Thread 0x0000000002320800 DEOPT PACKING pc=0x0000000002dba6f8 sp=0x000000000231f1d0
Event: 15.670 Thread 0x0000000002320800 DEOPT UNPACKING pc=0x000000000246747f sp=0x000000000231ef30 mode 0
Event: 15.712 Thread 0x0000000002320800 DEOPT PACKING pc=0x0000000002db6cb5 sp=0x000000000231f1a0
Event: 15.712 Thread 0x0000000002320800 DEOPT UNPACKING pc=0x000000000246747f sp=0x000000000231ef20 mode 0
Event: 15.721 Thread 0x0000000002320800 DEOPT PACKING pc=0x0000000002dc05b4 sp=0x000000000231f0b0
Event: 15.721 Thread 0x0000000002320800 DEOPT UNPACKING pc=0x000000000246747f sp=0x000000000231ef00 mode 0


Dynamic libraries:
0x00007ff673fa0000 - 0x00007ff673fd7000 	C:\Program Files\Java\jdk1.8.0_65\bin\java.exe
0x00007ff861410000 - 0x00007ff8615d1000 	C:\WINDOWS\SYSTEM32\ntdll.dll
0x00007ff860920000 - 0x00007ff8609cd000 	C:\WINDOWS\system32\KERNEL32.DLL
0x00007ff85dba0000 - 0x00007ff85dd88000 	C:\WINDOWS\system32\KERNELBASE.dll
0x00007ff860410000 - 0x00007ff8604b7000 	C:\WINDOWS\system32\ADVAPI32.dll
0x00007ff860520000 - 0x00007ff8605bd000 	C:\WINDOWS\system32\msvcrt.dll
0x00007ff85e810000 - 0x00007ff85e86b000 	C:\WINDOWS\system32\sechost.dll
0x00007ff860790000 - 0x00007ff8608ac000 	C:\WINDOWS\system32\RPCRT4.dll
0x00007ff860140000 - 0x00007ff860296000 	C:\WINDOWS\system32\USER32.dll
0x00007ff85ffa0000 - 0x00007ff860126000 	C:\WINDOWS\system32\GDI32.dll
0x00007ff850590000 - 0x00007ff850804000 	C:\WINDOWS\WinSxS\amd64_microsoft.windows.common-controls_6595b64144ccf1df_6.0.10586.0_none_8c15ae12515e1c22\COMCTL32.dll
0x00007ff860d40000 - 0x00007ff860fbd000 	C:\WINDOWS\system32\combase.dll
0x00007ff85e520000 - 0x00007ff85e58a000 	C:\WINDOWS\system32\bcryptPrimitives.dll
0x00007ff860300000 - 0x00007ff86033b000 	C:\WINDOWS\system32\IMM32.DLL
0x0000000072bb0000 - 0x0000000072c82000 	C:\Program Files\Java\jdk1.8.0_65\jre\bin\msvcr100.dll
0x0000000072c90000 - 0x0000000073519000 	C:\Program Files\Java\jdk1.8.0_65\jre\bin\server\jvm.dll
0x00007ff860130000 - 0x00007ff860138000 	C:\WINDOWS\system32\PSAPI.DLL
0x00007ff859680000 - 0x00007ff859689000 	C:\WINDOWS\SYSTEM32\WSOCK32.dll
0x00007ff860720000 - 0x00007ff86078b000 	C:\WINDOWS\system32\WS2_32.dll
0x00007ff85b6d0000 - 0x00007ff85b6f3000 	C:\WINDOWS\SYSTEM32\WINMM.dll
0x00007ff85b240000 - 0x00007ff85b24a000 	C:\WINDOWS\SYSTEM32\VERSION.dll
0x00007ff85b670000 - 0x00007ff85b69c000 	C:\WINDOWS\SYSTEM32\WINMMBASE.dll
0x00007ff85e4d0000 - 0x00007ff85e513000 	C:\WINDOWS\system32\cfgmgr32.dll
0x0000000072ba0000 - 0x0000000072baf000 	C:\Program Files\Java\jdk1.8.0_65\jre\bin\verify.dll
0x0000000072b70000 - 0x0000000072b99000 	C:\Program Files\Java\jdk1.8.0_65\jre\bin\java.dll
0x0000000072b50000 - 0x0000000072b66000 	C:\Program Files\Java\jdk1.8.0_65\jre\bin\zip.dll
0x00007ff85ea40000 - 0x00007ff85ff9f000 	C:\WINDOWS\system32\SHELL32.dll
0x00007ff85dd90000 - 0x00007ff85e3d4000 	C:\WINDOWS\system32\windows.storage.dll
0x00007ff8608c0000 - 0x00007ff860912000 	C:\WINDOWS\system32\shlwapi.dll
0x00007ff85dab0000 - 0x00007ff85dabf000 	C:\WINDOWS\system32\kernel.appcore.dll
0x00007ff85dac0000 - 0x00007ff85db75000 	C:\WINDOWS\system32\shcore.dll
0x00007ff85da60000 - 0x00007ff85daab000 	C:\WINDOWS\system32\powrprof.dll
0x00007ff85da30000 - 0x00007ff85da44000 	C:\WINDOWS\system32\profapi.dll

VM Arguments:
jvm_args: -Djava.awt.headless=true -Xmx1024M -Dfile.encoding=windows-1252 -Duser.country=GB -Duser.language=en -Duser.variant 
java_command: com.android.dx.command.Main --dex --num-threads=4 --output C:\Users\hello\AndroidStudioProjects\TrafficLightMania\app\build\intermediates\pre-dexed\release\com.android.support-support-v4-23.0.0_497b6fdef2b67e6599c579e9118b4697dac30ea1.jar C:\Users\hello\AndroidStudioProjects\TrafficLightMania\app\build\intermediates\exploded-aar\com.android.support\support-v4\23.0.0\jars\classes.jar
java_class_path (initial): C:\Users\hello\AppData\Local\Android\sdk\build-tools\23.0.0\lib\dx.jar
Launcher Type: SUN_STANDARD

Environment Variables:
PATH=C:\ProgramData\Oracle\Java\javapath;C:\Windows\system32;C:\Windows;C:\Windows\System32\Wbem;C:\Windows\System32\WindowsPowerShell\v1.0\;C:\Program Files (x86)\Skype\Phone\;C:\Program Files (x86)\MiKTeX 2.9\miktex\bin\;C:\Program Files (x86)\MiKTeX 2.9\miktex\bin;C:\Program Files\Java\jdk1.8.0_65\bin;C:\Program Files\Java\jre1.8.0_65\bin;%SystemRoot%\system32;%SystemRoot%;%SystemRoot%\System32\Wbem;%SYSTEMROOT%\System32\WindowsPowerShell\v1.0\;C:\Program Files (x86)\Google\Chrome\Application;C:\ProgramData\Oracle\Java\javapath;C:\Windows\system32;C:\Windows;C:\Windows\System32\Wbem;C:\Windows\System32\WindowsPowerShell\v1.0\;C:\Program Files (x86)\Skype\Phone\;C:\Program Files (x86)\MiKTeX 2.9\miktex\bin\;C:\Program Files (x86)\MiKTeX 2.9\miktex\bin;C:\Program Files\Java\jdk1.8.0_65\bin;C:\Program Files\Java\jre1.8.0_65\bin;C:\Users\hello\AppData\Local\Programs\Git\cmd
USERNAME=hello
OS=Windows_NT
PROCESSOR_IDENTIFIER=AMD64 Family 21 Model 16 Stepping 1, AuthenticAMD



---------------  S Y S T E M  ---------------

OS: Windows 10.0 , 64 bit Build 10586 (10.0.10586.0)

CPU:total 4 (4 cores per cpu, 1 threads per core) family 21 model 16 stepping 1, cmov, cx8, fxsr, mmx, sse, sse2, sse3, ssse3, sse4.1, sse4.2, popcnt, avx, aes, clmul, mmxext, 3dnowpref, lzcnt, sse4a, tsc, tscinvbit, tscinv, bmi1

Memory: 4k page, physical 3346696k(155144k free), swap 13832456k(19240k free)

vm_info: Java HotSpot(TM) 64-Bit Server VM (25.65-b01) for windows-amd64 JRE (1.8.0_65-b17), built on Oct  6 2015 16:39:20 by "java_re" with MS VC++ 10.0 (VS2010)

time: Thu Dec 24 13:30:51 2015
elapsed time: 15 seconds (0d 0h 0m 15s)

