#
# There is insufficient memory for the Java Runtime Environment to continue.
# Native memory allocation (malloc) failed to allocate 65552 bytes for Chunk::new
# Possible reasons:
#   The system is out of physical RAM or swap space
#   In 32 bit mode, the process size limit was hit
# Possible solutions:
#   Reduce memory load on the system
#   Increase physical memory or swap space
#   Check if swap backing store is full
#   Use 64 bit Java on a 64 bit OS
#   Decrease Java heap size (-Xmx/-Xms)
#   Decrease number of Java threads
#   Decrease Java thread stack sizes (-Xss)
#   Set larger code cache with -XX:ReservedCodeCacheSize=
# This output file may be truncated or incomplete.
#
#  Out of Memory Error (allocation.cpp:390), pid=24832, tid=25516
#
# JRE version: Java(TM) SE Runtime Environment (8.0_65-b17) (build 1.8.0_65-b17)
# Java VM: Java HotSpot(TM) 64-Bit Server VM (25.65-b01 mixed mode windows-amd64 compressed oops)
# Failed to write core dump. Minidumps are not enabled by default on client versions of Windows
#

---------------  T H R E A D  ---------------

Current thread (0x0000000014ae9800):  JavaThread "C2 CompilerThread0" daemon [_thread_in_native, id=25516, stack(0x0000000016050000,0x0000000016150000)]

Stack: [0x0000000016050000,0x0000000016150000]
[error occurred during error reporting (printing stack bounds), id 0xc0000005]

Native frames: (J=compiled Java code, j=interpreted, Vv=VM code, C=native code)


Current CompileTask:
C2:   3555  887       4       com.android.dx.ssa.back.LivenessAnalyzer::handleTailRecursion (94 bytes)


---------------  P R O C E S S  ---------------

Java Threads: ( => current thread )
  0x00000000164bb800 JavaThread "pool-1-thread-4" [_thread_blocked, id=26892, stack(0x0000000016d50000,0x0000000016e50000)]
  0x00000000164bb000 JavaThread "pool-1-thread-3" [_thread_in_Java, id=28176, stack(0x0000000016c50000,0x0000000016d50000)]
  0x00000000164ba000 JavaThread "pool-1-thread-2" [_thread_blocked, id=25772, stack(0x0000000016b50000,0x0000000016c50000)]
  0x00000000164b4000 JavaThread "pool-2-thread-1" [_thread_blocked, id=27472, stack(0x0000000016a50000,0x0000000016b50000)]
  0x00000000164b3800 JavaThread "pool-1-thread-1" [_thread_in_Java, id=20040, stack(0x0000000016950000,0x0000000016a50000)]
  0x000000001625d800 JavaThread "Service Thread" daemon [_thread_blocked, id=27936, stack(0x0000000016750000,0x0000000016850000)]
  0x0000000014b4c000 JavaThread "C1 CompilerThread2" daemon [_thread_in_native, id=15728, stack(0x0000000016650000,0x0000000016750000)]
  0x0000000014b41800 JavaThread "C2 CompilerThread1" daemon [_thread_in_native, id=14884, stack(0x0000000016150000,0x0000000016250000)]
=>0x0000000014ae9800 JavaThread "C2 CompilerThread0" daemon [_thread_in_native, id=25516, stack(0x0000000016050000,0x0000000016150000)]
  0x0000000014ae7800 JavaThread "Attach Listener" daemon [_thread_blocked, id=24080, stack(0x0000000015f50000,0x0000000016050000)]
  0x0000000014ae6000 JavaThread "Signal Dispatcher" daemon [_thread_blocked, id=25036, stack(0x0000000015e50000,0x0000000015f50000)]
  0x0000000002410800 JavaThread "Finalizer" daemon [_thread_blocked, id=27744, stack(0x0000000015d50000,0x0000000015e50000)]
  0x000000000240d000 JavaThread "Reference Handler" daemon [_thread_blocked, id=20868, stack(0x0000000015c50000,0x0000000015d50000)]
  0x0000000002320800 JavaThread "main" [_thread_in_vm, id=26680, stack(0x0000000002220000,0x0000000002320000)]

Other Threads:
  0x0000000014ab8000 VMThread [stack: 0x0000000015b50000,0x0000000015c50000] [id=10156]
  0x000000001626a800 WatcherThread [stack: 0x0000000016850000,0x0000000016950000] [id=27236]

VM state:not at safepoint (normal execution)

VM Mutex/Monitor currently owned by a thread: None

Heap:
 PSYoungGen      total 15360K, used 3777K [0x00000000eab00000, 0x00000000ebc00000, 0x0000000100000000)
  eden space 13312K, 13% used [0x00000000eab00000,0x00000000eacb5970,0x00000000eb800000)
  from space 2048K, 98% used [0x00000000eb800000,0x00000000eb9faa90,0x00000000eba00000)
  to   space 2048K, 0% used [0x00000000eba00000,0x00000000eba00000,0x00000000ebc00000)
 ParOldGen       total 35840K, used 2054K [0x00000000c0000000, 0x00000000c2300000, 0x00000000eab00000)
  object space 35840K, 5% used [0x00000000c0000000,0x00000000c02019f8,0x00000000c2300000)
 Metaspace       used 5664K, capacity 6704K, committed 6784K, reserved 1056768K
  class space    used 583K, capacity 616K, committed 640K, reserved 1048576K

Card table byte_map: [0x00000000117e0000,0x00000000119f0000] byte_map_base: 0x00000000111e0000

Marking Bits: (ParMarkBitMap*) 0x000000007349a5b0
 Begin Bits: [0x0000000011f50000, 0x0000000012f50000)
 End Bits:   [0x0000000012f50000, 0x0000000013f50000)

Polling page: 0x00000000009a0000

CodeCache: size=245760Kb used=3563Kb max_used=3563Kb free=242196Kb
 bounds [0x0000000002420000, 0x00000000027a0000, 0x0000000011420000]
 total_blobs=1160 nmethods=892 adapters=182
 compilation: enabled

Compilation events (10 events):
Event: 3.538 Thread 0x0000000014b4c000 nmethod 884 0x0000000002794390 code [0x0000000002794540, 0x0000000002794ca8]
Event: 3.539 Thread 0x0000000014b41800 nmethod 885 0x000000000274b8d0 code [0x000000000274ba00, 0x000000000274ba78]
Event: 3.539 Thread 0x0000000014b41800  886       4       java.util.AbstractList::<init> (10 bytes)
Event: 3.539 Thread 0x0000000014b41800 nmethod 886 0x000000000274fa90 code [0x000000000274fbc0, 0x000000000274fc18]
Event: 3.541 Thread 0x0000000014ae9800 nmethod 881 0x0000000002795f50 code [0x00000000027960a0, 0x0000000002796328]
Event: 3.541 Thread 0x0000000014ae9800  887       4       com.android.dx.ssa.back.LivenessAnalyzer::handleTailRecursion (94 bytes)
Event: 3.549 Thread 0x0000000014b4c000  893       3       com.android.dx.ssa.InterferenceRegisterMapper::addInterfence (62 bytes)
Event: 3.549 Thread 0x0000000014b41800  890       4       com.android.dx.ssa.back.LivenessAnalyzer::liveInAtStatement (55 bytes)
Event: 3.552 Thread 0x0000000014b4c000 nmethod 893 0x00000000027971d0 code [0x00000000027974a0, 0x0000000002798788]
Event: 3.552 Thread 0x0000000014b4c000  905       3       com.android.dx.ssa.back.SsaToRop::convertInsns (53 bytes)

GC Heap History (2 events):
Event: 3.129 GC heap before
{Heap before GC invocations=1 (full 0):
 PSYoungGen      total 15360K, used 13312K [0x00000000eab00000, 0x00000000ebc00000, 0x0000000100000000)
  eden space 13312K, 100% used [0x00000000eab00000,0x00000000eb800000,0x00000000eb800000)
  from space 2048K, 0% used [0x00000000eba00000,0x00000000eba00000,0x00000000ebc00000)
  to   space 2048K, 0% used [0x00000000eb800000,0x00000000eb800000,0x00000000eba00000)
 ParOldGen       total 35840K, used 0K [0x00000000c0000000, 0x00000000c2300000, 0x00000000eab00000)
  object space 35840K, 0% used [0x00000000c0000000,0x00000000c0000000,0x00000000c2300000)
 Metaspace       used 5626K, capacity 6704K, committed 6784K, reserved 1056768K
  class space    used 583K, capacity 616K, committed 640K, reserved 1048576K
Event: 3.490 GC heap after
Heap after GC invocations=1 (full 0):
 PSYoungGen      total 15360K, used 2026K [0x00000000eab00000, 0x00000000ebc00000, 0x0000000100000000)
  eden space 13312K, 0% used [0x00000000eab00000,0x00000000eab00000,0x00000000eb800000)
  from space 2048K, 98% used [0x00000000eb800000,0x00000000eb9faa90,0x00000000eba00000)
  to   space 2048K, 0% used [0x00000000eba00000,0x00000000eba00000,0x00000000ebc00000)
 ParOldGen       total 35840K, used 2054K [0x00000000c0000000, 0x00000000c2300000, 0x00000000eab00000)
  object space 35840K, 5% used [0x00000000c0000000,0x00000000c02019f8,0x00000000c2300000)
 Metaspace       used 5626K, capacity 6704K, committed 6784K, reserved 1056768K
  class space    used 583K, capacity 616K, committed 640K, reserved 1048576K
}

Deoptimization events (1 events):
Event: 2.325 Thread 0x00000000164ba000 Uncommon trap: reason=unstable_if action=reinterpret pc=0x0000000002616688 method=java.util.HashMap.getNode(ILjava/lang/Object;)Ljava/util/HashMap$Node; @ 62

Internal exceptions (2 events):
Event: 0.321 Thread 0x0000000002320800 Exception <a 'java/lang/NoSuchMethodError': Method sun.misc.Unsafe.defineClass(Ljava/lang/String;[BII)Ljava/lang/Class; name or signature does not match> (0x00000000eab0d868) thrown at [C:\workspace\8-2-build-windows-amd64-cygwin\jdk8u65\4987\hotspot\src\sI‹.	o‰Ô?
Event: 0.321 Thread 0x0000000002320800 Exception <a 'java/lang/NoSuchMethodError': Method sun.misc.Unsafe.prefetchRead(Ljava/lang/Object;J)V name or signature does not match> (0x00000000eab0db50) thrown at [C:\workspace\8-2-build-windows-amd64-cygwin\jdk8u65\4987\hotspot\src\share\vm\prims\jni.

Events (10 events):
Event: 2.326 loading class java/util/HashMap$ValueIterator
Event: 2.327 loading class java/util/HashMap$ValueIterator done
Event: 2.608 loading class com/android/dx/rop/code/RegOps
Event: 2.608 loading class com/android/dx/rop/code/RegOps done
Event: 2.752 Thread 0x00000000164b3800 DEOPT PACKING pc=0x0000000002644282 sp=0x0000000016a4ec00
Event: 2.752 Thread 0x00000000164b3800 DEOPT UNPACKING pc=0x000000000246747f sp=0x0000000016a4e978 mode 0
Event: 2.895 loading class java/util/ArrayList$1
Event: 2.895 loading class java/util/ArrayList$1 done
Event: 3.128 Executing VM operation: ParallelGCFailedAllocation
Event: 3.490 Executing VM operation: ParallelGCFailedAllocation done


Dynamic libraries:
0x00007ff673fa0000 - 0x00007ff673fd7000 	C:\Program Files\Java\jdk1.8.0_65\bin\java.exe
0x00007ff861410000 - 0x00007ff8615d1000 	C:\WINDOWS\SYSTEM32\ntdll.dll
0x00007ff860920000 - 0x00007ff8609cd000 	C:\WINDOWS\system32\KERNEL32.DLL
0x00007ff85dba0000 - 0x00007ff85dd88000 	C:\WINDOWS\system32\KERNELBASE.dll
0x00007ff860410000 - 0x00007ff8604b7000 	C:\WINDOWS\system32\ADVAPI32.dll
0x00007ff860520000 - 0x00007ff8605bd000 	C:\WINDOWS\system32\msvcrt.dll
0x00007ff85e810000 - 0x00007ff85e86b000 	C:\WINDOWS\system32\sechost.dll
0x00007ff860790000 - 0x00007ff8608ac000 	C:\WINDOWS\system32\RPCRT4.dll
0x00007ff860140000 - 0x00007ff860296000 	C:\WINDOWS\system32\USER32.dll
0x00007ff85ffa0000 - 0x00007ff860126000 	C:\WINDOWS\system32\GDI32.dll
0x00007ff850590000 - 0x00007ff850804000 	C:\WINDOWS\WinSxS\amd64_microsoft.windows.common-controls_6595b64144ccf1df_6.0.10586.0_none_8c15ae12515e1c22\COMCTL32.dll
0x00007ff860d40000 - 0x00007ff860fbd000 	C:\WINDOWS\system32\combase.dll
0x00007ff85e520000 - 0x00007ff85e58a000 	C:\WINDOWS\system32\bcryptPrimitives.dll
0x00007ff860300000 - 0x00007ff86033b000 	C:\WINDOWS\system32\IMM32.DLL
0x0000000072bb0000 - 0x0000000072c82000 	C:\Program Files\Java\jdk1.8.0_65\jre\bin\msvcr100.dll
0x0000000072c90000 - 0x0000000073519000 	C:\Program Files\Java\jdk1.8.0_65\jre\bin\server\jvm.dll
0x00007ff860130000 - 0x00007ff860138000 	C:\WINDOWS\system32\PSAPI.DLL
0x00007ff85b6d0000 - 0x00007ff85b6f3000 	C:\WINDOWS\SYSTEM32\WINMM.dll
0x00007ff859680000 - 0x00007ff859689000 	C:\WINDOWS\SYSTEM32\WSOCK32.dll
0x00007ff860720000 - 0x00007ff86078b000 	C:\WINDOWS\system32\WS2_32.dll
0x00007ff85b240000 - 0x00007ff85b24a000 	C:\WINDOWS\SYSTEM32\VERSION.dll
0x00007ff85b670000 - 0x00007ff85b69c000 	C:\WINDOWS\SYSTEM32\WINMMBASE.dll
0x00007ff85e4d0000 - 0x00007ff85e513000 	C:\WINDOWS\system32\cfgmgr32.dll
0x0000000072ba0000 - 0x0000000072baf000 	C:\Program Files\Java\jdk1.8.0_65\jre\bin\verify.dll
0x0000000072b70000 - 0x0000000072b99000 	C:\Program Files\Java\jdk1.8.0_65\jre\bin\java.dll
0x0000000072b50000 - 0x0000000072b66000 	C:\Program Files\Java\jdk1.8.0_65\jre\bin\zip.dll
0x00007ff85ea40000 - 0x00007ff85ff9f000 	C:\WINDOWS\system32\SHELL32.dll
0x00007ff85dd90000 - 0x00007ff85e3d4000 	C:\WINDOWS\system32\windows.storage.dll
0x00007ff8608c0000 - 0x00007ff860912000 	C:\WINDOWS\system32\shlwapi.dll
0x00007ff85dab0000 - 0x00007ff85dabf000 	C:\WINDOWS\system32\kernel.appcore.dll
0x00007ff85dac0000 - 0x00007ff85db75000 	C:\WINDOWS\system32\shcore.dll
0x00007ff85da60000 - 0x00007ff85daab000 	C:\WINDOWS\system32\powrprof.dll
0x00007ff85da30000 - 0x00007ff85da44000 	C:\WINDOWS\system32\profapi.dll

VM Arguments:
jvm_args: -Djava.awt.headless=true -Xmx1024M -Dfile.encoding=windows-1252 -Duser.country=GB -Duser.language=en -Duser.variant 
java_command: com.android.dx.command.Main --dex --num-threads=4 --output C:\Users\hello\AndroidStudioProjects\TrafficLightMania\app\build\intermediates\pre-dexed\release\com.google.android.gms-play-services-wallet-8.4.0_24c301d9e5ab8583e6c9258ecf62e5027bf80b6f.jar C:\Users\hello\AndroidStudioProjects\TrafficLightMania\app\build\intermediates\exploded-aar\com.google.android.gms\play-services-wallet\8.4.0\jars\classes.jar
java_class_path (initial): C:\Users\hello\AppData\Local\Android\sdk\build-tools\23.0.0\lib\dx.jar
Launcher Type: SUN_STANDARD

Environment Variables:
PATH=C:\ProgramData\Oracle\Java\javapath;C:\Windows\system32;C:\Windows;C:\Windows\System32\Wbem;C:\Windows\System32\WindowsPowerShell\v1.0\;C:\Program Files (x86)\Skype\Phone\;C:\Program Files (x86)\MiKTeX 2.9\miktex\bin\;C:\Program Files (x86)\MiKTeX 2.9\miktex\bin;C:\Program Files\Java\jdk1.8.0_65\bin;C:\Program Files\Java\jre1.8.0_65\bin;%SystemRoot%\system32;%SystemRoot%;%SystemRoot%\System32\Wbem;%SYSTEMROOT%\System32\WindowsPowerShell\v1.0\;C:\Program Files (x86)\Google\Chrome\Application;C:\ProgramData\Oracle\Java\javapath;C:\Windows\system32;C:\Windows;C:\Windows\System32\Wbem;C:\Windows\System32\WindowsPowerShell\v1.0\;C:\Program Files (x86)\Skype\Phone\;C:\Program Files (x86)\MiKTeX 2.9\miktex\bin\;C:\Program Files (x86)\MiKTeX 2.9\miktex\bin;C:\Program Files\Java\jdk1.8.0_65\bin;C:\Program Files\Java\jre1.8.0_65\bin;C:\Users\hello\AppData\Local\Programs\Git\cmd
USERNAME=hello
OS=Windows_NT
PROCESSOR_IDENTIFIER=AMD64 Family 21 Model 16 Stepping 1, AuthenticAMD



---------------  S Y S T E M  ---------------

OS: Windows 10.0 , 64 bit Build 10586 (10.0.10586.0)

CPU:total 4 (4 cores per cpu, 1 threads per core) family 21 model 16 stepping 1, cmov, cx8, fxsr, mmx, sse, sse2, sse3, ssse3, sse4.1, sse4.2, popcnt, avx, aes, clmul, mmxext, 3dnowpref, lzcnt, sse4a, tsc, tscinvbit, tscinv, bmi1

Memory: 4k page, physical 3346696k(202964k free), swap 13832456k(1344k free)

vm_info: Java HotSpot(TM) 64-Bit Server VM (25.65-b01) for windows-amd64 JRE (1.8.0_65-b17), built on Oct  6 2015 16:39:20 by "java_re" with MS VC++ 10.0 (VS2010)

time: Thu Dec 24 13:30:56 2015
elapsed time: 3 seconds (0d 0h 0m 3s)

