#
# There is insufficient memory for the Java Runtime Environment to continue.
# Native memory allocation (malloc) failed to allocate 401696 bytes for Chunk::new
# Possible reasons:
#   The system is out of physical RAM or swap space
#   In 32 bit mode, the process size limit was hit
# Possible solutions:
#   Reduce memory load on the system
#   Increase physical memory or swap space
#   Check if swap backing store is full
#   Use 64 bit Java on a 64 bit OS
#   Decrease Java heap size (-Xmx/-Xms)
#   Decrease number of Java threads
#   Decrease Java thread stack sizes (-Xss)
#   Set larger code cache with -XX:ReservedCodeCacheSize=
# This output file may be truncated or incomplete.
#
#  Out of Memory Error (allocation.cpp:390), pid=23972, tid=24120
#
# JRE version: Java(TM) SE Runtime Environment (8.0_65-b17) (build 1.8.0_65-b17)
# Java VM: Java HotSpot(TM) 64-Bit Server VM (25.65-b01 mixed mode windows-amd64 compressed oops)
# Failed to write core dump. Minidumps are not enabled by default on client versions of Windows
#

---------------  T H R E A D  ---------------

Current thread (0x00000000149aa800):  JavaThread "C2 CompilerThread0" daemon [_thread_in_native, id=24120, stack(0x0000000015ff0000,0x00000000160f0000)]

Stack: [0x0000000015ff0000,0x00000000160f0000]
[error occurred during error reporting (printing stack bounds), id 0xc0000005]

Native frames: (J=compiled Java code, j=interpreted, Vv=VM code, C=native code)


Current CompileTask:
C2:   7650  920       4       com.android.dx.ssa.back.LivenessAnalyzer::handleTailRecursion (94 bytes)


---------------  P R O C E S S  ---------------

Java Threads: ( => current thread )
  0x0000000016566000 JavaThread "pool-1-thread-4" [_thread_in_Java, id=6200, stack(0x0000000016cf0000,0x0000000016df0000)]
  0x0000000016565000 JavaThread "pool-1-thread-3" [_thread_in_Java, id=25224, stack(0x0000000016bf0000,0x0000000016cf0000)]
  0x0000000016560800 JavaThread "pool-1-thread-2" [_thread_in_Java, id=26784, stack(0x0000000016af0000,0x0000000016bf0000)]
  0x000000001655f800 JavaThread "pool-2-thread-1" [_thread_blocked, id=24676, stack(0x00000000169f0000,0x0000000016af0000)]
  0x000000001654f800 JavaThread "pool-1-thread-1" [_thread_in_vm, id=15588, stack(0x00000000168f0000,0x00000000169f0000)]
  0x00000000149e3800 JavaThread "Service Thread" daemon [_thread_blocked, id=22356, stack(0x00000000166f0000,0x00000000167f0000)]
  0x00000000149b7000 JavaThread "C1 CompilerThread2" daemon [_thread_blocked, id=23864, stack(0x00000000161f0000,0x00000000162f0000)]
  0x00000000149b0000 JavaThread "C2 CompilerThread1" daemon [_thread_in_native, id=24132, stack(0x00000000160f0000,0x00000000161f0000)]
=>0x00000000149aa800 JavaThread "C2 CompilerThread0" daemon [_thread_in_native, id=24120, stack(0x0000000015ff0000,0x00000000160f0000)]
  0x00000000149a8800 JavaThread "Attach Listener" daemon [_thread_blocked, id=25612, stack(0x0000000015ef0000,0x0000000015ff0000)]
  0x00000000149a7000 JavaThread "Signal Dispatcher" daemon [_thread_blocked, id=7492, stack(0x0000000015df0000,0x0000000015ef0000)]
  0x00000000022d6000 JavaThread "Finalizer" daemon [_thread_blocked, id=24756, stack(0x0000000015c10000,0x0000000015d10000)]
  0x00000000022cd000 JavaThread "Reference Handler" daemon [_thread_blocked, id=25048, stack(0x0000000015b10000,0x0000000015c10000)]
  0x00000000021e0800 JavaThread "main" [_thread_in_Java, id=17872, stack(0x0000000002070000,0x0000000002170000)]

Other Threads:
  0x0000000014978000 VMThread [stack: 0x0000000015a10000,0x0000000015b10000] [id=21116]
  0x000000001630f000 WatcherThread [stack: 0x00000000167f0000,0x00000000168f0000] [id=23684]

VM state:not at safepoint (normal execution)

VM Mutex/Monitor currently owned by a thread: None

Heap:
 PSYoungGen      total 15360K, used 7090K [0x00000000eab00000, 0x00000000ec900000, 0x0000000100000000)
  eden space 13312K, 37% used [0x00000000eab00000,0x00000000eafeef18,0x00000000eb800000)
  from space 2048K, 99% used [0x00000000eb800000,0x00000000eb9fdc60,0x00000000eba00000)
  to   space 2048K, 0% used [0x00000000ec700000,0x00000000ec700000,0x00000000ec900000)
 ParOldGen       total 35840K, used 1752K [0x00000000c0000000, 0x00000000c2300000, 0x00000000eab00000)
  object space 35840K, 4% used [0x00000000c0000000,0x00000000c01b61c0,0x00000000c2300000)
 Metaspace       used 5732K, capacity 6768K, committed 7040K, reserved 1056768K
  class space    used 589K, capacity 616K, committed 640K, reserved 1048576K

Card table byte_map: [0x00000000116a0000,0x00000000118b0000] byte_map_base: 0x00000000110a0000

Marking Bits: (ParMarkBitMap*) 0x000000007349a5b0
 Begin Bits: [0x0000000011e10000, 0x0000000012e10000)
 End Bits:   [0x0000000012e10000, 0x0000000013e10000)

Polling page: 0x0000000000920000

CodeCache: size=245760Kb used=3882Kb max_used=3882Kb free=241878Kb
 bounds [0x00000000022e0000, 0x00000000026b0000, 0x00000000112e0000]
 total_blobs=1254 nmethods=986 adapters=182
 compilation: enabled

Compilation events (10 events):
Event: 7.584 Thread 0x00000000149b7000  925       3       com.android.dx.ssa.back.FirstFitLocalCombiningAllocator::getAlignment (32 bytes)
Event: 7.584 Thread 0x00000000149b7000 nmethod 925 0x000000000267f190 code [0x000000000267f300, 0x000000000267f5d0]
Event: 7.584 Thread 0x00000000149b7000  923       3       java.util.BitSet::checkRange (104 bytes)
Event: 7.586 Thread 0x00000000149b7000 nmethod 923 0x0000000002681210 code [0x0000000002681520, 0x0000000002682d58]
Event: 7.586 Thread 0x00000000149b7000  926       3       com.android.dx.ssa.back.FirstFitLocalCombiningAllocator$Alignment$3::nextClearBit (6 bytes)
Event: 7.587 Thread 0x00000000149b7000 nmethod 926 0x000000000267ed90 code [0x000000000267ef00, 0x000000000267f0a8]
Event: 7.587 Thread 0x00000000149b7000  928       3       com.android.dx.ssa.back.FirstFitLocalCombiningAllocator::findNextUnreservedRopReg (12 bytes)
Event: 7.587 Thread 0x00000000149b7000 nmethod 928 0x000000000267e790 code [0x000000000267e920, 0x000000000267ec68]
Event: 7.587 Thread 0x00000000149b7000  908       1       java.util.concurrent.locks.AbstractQueuedSynchronizer::getState (5 bytes)
Event: 7.587 Thread 0x00000000149b7000 nmethod 908 0x0000000002683850 code [0x00000000026839a0, 0x0000000002683ab0]

GC Heap History (2 events):
Event: 7.054 GC heap before
{Heap before GC invocations=1 (full 0):
 PSYoungGen      total 15360K, used 13312K [0x00000000eab00000, 0x00000000ebc00000, 0x0000000100000000)
  eden space 13312K, 100% used [0x00000000eab00000,0x00000000eb800000,0x00000000eb800000)
  from space 2048K, 0% used [0x00000000eba00000,0x00000000eba00000,0x00000000ebc00000)
  to   space 2048K, 0% used [0x00000000eb800000,0x00000000eb800000,0x00000000eba00000)
 ParOldGen       total 35840K, used 0K [0x00000000c0000000, 0x00000000c2300000, 0x00000000eab00000)
  object space 35840K, 0% used [0x00000000c0000000,0x00000000c0000000,0x00000000c2300000)
 Metaspace       used 5630K, capacity 6704K, committed 6784K, reserved 1056768K
  class space    used 589K, capacity 616K, committed 640K, reserved 1048576K
Event: 7.194 GC heap after
Heap after GC invocations=1 (full 0):
 PSYoungGen      total 15360K, used 2039K [0x00000000eab00000, 0x00000000ec900000, 0x0000000100000000)
  eden space 13312K, 0% used [0x00000000eab00000,0x00000000eab00000,0x00000000eb800000)
  from space 2048K, 99% used [0x00000000eb800000,0x00000000eb9fdc60,0x00000000eba00000)
  to   space 2048K, 0% used [0x00000000ec700000,0x00000000ec700000,0x00000000ec900000)
 ParOldGen       total 35840K, used 1752K [0x00000000c0000000, 0x00000000c2300000, 0x00000000eab00000)
  object space 35840K, 4% used [0x00000000c0000000,0x00000000c01b61c0,0x00000000c2300000)
 Metaspace       used 5630K, capacity 6704K, committed 6784K, reserved 1056768K
  class space    used 589K, capacity 616K, committed 640K, reserved 1048576K
}

Deoptimization events (5 events):
Event: 6.665 Thread 0x000000001654f800 Uncommon trap: reason=class_check action=maybe_recompile pc=0x00000000025176f0 method=com.android.dx.ssa.NormalSsaInsn.accept(Lcom/android/dx/ssa/SsaInsn$Visitor;)V @ 9
Event: 6.666 Thread 0x000000001654f800 Uncommon trap: reason=class_check action=maybe_recompile pc=0x00000000025176f0 method=com.android.dx.ssa.NormalSsaInsn.accept(Lcom/android/dx/ssa/SsaInsn$Visitor;)V @ 9
Event: 6.666 Thread 0x000000001654f800 Uncommon trap: reason=class_check action=maybe_recompile pc=0x00000000025176f0 method=com.android.dx.ssa.NormalSsaInsn.accept(Lcom/android/dx/ssa/SsaInsn$Visitor;)V @ 9
Event: 6.666 Thread 0x000000001654f800 Uncommon trap: reason=class_check action=maybe_recompile pc=0x00000000025176f0 method=com.android.dx.ssa.NormalSsaInsn.accept(Lcom/android/dx/ssa/SsaInsn$Visitor;)V @ 9
Event: 6.697 Thread 0x000000001654f800 Uncommon trap: reason=unstable_if action=reinterpret pc=0x00000000024f4f1c method=java.util.HashMap.getNode(ILjava/lang/Object;)Ljava/util/HashMap$Node; @ 129

Internal exceptions (2 events):
Event: 1.009 Thread 0x00000000021e0800 Exception <a 'java/lang/NoSuchMethodError': Method sun.misc.Unsafe.defineClass(Ljava/lang/String;[BII)Ljava/lang/Class; name or signature does not match> (0x00000000eab0d6d0) thrown at [C:\workspace\8-2-build-windows-amd64-cygwin\jdk8u65\4987\hotspot\src\süÏÉö¨%ð?
Event: 1.009 Thread 0x00000000021e0800 Exception <a 'java/lang/NoSuchMethodError': Method sun.misc.Unsafe.prefetchRead(Ljava/lang/Object;J)V name or signature does not match> (0x00000000eab0d9b8) thrown at [C:\workspace\8-2-build-windows-amd64-cygwin\jdk8u65\4987\hotspot\src\share\vm\prims\jni.

Events (10 events):
Event: 6.698 Thread 0x000000001654f800 DEOPT PACKING pc=0x00000000024f4f1c sp=0x00000000169ee660
Event: 6.698 Thread 0x000000001654f800 DEOPT UNPACKING pc=0x000000000232582a sp=0x00000000169ee5d8 mode 2
Event: 6.713 loading class java/util/ArrayList$1
Event: 6.747 loading class java/util/ArrayList$1 done
Event: 6.788 loading class com/android/dx/cf/attrib/AttEnclosingMethod
Event: 6.788 loading class com/android/dx/cf/attrib/AttEnclosingMethod done
Event: 6.825 loading class com/android/dx/cf/code/BytecodeArray$ConstantParserVisitor
Event: 6.825 loading class com/android/dx/cf/code/BytecodeArray$ConstantParserVisitor done
Event: 7.052 Executing VM operation: ParallelGCFailedAllocation
Event: 7.194 Executing VM operation: ParallelGCFailedAllocation done


Dynamic libraries:
0x00007ff673fa0000 - 0x00007ff673fd7000 	C:\Program Files\Java\jdk1.8.0_65\bin\java.exe
0x00007ff861410000 - 0x00007ff8615d1000 	C:\WINDOWS\SYSTEM32\ntdll.dll
0x00007ff860920000 - 0x00007ff8609cd000 	C:\WINDOWS\system32\KERNEL32.DLL
0x00007ff85dba0000 - 0x00007ff85dd88000 	C:\WINDOWS\system32\KERNELBASE.dll
0x00007ff860410000 - 0x00007ff8604b7000 	C:\WINDOWS\system32\ADVAPI32.dll
0x00007ff860520000 - 0x00007ff8605bd000 	C:\WINDOWS\system32\msvcrt.dll
0x00007ff85e810000 - 0x00007ff85e86b000 	C:\WINDOWS\system32\sechost.dll
0x00007ff860790000 - 0x00007ff8608ac000 	C:\WINDOWS\system32\RPCRT4.dll
0x00007ff860140000 - 0x00007ff860296000 	C:\WINDOWS\system32\USER32.dll
0x00007ff85ffa0000 - 0x00007ff860126000 	C:\WINDOWS\system32\GDI32.dll
0x00007ff850590000 - 0x00007ff850804000 	C:\WINDOWS\WinSxS\amd64_microsoft.windows.common-controls_6595b64144ccf1df_6.0.10586.0_none_8c15ae12515e1c22\COMCTL32.dll
0x00007ff860d40000 - 0x00007ff860fbd000 	C:\WINDOWS\system32\combase.dll
0x00007ff85e520000 - 0x00007ff85e58a000 	C:\WINDOWS\system32\bcryptPrimitives.dll
0x00007ff860300000 - 0x00007ff86033b000 	C:\WINDOWS\system32\IMM32.DLL
0x0000000072bb0000 - 0x0000000072c82000 	C:\Program Files\Java\jdk1.8.0_65\jre\bin\msvcr100.dll
0x0000000072c90000 - 0x0000000073519000 	C:\Program Files\Java\jdk1.8.0_65\jre\bin\server\jvm.dll
0x00007ff860130000 - 0x00007ff860138000 	C:\WINDOWS\system32\PSAPI.DLL
0x00007ff859680000 - 0x00007ff859689000 	C:\WINDOWS\SYSTEM32\WSOCK32.dll
0x00007ff860720000 - 0x00007ff86078b000 	C:\WINDOWS\system32\WS2_32.dll
0x00007ff85b6d0000 - 0x00007ff85b6f3000 	C:\WINDOWS\SYSTEM32\WINMM.dll
0x00007ff85b240000 - 0x00007ff85b24a000 	C:\WINDOWS\SYSTEM32\VERSION.dll
0x00007ff85b670000 - 0x00007ff85b69c000 	C:\WINDOWS\SYSTEM32\WINMMBASE.dll
0x00007ff85e4d0000 - 0x00007ff85e513000 	C:\WINDOWS\system32\cfgmgr32.dll
0x0000000072ba0000 - 0x0000000072baf000 	C:\Program Files\Java\jdk1.8.0_65\jre\bin\verify.dll
0x0000000072b70000 - 0x0000000072b99000 	C:\Program Files\Java\jdk1.8.0_65\jre\bin\java.dll
0x0000000072b50000 - 0x0000000072b66000 	C:\Program Files\Java\jdk1.8.0_65\jre\bin\zip.dll
0x00007ff85ea40000 - 0x00007ff85ff9f000 	C:\WINDOWS\system32\SHELL32.dll
0x00007ff85dd90000 - 0x00007ff85e3d4000 	C:\WINDOWS\system32\windows.storage.dll
0x00007ff8608c0000 - 0x00007ff860912000 	C:\WINDOWS\system32\shlwapi.dll
0x00007ff85dab0000 - 0x00007ff85dabf000 	C:\WINDOWS\system32\kernel.appcore.dll
0x00007ff85dac0000 - 0x00007ff85db75000 	C:\WINDOWS\system32\shcore.dll
0x00007ff85da60000 - 0x00007ff85daab000 	C:\WINDOWS\system32\powrprof.dll
0x00007ff85da30000 - 0x00007ff85da44000 	C:\WINDOWS\system32\profapi.dll

VM Arguments:
jvm_args: -Djava.awt.headless=true -Xmx1024M -Dfile.encoding=windows-1252 -Duser.country=GB -Duser.language=en -Duser.variant 
java_command: com.android.dx.command.Main --dex --num-threads=4 --output C:\Users\hello\AndroidStudioProjects\TrafficLightMania\app\build\intermediates\pre-dexed\release\com.google.android.gms-play-services-basement-8.4.0_78a21163dfd14e2acafdbf98e316096e3d28c695.jar C:\Users\hello\AndroidStudioProjects\TrafficLightMania\app\build\intermediates\exploded-aar\com.google.android.gms\play-services-basement\8.4.0\jars\classes.jar
java_class_path (initial): C:\Users\hello\AppData\Local\Android\sdk\build-tools\23.0.0\lib\dx.jar
Launcher Type: SUN_STANDARD

Environment Variables:
PATH=C:\ProgramData\Oracle\Java\javapath;C:\Windows\system32;C:\Windows;C:\Windows\System32\Wbem;C:\Windows\System32\WindowsPowerShell\v1.0\;C:\Program Files (x86)\Skype\Phone\;C:\Program Files (x86)\MiKTeX 2.9\miktex\bin\;C:\Program Files (x86)\MiKTeX 2.9\miktex\bin;C:\Program Files\Java\jdk1.8.0_65\bin;C:\Program Files\Java\jre1.8.0_65\bin;%SystemRoot%\system32;%SystemRoot%;%SystemRoot%\System32\Wbem;%SYSTEMROOT%\System32\WindowsPowerShell\v1.0\;C:\Program Files (x86)\Google\Chrome\Application;C:\ProgramData\Oracle\Java\javapath;C:\Windows\system32;C:\Windows;C:\Windows\System32\Wbem;C:\Windows\System32\WindowsPowerShell\v1.0\;C:\Program Files (x86)\Skype\Phone\;C:\Program Files (x86)\MiKTeX 2.9\miktex\bin\;C:\Program Files (x86)\MiKTeX 2.9\miktex\bin;C:\Program Files\Java\jdk1.8.0_65\bin;C:\Program Files\Java\jre1.8.0_65\bin;C:\Users\hello\AppData\Local\Programs\Git\cmd
USERNAME=hello
OS=Windows_NT
PROCESSOR_IDENTIFIER=AMD64 Family 21 Model 16 Stepping 1, AuthenticAMD



---------------  S Y S T E M  ---------------

OS: Windows 10.0 , 64 bit Build 10586 (10.0.10586.0)

CPU:total 4 (4 cores per cpu, 1 threads per core) family 21 model 16 stepping 1, cmov, cx8, fxsr, mmx, sse, sse2, sse3, ssse3, sse4.1, sse4.2, popcnt, avx, aes, clmul, mmxext, 3dnowpref, lzcnt, sse4a, tsc, tscinvbit, tscinv, bmi1

Memory: 4k page, physical 3346696k(152608k free), swap 13832456k(2136k free)

vm_info: Java HotSpot(TM) 64-Bit Server VM (25.65-b01) for windows-amd64 JRE (1.8.0_65-b17), built on Oct  6 2015 16:39:20 by "java_re" with MS VC++ 10.0 (VS2010)

time: Thu Dec 24 13:30:33 2015
elapsed time: 7 seconds (0d 0h 0m 7s)

