#
# A fatal error has been detected by the Java Runtime Environment:
#
#  EXCEPTION_ACCESS_VIOLATION (0xc0000005) at pc=0x0000000072d6fe70, pid=25704, tid=24676
#
# JRE version: Java(TM) SE Runtime Environment (8.0_65-b17) (build 1.8.0_65-b17)
# Java VM: Java HotSpot(TM) 64-Bit Server VM (25.65-b01 mixed mode windows-amd64 compressed oops)
# Problematic frame:
# V  [jvm.dll+0xdfe70]
#
# Failed to write core dump. Minidumps are not enabled by default on client versions of Windows
#
# If you would like to submit a bug report, please visit:
#   http://bugreport.java.com/bugreport/crash.jsp
#

---------------  T H R E A D  ---------------

Current thread (0x0000000014add800):  JavaThread "C2 CompilerThread1" daemon [_thread_in_vm, id=24676, stack(0x00000000161d0000,0x00000000162d0000)]

siginfo: ExceptionCode=0xc0000005, writing address 0x00000000113d1000

Registers:
RAX=0x000000000000000b, RBX=0x00000000021b19b0, RCX=0x00000000113d1000, RDX=0x00000000113d1067
RSP=0x00000000162cc330, RBP=0x0000000000001c68, RSI=0x0000000000000000, RDI=0x0000000000000072
R8 =0x0000000000000001, R9 =0x0000000000000000, R10=0x0000000000000000, R11=0x0000000000000000
R12=0x00000000732eeb78, R13=0x00000000000002d0, R14=0x0000000000000000, R15=0x00000000170983b0
RIP=0x0000000072d6fe70, EFLAGS=0x0000000000010297

Top of Stack: (sp=0x00000000162cc330)
0x00000000162cc330:   00000000000002d0 00000000021b19b0
0x00000000162cc340:   0000000000001c68 0000000000000000
0x00000000162cc350:   0000000000001c68 0000000072d1eb26
0x00000000162cc360:   0000000000000000 0000000000000000
0x00000000162cc370:   0000000000001c68 0000000017098800
0x00000000162cc380:   00000000021bbb90 0000000072d1c961
0x00000000162cc390:   0000000014add800 0000000014add800
0x00000000162cc3a0:   0000000000001c68 00000000170983b0
0x00000000162cc3b0:   000000000000005a 0000000072cb6dee
0x00000000162cc3c0:   00000000162cf148 00000000162ce940
0x00000000162cc3d0:   0000000016789720 0000000000000208
0x00000000162cc3e0:   00000000170983b0 00000000731812c6
0x00000000162cc3f0:   0000000000001000 00000000170983b0
0x00000000162cc400:   00000000162cc480 00000000162cc488
0x00000000162cc410:   00000000162cc401 0000000014add800
0x00000000162cc420:   0000000016efeab8 0000000072ccb7c0 

Instructions: (pc=0x0000000072d6fe70)
0x0000000072d6fe50:   6a 48 03 8b 80 00 00 00 33 c0 48 8d 14 39 48 3b
0x0000000072d6fe60:   ca 73 22 44 8d 40 01 66 0f 1f 84 00 00 00 00 00
0x0000000072d6fe70:   88 01 ff c0 48 ff c1 3d ff 00 00 00 41 0f 44 c0
0x0000000072d6fe80:   48 3b ca 72 eb 48 8b 83 00 01 00 00 8b 8b f8 00 


Register to memory mapping:

RAX=0x000000000000000b is an unknown value
RBX=0x00000000021b19b0 is an unknown value
RCX=0x00000000113d1000 is an unknown value
RDX=0x00000000113d1067 is an unknown value
RSP=0x00000000162cc330 is pointing into the stack for thread: 0x0000000014add800
RBP=0x0000000000001c68 is an unknown value
RSI=0x0000000000000000 is an unknown value
RDI=0x0000000000000072 is an unknown value
R8 =0x0000000000000001 is an unknown value
R9 =0x0000000000000000 is an unknown value
R10=0x0000000000000000 is an unknown value
R11=0x0000000000000000 is an unknown value
R12=0x00000000732eeb78 is an unknown value
R13=0x00000000000002d0 is an unknown value
R14=0x0000000000000000 is an unknown value
R15=0x00000000170983b0 is an unknown value


Stack: [0x00000000161d0000,0x00000000162d0000],  sp=0x00000000162cc330,  free space=1008k
Native frames: (J=compiled Java code, j=interpreted, Vv=VM code, C=native code)
V  [jvm.dll+0xdfe70]
V  [jvm.dll+0x8eb26]
V  [jvm.dll+0x8c961]
V  [jvm.dll+0x26dee]
V  [jvm.dll+0x4f12c6]
V  [jvm.dll+0x4f4848]
V  [jvm.dll+0x46d662]
V  [jvm.dll+0x46fb42]
V  [jvm.dll+0x452cc2]
V  [jvm.dll+0xa4672]
V  [jvm.dll+0xa4faf]
V  [jvm.dll+0x243144]
V  [jvm.dll+0x299f7a]
C  [msvcr100.dll+0x21d9f]
C  [msvcr100.dll+0x21e3b]
C  [KERNEL32.DLL+0x18102]
C  [ntdll.dll+0x5c2e4]


Current CompileTask:
C2:   5883 1092       4       com.android.dx.rop.code.RegisterSpecSet::mutableCopy (57 bytes)


---------------  P R O C E S S  ---------------

Java Threads: ( => current thread )
  0x0000000016661000 JavaThread "pool-1-thread-4" [_thread_blocked, id=22840, stack(0x0000000016dd0000,0x0000000016ed0000)]
  0x0000000016656800 JavaThread "pool-1-thread-3" [_thread_in_vm, id=25132, stack(0x0000000016cd0000,0x0000000016dd0000)]
  0x0000000016638800 JavaThread "pool-1-thread-2" [_thread_blocked, id=15316, stack(0x0000000016bd0000,0x0000000016cd0000)]
  0x0000000016638000 JavaThread "pool-2-thread-1" [_thread_blocked, id=25460, stack(0x0000000016ad0000,0x0000000016bd0000)]
  0x0000000016625800 JavaThread "pool-1-thread-1" [_thread_blocked, id=24808, stack(0x00000000169d0000,0x0000000016ad0000)]
  0x00000000163d5800 JavaThread "Service Thread" daemon [_thread_blocked, id=13884, stack(0x00000000167d0000,0x00000000168d0000)]
  0x0000000014aec000 JavaThread "C1 CompilerThread2" daemon [_thread_blocked, id=6200, stack(0x00000000162d0000,0x00000000163d0000)]
=>0x0000000014add800 JavaThread "C2 CompilerThread1" daemon [_thread_in_vm, id=24676, stack(0x00000000161d0000,0x00000000162d0000)]
  0x0000000014a89000 JavaThread "C2 CompilerThread0" daemon [_thread_blocked, id=7492, stack(0x00000000160d0000,0x00000000161d0000)]
  0x0000000014a87800 JavaThread "Attach Listener" daemon [_thread_blocked, id=24756, stack(0x0000000015fd0000,0x00000000160d0000)]
  0x0000000014a86000 JavaThread "Signal Dispatcher" daemon [_thread_blocked, id=21116, stack(0x0000000015ed0000,0x0000000015fd0000)]
  0x00000000023b1000 JavaThread "Finalizer" daemon [_thread_blocked, id=24776, stack(0x0000000015cf0000,0x0000000015df0000)]
  0x0000000014a58800 JavaThread "Reference Handler" daemon [_thread_blocked, id=28656, stack(0x0000000015bf0000,0x0000000015cf0000)]
  0x00000000022c0800 JavaThread "main" [_thread_blocked, id=25276, stack(0x00000000021c0000,0x00000000022c0000)]

Other Threads:
  0x0000000014a57000 VMThread [stack: 0x0000000015af0000,0x0000000015bf0000] [id=20180]
  0x00000000163ea000 WatcherThread [stack: 0x00000000168d0000,0x00000000169d0000] [id=25820]

VM state:not at safepoint (normal execution)

VM Mutex/Monitor currently owned by a thread:  ([mutex/lock_event])
[0x00000000021bbb90] CodeCache_lock - owner thread: 0x0000000014add800
[0x00000000021bd8f0] Compile_lock - owner thread: 0x0000000016656800

Heap:
 PSYoungGen      total 15360K, used 13103K [0x00000000eab00000, 0x00000000ebc00000, 0x0000000100000000)
  eden space 13312K, 83% used [0x00000000eab00000,0x00000000eb5d11c8,0x00000000eb800000)
  from space 2048K, 98% used [0x00000000eb800000,0x00000000eb9faaa8,0x00000000eba00000)
  to   space 2048K, 0% used [0x00000000eba00000,0x00000000eba00000,0x00000000ebc00000)
 ParOldGen       total 35840K, used 1644K [0x00000000c0000000, 0x00000000c2300000, 0x00000000eab00000)
  object space 35840K, 4% used [0x00000000c0000000,0x00000000c019b2d8,0x00000000c2300000)
 Metaspace       used 5852K, capacity 6896K, committed 7040K, reserved 1056768K
  class space    used 594K, capacity 616K, committed 640K, reserved 1048576K

Card table byte_map: [0x0000000011780000,0x0000000011990000] byte_map_base: 0x0000000011180000

Marking Bits: (ParMarkBitMap*) 0x000000007349a5b0
 Begin Bits: [0x0000000011ef0000, 0x0000000012ef0000)
 End Bits:   [0x0000000012ef0000, 0x0000000013ef0000)

Polling page: 0x0000000000810000

CodeCache: size=245760Kb used=4336Kb max_used=4338Kb free=241423Kb
 bounds [0x00000000023c0000, 0x0000000002810000, 0x00000000113c0000]
 total_blobs=1364 nmethods=1093 adapters=182
 compilation: disabled (not enough contiguous free space left)

Compilation events (10 events):
Event: 5.599 Thread 0x0000000014aec000 nmethod 1088 0x00000000027e1b50 code [0x00000000027e1d00, 0x00000000027e2278]
Event: 5.599 Thread 0x0000000014aec000 1093       3       com.android.dx.dex.code.RopTranslator::pickOrder (400 bytes)
Event: 5.603 Thread 0x0000000014aec000 nmethod 1093 0x00000000027f8f50 code [0x00000000027f9280, 0x00000000027fb398]
Event: 5.603 Thread 0x0000000014aec000 1091       3       com.android.dx.dex.file.EncodedMember::<init> (10 bytes)
Event: 5.604 Thread 0x0000000014aec000 nmethod 1091 0x00000000027f21d0 code [0x00000000027f2320, 0x00000000027f24d0]
Event: 5.605 Thread 0x0000000014aec000 1095       3       com.android.dx.cf.code.ByteCatchList::get (9 bytes)
Event: 5.605 Thread 0x0000000014aec000 nmethod 1095 0x00000000027e1650 code [0x00000000027e17c0, 0x00000000027e1aa8]
Event: 5.606 Thread 0x0000000014aec000 1096       3       com.android.dx.ssa.SsaMethod::makeExitBlock (134 bytes)
Event: 5.608 Thread 0x0000000014aec000 nmethod 1096 0x00000000027fe190 code [0x00000000027fe420, 0x00000000027ff428]
Event: 5.611 Thread 0x0000000014a89000 


GC Heap History (2 events):
Event: 4.260 GC heap before
{Heap before GC invocations=1 (full 0):
 PSYoungGen      total 15360K, used 13312K [0x00000000eab00000, 0x00000000ebc00000, 0x0000000100000000)
  eden space 13312K, 100% used [0x00000000eab00000,0x00000000eb800000,0x00000000eb800000)
  from space 2048K, 0% used [0x00000000eba00000,0x00000000eba00000,0x00000000ebc00000)
  to   space 2048K, 0% used [0x00000000eb800000,0x00000000eb800000,0x00000000eba00000)
 ParOldGen       total 35840K, used 0K [0x00000000c0000000, 0x00000000c2300000, 0x00000000eab00000)
  object space 35840K, 0% used [0x00000000c0000000,0x00000000c0000000,0x00000000c2300000)
 Metaspace       used 5687K, capacity 6704K, committed 6784K, reserved 1056768K
  class space    used 592K, capacity 616K, committed 640K, reserved 1048576K
Event: 4.635 GC heap after
Heap after GC invocations=1 (full 0):
 PSYoungGen      total 15360K, used 2026K [0x00000000eab00000, 0x00000000ebc00000, 0x0000000100000000)
  eden space 13312K, 0% used [0x00000000eab00000,0x00000000eab00000,0x00000000eb800000)
  from space 2048K, 98% used [0x00000000eb800000,0x00000000eb9faaa8,0x00000000eba00000)
  to   space 2048K, 0% used [0x00000000eba00000,0x00000000eba00000,0x00000000ebc00000)
 ParOldGen       total 35840K, used 1644K [0x00000000c0000000, 0x00000000c2300000, 0x00000000eab00000)
  object space 35840K, 4% used [0x00000000c0000000,0x00000000c019b2d8,0x00000000c2300000)
 Metaspace       used 5687K, capacity 6704K, committed 6784K, reserved 1056768K
  class space    used 592K, capacity 616K, committed 640K, reserved 1048576K
}

Deoptimization events (7 events):
Event: 3.315 Thread 0x0000000016656800 Uncommon trap: reason=unstable_if action=reinterpret pc=0x00000000025be234 method=java.util.HashMap.getNode(ILjava/lang/Object;)Ljava/util/HashMap$Node; @ 129
Event: 3.579 Thread 0x00000000022c0800 Uncommon trap: reason=unstable_if action=reinterpret pc=0x00000000025c1570 method=java.util.BitSet.nextSetBit(I)I @ 87
Event: 3.882 Thread 0x00000000022c0800 Uncommon trap: reason=class_check action=maybe_recompile pc=0x0000000002662c2c method=com.android.dx.ssa.NormalSsaInsn.accept(Lcom/android/dx/ssa/SsaInsn$Visitor;)V @ 9
Event: 3.882 Thread 0x00000000022c0800 Uncommon trap: reason=class_check action=maybe_recompile pc=0x00000000025fd870 method=com.android.dx.ssa.NormalSsaInsn.accept(Lcom/android/dx/ssa/SsaInsn$Visitor;)V @ 9
Event: 3.883 Thread 0x00000000022c0800 Uncommon trap: reason=class_check action=maybe_recompile pc=0x0000000002662c2c method=com.android.dx.ssa.NormalSsaInsn.accept(Lcom/android/dx/ssa/SsaInsn$Visitor;)V @ 9
Event: 3.883 Thread 0x00000000022c0800 Uncommon trap: reason=class_check action=maybe_recompile pc=0x00000000025fd870 method=com.android.dx.ssa.NormalSsaInsn.accept(Lcom/android/dx/ssa/SsaInsn$Visitor;)V @ 9
Event: 3.883 Thread 0x00000000022c0800 Uncommon trap: reason=class_check action=maybe_recompile pc=0x0000000002662c2c method=com.android.dx.ssa.NormalSsaInsn.accept(Lcom/android/dx/ssa/SsaInsn$Visitor;)V @ 9

Internal exceptions (2 events):
Event: 0.710 Thread 0x00000000022c0800 Exception <a 'java/lang/NoSuchMethodError': Method sun.misc.Unsafe.defineClass(Ljava/lang/String;[BII)Ljava/lang/Class; name or signature does not match> (0x00000000eab0d838) thrown at [C:\workspace\8-2-build-windows-amd64-cygwin\jdk8u65\4987\hotspot\src\sÍB@;µæ?
Event: 0.710 Thread 0x00000000022c0800 Exception <a 'java/lang/NoSuchMethodError': Method sun.misc.Unsafe.prefetchRead(Ljava/lang/Object;J)V name or signature does not match> (0x00000000eab0db20) thrown at [C:\workspace\8-2-build-windows-amd64-cygwin\jdk8u65\4987\hotspot\src\share\vm\prims\jni.

Events (10 events):
Event: 3.883 Thread 0x00000000022c0800 DEOPT UNPACKING pc=0x000000000240582a sp=0x00000000022be530 mode 2
Event: 3.883 Thread 0x00000000022c0800 Uncommon trap: trap_request=0xffffffde fr.pc=0x0000000002662c2c
Event: 3.883 Thread 0x00000000022c0800 DEOPT PACKING pc=0x0000000002662c2c sp=0x00000000022be600
Event: 3.883 Thread 0x00000000022c0800 DEOPT UNPACKING pc=0x000000000240582a sp=0x00000000022be540 mode 2
Event: 4.260 Executing VM operation: ParallelGCFailedAllocation
Event: 4.635 Executing VM operation: ParallelGCFailedAllocation done
Event: 5.108 Executing VM operation: EnableBiasedLocking
Event: 5.453 Executing VM operation: EnableBiasedLocking done
Event: 5.546 loading class com/android/dx/cf/code/BytecodeArray$ConstantParserVisitor
Event: 5.546 loading class com/android/dx/cf/code/BytecodeArray$ConstantParserVisitor done


Dynamic libraries:
0x00007ff673fa0000 - 0x00007ff673fd7000 	C:\Program Files\Java\jdk1.8.0_65\bin\java.exe
0x00007ff861410000 - 0x00007ff8615d1000 	C:\WINDOWS\SYSTEM32\ntdll.dll
0x00007ff860920000 - 0x00007ff8609cd000 	C:\WINDOWS\system32\KERNEL32.DLL
0x00007ff85dba0000 - 0x00007ff85dd88000 	C:\WINDOWS\system32\KERNELBASE.dll
0x00007ff860410000 - 0x00007ff8604b7000 	C:\WINDOWS\system32\ADVAPI32.dll
0x00007ff860520000 - 0x00007ff8605bd000 	C:\WINDOWS\system32\msvcrt.dll
0x00007ff85e810000 - 0x00007ff85e86b000 	C:\WINDOWS\system32\sechost.dll
0x00007ff860790000 - 0x00007ff8608ac000 	C:\WINDOWS\system32\RPCRT4.dll
0x00007ff860140000 - 0x00007ff860296000 	C:\WINDOWS\system32\USER32.dll
0x00007ff85ffa0000 - 0x00007ff860126000 	C:\WINDOWS\system32\GDI32.dll
0x00007ff850590000 - 0x00007ff850804000 	C:\WINDOWS\WinSxS\amd64_microsoft.windows.common-controls_6595b64144ccf1df_6.0.10586.0_none_8c15ae12515e1c22\COMCTL32.dll
0x00007ff860d40000 - 0x00007ff860fbd000 	C:\WINDOWS\system32\combase.dll
0x00007ff85e520000 - 0x00007ff85e58a000 	C:\WINDOWS\system32\bcryptPrimitives.dll
0x00007ff860300000 - 0x00007ff86033b000 	C:\WINDOWS\system32\IMM32.DLL
0x0000000072bb0000 - 0x0000000072c82000 	C:\Program Files\Java\jdk1.8.0_65\jre\bin\msvcr100.dll
0x0000000072c90000 - 0x0000000073519000 	C:\Program Files\Java\jdk1.8.0_65\jre\bin\server\jvm.dll
0x00007ff860130000 - 0x00007ff860138000 	C:\WINDOWS\system32\PSAPI.DLL
0x00007ff859680000 - 0x00007ff859689000 	C:\WINDOWS\SYSTEM32\WSOCK32.dll
0x00007ff860720000 - 0x00007ff86078b000 	C:\WINDOWS\system32\WS2_32.dll
0x00007ff85b6d0000 - 0x00007ff85b6f3000 	C:\WINDOWS\SYSTEM32\WINMM.dll
0x00007ff85b240000 - 0x00007ff85b24a000 	C:\WINDOWS\SYSTEM32\VERSION.dll
0x00007ff85b670000 - 0x00007ff85b69c000 	C:\WINDOWS\SYSTEM32\WINMMBASE.dll
0x00007ff85e4d0000 - 0x00007ff85e513000 	C:\WINDOWS\system32\cfgmgr32.dll
0x0000000072ba0000 - 0x0000000072baf000 	C:\Program Files\Java\jdk1.8.0_65\jre\bin\verify.dll
0x0000000072b70000 - 0x0000000072b99000 	C:\Program Files\Java\jdk1.8.0_65\jre\bin\java.dll
0x0000000072b50000 - 0x0000000072b66000 	C:\Program Files\Java\jdk1.8.0_65\jre\bin\zip.dll
0x00007ff85ea40000 - 0x00007ff85ff9f000 	C:\WINDOWS\system32\SHELL32.dll
0x00007ff85dd90000 - 0x00007ff85e3d4000 	C:\WINDOWS\system32\windows.storage.dll
0x00007ff8608c0000 - 0x00007ff860912000 	C:\WINDOWS\system32\shlwapi.dll
0x00007ff85dab0000 - 0x00007ff85dabf000 	C:\WINDOWS\system32\kernel.appcore.dll
0x00007ff85dac0000 - 0x00007ff85db75000 	C:\WINDOWS\system32\shcore.dll
0x00007ff85da60000 - 0x00007ff85daab000 	C:\WINDOWS\system32\powrprof.dll
0x00007ff85da30000 - 0x00007ff85da44000 	C:\WINDOWS\system32\profapi.dll
0x00007ff848160000 - 0x00007ff8482ec000 	C:\WINDOWS\SYSTEM32\dbghelp.dll

VM Arguments:
jvm_args: -Djava.awt.headless=true -Xmx1024M -Dfile.encoding=windows-1252 -Duser.country=GB -Duser.language=en -Duser.variant 
java_command: com.android.dx.command.Main --dex --num-threads=4 --output C:\Users\hello\AndroidStudioProjects\TrafficLightMania\app\build\intermediates\pre-dexed\release\internal_impl-23.0.0_5133eeff211160254f398638bdffe55ac96957a6.jar C:\Users\hello\AndroidStudioProjects\TrafficLightMania\app\build\intermediates\exploded-aar\com.android.support\support-v4\23.0.0\jars\libs\internal_impl-23.0.0.jar
java_class_path (initial): C:\Users\hello\AppData\Local\Android\sdk\build-tools\23.0.0\lib\dx.jar
Launcher Type: SUN_STANDARD

Environment Variables:
PATH=C:\ProgramData\Oracle\Java\javapath;C:\Windows\system32;C:\Windows;C:\Windows\System32\Wbem;C:\Windows\System32\WindowsPowerShell\v1.0\;C:\Program Files (x86)\Skype\Phone\;C:\Program Files (x86)\MiKTeX 2.9\miktex\bin\;C:\Program Files (x86)\MiKTeX 2.9\miktex\bin;C:\Program Files\Java\jdk1.8.0_65\bin;C:\Program Files\Java\jre1.8.0_65\bin;%SystemRoot%\system32;%SystemRoot%;%SystemRoot%\System32\Wbem;%SYSTEMROOT%\System32\WindowsPowerShell\v1.0\;C:\Program Files (x86)\Google\Chrome\Application;C:\ProgramData\Oracle\Java\javapath;C:\Windows\system32;C:\Windows;C:\Windows\System32\Wbem;C:\Windows\System32\WindowsPowerShell\v1.0\;C:\Program Files (x86)\Skype\Phone\;C:\Program Files (x86)\MiKTeX 2.9\miktex\bin\;C:\Program Files (x86)\MiKTeX 2.9\miktex\bin;C:\Program Files\Java\jdk1.8.0_65\bin;C:\Program Files\Java\jre1.8.0_65\bin;C:\Users\hello\AppData\Local\Programs\Git\cmd
USERNAME=hello
OS=Windows_NT
PROCESSOR_IDENTIFIER=AMD64 Family 21 Model 16 Stepping 1, AuthenticAMD



---------------  S Y S T E M  ---------------

OS: Windows 10.0 , 64 bit Build 10586 (10.0.10586.0)

CPU:total 4 (4 cores per cpu, 1 threads per core) family 21 model 16 stepping 1, cmov, cx8, fxsr, mmx, sse, sse2, sse3, ssse3, sse4.1, sse4.2, popcnt, avx, aes, clmul, mmxext, 3dnowpref, lzcnt, sse4a, tsc, tscinvbit, tscinv, bmi1

Memory: 4k page, physical 3346696k(85456k free), swap 13832456k(148276k free)

vm_info: Java HotSpot(TM) 64-Bit Server VM (25.65-b01) for windows-amd64 JRE (1.8.0_65-b17), built on Oct  6 2015 16:39:20 by "java_re" with MS VC++ 10.0 (VS2010)

time: Thu Dec 24 13:31:15 2015
elapsed time: 5 seconds (0d 0h 0m 5s)

