#
# There is insufficient memory for the Java Runtime Environment to continue.
# Native memory allocation (malloc) failed to allocate 1228752 bytes for Chunk::new
# Possible reasons:
#   The system is out of physical RAM or swap space
#   In 32 bit mode, the process size limit was hit
# Possible solutions:
#   Reduce memory load on the system
#   Increase physical memory or swap space
#   Check if swap backing store is full
#   Use 64 bit Java on a 64 bit OS
#   Decrease Java heap size (-Xmx/-Xms)
#   Decrease number of Java threads
#   Decrease Java thread stack sizes (-Xss)
#   Set larger code cache with -XX:ReservedCodeCacheSize=
# This output file may be truncated or incomplete.
#
#  Out of Memory Error (allocation.cpp:390), pid=12048, tid=25224
#
# JRE version: Java(TM) SE Runtime Environment (8.0_65-b17) (build 1.8.0_65-b17)
# Java VM: Java HotSpot(TM) 64-Bit Server VM (25.65-b01 mixed mode windows-amd64 compressed oops)
# Failed to write core dump. Minidumps are not enabled by default on client versions of Windows
#

---------------  T H R E A D  ---------------

Current thread (0x0000000014b10000):  JavaThread "C2 CompilerThread1" daemon [_thread_in_native, id=25224, stack(0x0000000016170000,0x0000000016270000)]

Stack: [0x0000000016170000,0x0000000016270000]
[error occurred during error reporting (printing stack bounds), id 0xc0000005]

Native frames: (J=compiled Java code, j=interpreted, Vv=VM code, C=native code)


Current CompileTask:
C2:   5414 1026   !   4       com.android.dx.cf.code.BytecodeArray::parseInstruction (2764 bytes)


---------------  P R O C E S S  ---------------

Java Threads: ( => current thread )
  0x0000000016520800 JavaThread "pool-1-thread-4" [_thread_blocked, id=10712, stack(0x0000000016d70000,0x0000000016e70000)]
  0x000000001651c800 JavaThread "pool-1-thread-3" [_thread_in_Java, id=26760, stack(0x0000000016c70000,0x0000000016d70000)]
  0x00000000164cd800 JavaThread "pool-1-thread-2" [_thread_in_Java, id=24404, stack(0x0000000016b70000,0x0000000016c70000)]
  0x00000000164cc800 JavaThread "pool-2-thread-1" [_thread_blocked, id=25672, stack(0x0000000016a70000,0x0000000016b70000)]
  0x0000000016508000 JavaThread "pool-1-thread-1" [_thread_in_Java, id=26000, stack(0x0000000016970000,0x0000000016a70000)]
  0x000000001628c000 JavaThread "Service Thread" daemon [_thread_blocked, id=26540, stack(0x0000000016770000,0x0000000016870000)]
  0x0000000016278800 JavaThread "C1 CompilerThread2" daemon [_thread_blocked, id=16188, stack(0x0000000016670000,0x0000000016770000)]
=>0x0000000014b10000 JavaThread "C2 CompilerThread1" daemon [_thread_in_native, id=25224, stack(0x0000000016170000,0x0000000016270000)]
  0x0000000014b09800 JavaThread "C2 CompilerThread0" daemon [_thread_blocked, id=15588, stack(0x0000000016070000,0x0000000016170000)]
  0x0000000014b07800 JavaThread "Attach Listener" daemon [_thread_blocked, id=23684, stack(0x0000000015f70000,0x0000000016070000)]
  0x0000000014b06000 JavaThread "Signal Dispatcher" daemon [_thread_blocked, id=22356, stack(0x0000000015e70000,0x0000000015f70000)]
  0x0000000002430800 JavaThread "Finalizer" daemon [_thread_blocked, id=6936, stack(0x0000000015d70000,0x0000000015e70000)]
  0x000000000242d000 JavaThread "Reference Handler" daemon [_thread_blocked, id=17872, stack(0x0000000015c70000,0x0000000015d70000)]
  0x0000000002340800 JavaThread "main" [_thread_in_Java, id=19408, stack(0x0000000002240000,0x0000000002340000)]

Other Threads:
  0x0000000014ad8000 VMThread [stack: 0x0000000015b70000,0x0000000015c70000] [id=20540]
  0x0000000016290800 WatcherThread [stack: 0x0000000016870000,0x0000000016970000] [id=28568]

VM state:not at safepoint (normal execution)

VM Mutex/Monitor currently owned by a thread: None

Heap:
 PSYoungGen      total 15360K, used 11859K [0x00000000eab00000, 0x00000000ebc00000, 0x0000000100000000)
  eden space 13312K, 73% used [0x00000000eab00000,0x00000000eb496510,0x00000000eb800000)
  from space 2048K, 99% used [0x00000000eb800000,0x00000000eb9feaa0,0x00000000eba00000)
  to   space 2048K, 0% used [0x00000000eba00000,0x00000000eba00000,0x00000000ebc00000)
 ParOldGen       total 35840K, used 1974K [0x00000000c0000000, 0x00000000c2300000, 0x00000000eab00000)
  object space 35840K, 5% used [0x00000000c0000000,0x00000000c01edad8,0x00000000c2300000)
 Metaspace       used 5774K, capacity 6832K, committed 7040K, reserved 1056768K
  class space    used 589K, capacity 616K, committed 640K, reserved 1048576K

Card table byte_map: [0x0000000011800000,0x0000000011a10000] byte_map_base: 0x0000000011200000

Marking Bits: (ParMarkBitMap*) 0x000000007349a5b0
 Begin Bits: [0x0000000011f70000, 0x0000000012f70000)
 End Bits:   [0x0000000012f70000, 0x0000000013f70000)

Polling page: 0x0000000000810000

CodeCache: size=245760Kb used=4229Kb max_used=4241Kb free=241530Kb
 bounds [0x0000000002440000, 0x0000000002870000, 0x0000000011440000]
 total_blobs=1313 nmethods=1045 adapters=182
 compilation: enabled

Compilation events (10 events):
Event: 5.319 Thread 0x0000000016278800 nmethod 1046 0x000000000285f990 code [0x000000000285fc40, 0x0000000002861588]
Event: 5.326 Thread 0x0000000014b09800 nmethod 1034 0x00000000028650d0 code [0x0000000002865240, 0x0000000002865688]
Event: 5.326 Thread 0x0000000014b09800 1043       4       com.android.dx.ssa.SsaMethod$2::addToUses (48 bytes)
Event: 5.365 Thread 0x0000000014b09800 nmethod 1043 0x00000000028626d0 code [0x0000000002862880, 0x0000000002863238]
Event: 5.365 Thread 0x0000000014b09800 1039       4       java.util.HashMap::putVal (300 bytes)
Event: 5.386 Thread 0x0000000014b09800 nmethod 1039 0x0000000002867cd0 code [0x0000000002867e80, 0x0000000002868618]
Event: 5.386 Thread 0x0000000014b09800 1047       4       java.lang.Object::equals (11 bytes)
Event: 5.387 Thread 0x0000000014b09800 nmethod 1047 0x000000000279e110 code [0x000000000279e240, 0x000000000279e2b8]
Event: 5.387 Thread 0x0000000014b09800 1045       4       java.util.Collections$UnmodifiableCollection$1::next (10 bytes)
Event: 5.391 Thread 0x0000000014b09800 nmethod 1045 0x000000000285c010 code [0x000000000285c180, 0x000000000285c308]

GC Heap History (2 events):
Event: 4.477 GC heap before
{Heap before GC invocations=1 (full 0):
 PSYoungGen      total 15360K, used 13312K [0x00000000eab00000, 0x00000000ebc00000, 0x0000000100000000)
  eden space 13312K, 100% used [0x00000000eab00000,0x00000000eb800000,0x00000000eb800000)
  from space 2048K, 0% used [0x00000000eba00000,0x00000000eba00000,0x00000000ebc00000)
  to   space 2048K, 0% used [0x00000000eb800000,0x00000000eb800000,0x00000000eba00000)
 ParOldGen       total 35840K, used 0K [0x00000000c0000000, 0x00000000c2300000, 0x00000000eab00000)
  object space 35840K, 0% used [0x00000000c0000000,0x00000000c0000000,0x00000000c2300000)
 Metaspace       used 5662K, capacity 6704K, committed 6784K, reserved 1056768K
  class space    used 588K, capacity 616K, committed 640K, reserved 1048576K
Event: 4.742 GC heap after
Heap after GC invocations=1 (full 0):
 PSYoungGen      total 15360K, used 2042K [0x00000000eab00000, 0x00000000ebc00000, 0x0000000100000000)
  eden space 13312K, 0% used [0x00000000eab00000,0x00000000eab00000,0x00000000eb800000)
  from space 2048K, 99% used [0x00000000eb800000,0x00000000eb9feaa0,0x00000000eba00000)
  to   space 2048K, 0% used [0x00000000eba00000,0x00000000eba00000,0x00000000ebc00000)
 ParOldGen       total 35840K, used 1974K [0x00000000c0000000, 0x00000000c2300000, 0x00000000eab00000)
  object space 35840K, 5% used [0x00000000c0000000,0x00000000c01edad8,0x00000000c2300000)
 Metaspace       used 5662K, capacity 6704K, committed 6784K, reserved 1056768K
  class space    used 588K, capacity 616K, committed 640K, reserved 1048576K
}

Deoptimization events (5 events):
Event: 3.858 Thread 0x000000001651c800 Uncommon trap: reason=unstable_if action=reinterpret pc=0x000000000265089c method=java.util.HashMap.getNode(ILjava/lang/Object;)Ljava/util/HashMap$Node; @ 129
Event: 3.874 Thread 0x000000001651c800 Uncommon trap: reason=bimorphic action=maybe_recompile pc=0x0000000002652328 method=java.util.HashMap.getNode(ILjava/lang/Object;)Ljava/util/HashMap$Node; @ 126
Event: 3.874 Thread 0x000000001651c800 Uncommon trap: reason=bimorphic action=maybe_recompile pc=0x0000000002652328 method=java.util.HashMap.getNode(ILjava/lang/Object;)Ljava/util/HashMap$Node; @ 126
Event: 3.874 Thread 0x000000001651c800 Uncommon trap: reason=bimorphic action=maybe_recompile pc=0x0000000002652328 method=java.util.HashMap.getNode(ILjava/lang/Object;)Ljava/util/HashMap$Node; @ 126
Event: 3.874 Thread 0x000000001651c800 Uncommon trap: reason=bimorphic action=maybe_recompile pc=0x0000000002652328 method=java.util.HashMap.getNode(ILjava/lang/Object;)Ljava/util/HashMap$Node; @ 126

Internal exceptions (2 events):
Event: 0.715 Thread 0x0000000002340800 Exception <a 'java/lang/NoSuchMethodError': Method sun.misc.Unsafe.defineClass(Ljava/lang/String;[BII)Ljava/lang/Class; name or signature does not match> (0x00000000eab0d870) thrown at [C:\workspace\8-2-build-windows-amd64-cygwin\jdk8u65\4987\hotspot\src\s·bÕñåæ?
Event: 0.716 Thread 0x0000000002340800 Exception <a 'java/lang/NoSuchMethodError': Method sun.misc.Unsafe.prefetchRead(Ljava/lang/Object;J)V name or signature does not match> (0x00000000eab0db58) thrown at [C:\workspace\8-2-build-windows-amd64-cygwin\jdk8u65\4987\hotspot\src\share\vm\prims\jni.

Events (10 events):
Event: 4.810 Thread 0x000000001651c800 DEOPT PACKING pc=0x00000000026b4d42 sp=0x0000000016d6ebd0
Event: 4.810 Thread 0x000000001651c800 DEOPT UNPACKING pc=0x000000000248747f sp=0x0000000016d6e948 mode 0
Event: 5.054 Executing VM operation: EnableBiasedLocking
Event: 5.089 Executing VM operation: EnableBiasedLocking done
Event: 5.176 loading class com/android/dx/cf/attrib/AttEnclosingMethod
Event: 5.176 loading class com/android/dx/cf/attrib/AttEnclosingMethod done
Event: 5.260 loading class com/android/dx/cf/code/BytecodeArray$ConstantParserVisitor
Event: 5.260 loading class com/android/dx/cf/code/BytecodeArray$ConstantParserVisitor done
Event: 5.297 Thread 0x000000001651c800 DEOPT PACKING pc=0x0000000002721ffa sp=0x0000000016d6ec60
Event: 5.297 Thread 0x000000001651c800 DEOPT UNPACKING pc=0x000000000248747f sp=0x0000000016d6e9c8 mode 0


Dynamic libraries:
0x00007ff673fa0000 - 0x00007ff673fd7000 	C:\Program Files\Java\jdk1.8.0_65\bin\java.exe
0x00007ff861410000 - 0x00007ff8615d1000 	C:\WINDOWS\SYSTEM32\ntdll.dll
0x00007ff860920000 - 0x00007ff8609cd000 	C:\WINDOWS\system32\KERNEL32.DLL
0x00007ff85dba0000 - 0x00007ff85dd88000 	C:\WINDOWS\system32\KERNELBASE.dll
0x00007ff860410000 - 0x00007ff8604b7000 	C:\WINDOWS\system32\ADVAPI32.dll
0x00007ff860520000 - 0x00007ff8605bd000 	C:\WINDOWS\system32\msvcrt.dll
0x00007ff85e810000 - 0x00007ff85e86b000 	C:\WINDOWS\system32\sechost.dll
0x00007ff860790000 - 0x00007ff8608ac000 	C:\WINDOWS\system32\RPCRT4.dll
0x00007ff860140000 - 0x00007ff860296000 	C:\WINDOWS\system32\USER32.dll
0x00007ff85ffa0000 - 0x00007ff860126000 	C:\WINDOWS\system32\GDI32.dll
0x00007ff850590000 - 0x00007ff850804000 	C:\WINDOWS\WinSxS\amd64_microsoft.windows.common-controls_6595b64144ccf1df_6.0.10586.0_none_8c15ae12515e1c22\COMCTL32.dll
0x00007ff860d40000 - 0x00007ff860fbd000 	C:\WINDOWS\system32\combase.dll
0x00007ff85e520000 - 0x00007ff85e58a000 	C:\WINDOWS\system32\bcryptPrimitives.dll
0x00007ff860300000 - 0x00007ff86033b000 	C:\WINDOWS\system32\IMM32.DLL
0x0000000072bb0000 - 0x0000000072c82000 	C:\Program Files\Java\jdk1.8.0_65\jre\bin\msvcr100.dll
0x0000000072c90000 - 0x0000000073519000 	C:\Program Files\Java\jdk1.8.0_65\jre\bin\server\jvm.dll
0x00007ff860130000 - 0x00007ff860138000 	C:\WINDOWS\system32\PSAPI.DLL
0x00007ff859680000 - 0x00007ff859689000 	C:\WINDOWS\SYSTEM32\WSOCK32.dll
0x00007ff860720000 - 0x00007ff86078b000 	C:\WINDOWS\system32\WS2_32.dll
0x00007ff85b240000 - 0x00007ff85b24a000 	C:\WINDOWS\SYSTEM32\VERSION.dll
0x00007ff85b6d0000 - 0x00007ff85b6f3000 	C:\WINDOWS\SYSTEM32\WINMM.dll
0x00007ff85b670000 - 0x00007ff85b69c000 	C:\WINDOWS\SYSTEM32\WINMMBASE.dll
0x00007ff85e4d0000 - 0x00007ff85e513000 	C:\WINDOWS\system32\cfgmgr32.dll
0x0000000072ba0000 - 0x0000000072baf000 	C:\Program Files\Java\jdk1.8.0_65\jre\bin\verify.dll
0x0000000072b70000 - 0x0000000072b99000 	C:\Program Files\Java\jdk1.8.0_65\jre\bin\java.dll
0x0000000072b50000 - 0x0000000072b66000 	C:\Program Files\Java\jdk1.8.0_65\jre\bin\zip.dll
0x00007ff85ea40000 - 0x00007ff85ff9f000 	C:\WINDOWS\system32\SHELL32.dll
0x00007ff85dd90000 - 0x00007ff85e3d4000 	C:\WINDOWS\system32\windows.storage.dll
0x00007ff8608c0000 - 0x00007ff860912000 	C:\WINDOWS\system32\shlwapi.dll
0x00007ff85dab0000 - 0x00007ff85dabf000 	C:\WINDOWS\system32\kernel.appcore.dll
0x00007ff85dac0000 - 0x00007ff85db75000 	C:\WINDOWS\system32\shcore.dll
0x00007ff85da60000 - 0x00007ff85daab000 	C:\WINDOWS\system32\powrprof.dll
0x00007ff85da30000 - 0x00007ff85da44000 	C:\WINDOWS\system32\profapi.dll

VM Arguments:
jvm_args: -Djava.awt.headless=true -Xmx1024M -Dfile.encoding=windows-1252 -Duser.country=GB -Duser.language=en -Duser.variant 
java_command: com.android.dx.command.Main --dex --num-threads=4 --output C:\Users\hello\AndroidStudioProjects\TrafficLightMania\app\build\intermediates\pre-dexed\release\com.google.android.gms-play-services-wearable-8.4.0_81ed170e3937e60a4d95702a866d29fe34ccfd88.jar C:\Users\hello\AndroidStudioProjects\TrafficLightMania\app\build\intermediates\exploded-aar\com.google.android.gms\play-services-wearable\8.4.0\jars\classes.jar
java_class_path (initial): C:\Users\hello\AppData\Local\Android\sdk\build-tools\23.0.0\lib\dx.jar
Launcher Type: SUN_STANDARD

Environment Variables:
PATH=C:\ProgramData\Oracle\Java\javapath;C:\Windows\system32;C:\Windows;C:\Windows\System32\Wbem;C:\Windows\System32\WindowsPowerShell\v1.0\;C:\Program Files (x86)\Skype\Phone\;C:\Program Files (x86)\MiKTeX 2.9\miktex\bin\;C:\Program Files (x86)\MiKTeX 2.9\miktex\bin;C:\Program Files\Java\jdk1.8.0_65\bin;C:\Program Files\Java\jre1.8.0_65\bin;%SystemRoot%\system32;%SystemRoot%;%SystemRoot%\System32\Wbem;%SYSTEMROOT%\System32\WindowsPowerShell\v1.0\;C:\Program Files (x86)\Google\Chrome\Application;C:\ProgramData\Oracle\Java\javapath;C:\Windows\system32;C:\Windows;C:\Windows\System32\Wbem;C:\Windows\System32\WindowsPowerShell\v1.0\;C:\Program Files (x86)\Skype\Phone\;C:\Program Files (x86)\MiKTeX 2.9\miktex\bin\;C:\Program Files (x86)\MiKTeX 2.9\miktex\bin;C:\Program Files\Java\jdk1.8.0_65\bin;C:\Program Files\Java\jre1.8.0_65\bin;C:\Users\hello\AppData\Local\Programs\Git\cmd
USERNAME=hello
OS=Windows_NT
PROCESSOR_IDENTIFIER=AMD64 Family 21 Model 16 Stepping 1, AuthenticAMD



---------------  S Y S T E M  ---------------

OS: Windows 10.0 , 64 bit Build 10586 (10.0.10586.0)

CPU:total 4 (4 cores per cpu, 1 threads per core) family 21 model 16 stepping 1, cmov, cx8, fxsr, mmx, sse, sse2, sse3, ssse3, sse4.1, sse4.2, popcnt, avx, aes, clmul, mmxext, 3dnowpref, lzcnt, sse4a, tsc, tscinvbit, tscinv, bmi1

Memory: 4k page, physical 3346696k(48204k free), swap 13832456k(5124k free)

vm_info: Java HotSpot(TM) 64-Bit Server VM (25.65-b01) for windows-amd64 JRE (1.8.0_65-b17), built on Oct  6 2015 16:39:20 by "java_re" with MS VC++ 10.0 (VS2010)

time: Thu Dec 24 13:31:15 2015
elapsed time: 5 seconds (0d 0h 0m 5s)

