#
# There is insufficient memory for the Java Runtime Environment to continue.
# Native memory allocation (malloc) failed to allocate 32816 bytes for Chunk::new
# Possible reasons:
#   The system is out of physical RAM or swap space
#   In 32 bit mode, the process size limit was hit
# Possible solutions:
#   Reduce memory load on the system
#   Increase physical memory or swap space
#   Check if swap backing store is full
#   Use 64 bit Java on a 64 bit OS
#   Decrease Java heap size (-Xmx/-Xms)
#   Decrease number of Java threads
#   Decrease Java thread stack sizes (-Xss)
#   Set larger code cache with -XX:ReservedCodeCacheSize=
# This output file may be truncated or incomplete.
#
#  Out of Memory Error (allocation.cpp:390), pid=13480, tid=28208
#
# JRE version: Java(TM) SE Runtime Environment (8.0_65-b17) (build 1.8.0_65-b17)
# Java VM: Java HotSpot(TM) 64-Bit Server VM (25.65-b01 mixed mode windows-amd64 compressed oops)
# Failed to write core dump. Minidumps are not enabled by default on client versions of Windows
#

---------------  T H R E A D  ---------------

Current thread (0x0000000014950000):  JavaThread "C2 CompilerThread1" daemon [_thread_in_native, id=28208, stack(0x0000000016090000,0x0000000016190000)]

Stack: [0x0000000016090000,0x0000000016190000]
[error occurred during error reporting (printing stack bounds), id 0xc0000005]

Native frames: (J=compiled Java code, j=interpreted, Vv=VM code, C=native code)


Current CompileTask:
C2:   1400  309       4       java.lang.String::replace (127 bytes)


---------------  P R O C E S S  ---------------

Java Threads: ( => current thread )
  0x0000000016500000 JavaThread "pool-1-thread-4" [_thread_blocked, id=15320, stack(0x0000000016c90000,0x0000000016d90000)]
  0x00000000164ff000 JavaThread "pool-1-thread-3" [_thread_blocked, id=5660, stack(0x0000000016b90000,0x0000000016c90000)]
  0x00000000164fb800 JavaThread "pool-1-thread-2" [_thread_in_Java, id=27404, stack(0x0000000016a90000,0x0000000016b90000)]
  0x00000000164f8800 JavaThread "pool-2-thread-1" [_thread_blocked, id=27020, stack(0x0000000016990000,0x0000000016a90000)]
  0x00000000164f8000 JavaThread "pool-1-thread-1" [_thread_in_vm, id=25432, stack(0x0000000016890000,0x0000000016990000)]
  0x00000000162bd800 JavaThread "Service Thread" daemon [_thread_blocked, id=24008, stack(0x0000000016690000,0x0000000016790000)]
  0x0000000014957000 JavaThread "C1 CompilerThread2" daemon [_thread_in_native, id=28496, stack(0x0000000016190000,0x0000000016290000)]
=>0x0000000014950000 JavaThread "C2 CompilerThread1" daemon [_thread_in_native, id=28208, stack(0x0000000016090000,0x0000000016190000)]
  0x000000001494a800 JavaThread "C2 CompilerThread0" daemon [_thread_blocked, id=28456, stack(0x0000000015f90000,0x0000000016090000)]
  0x0000000014948800 JavaThread "Attach Listener" daemon [_thread_blocked, id=7188, stack(0x0000000015e90000,0x0000000015f90000)]
  0x0000000014947800 JavaThread "Signal Dispatcher" daemon [_thread_blocked, id=27172, stack(0x0000000015d90000,0x0000000015e90000)]
  0x0000000002270800 JavaThread "Finalizer" daemon [_thread_blocked, id=11260, stack(0x0000000015bb0000,0x0000000015cb0000)]
  0x000000000226d000 JavaThread "Reference Handler" daemon [_thread_blocked, id=27620, stack(0x0000000015ab0000,0x0000000015bb0000)]
  0x0000000002180800 JavaThread "main" [_thread_in_native, id=7632, stack(0x0000000002060000,0x0000000002160000)]

Other Threads:
  0x0000000014918000 VMThread [stack: 0x00000000159b0000,0x0000000015ab0000] [id=4492]
  0x00000000162dc000 WatcherThread [stack: 0x0000000016790000,0x0000000016890000] [id=27436]

VM state:not at safepoint (normal execution)

VM Mutex/Monitor currently owned by a thread: None

Heap:
 PSYoungGen      total 15360K, used 7563K [0x00000000eab00000, 0x00000000ebc00000, 0x0000000100000000)
  eden space 13312K, 56% used [0x00000000eab00000,0x00000000eb267958,0x00000000eb800000)
  from space 2048K, 0% used [0x00000000eba00000,0x00000000eba00000,0x00000000ebc00000)
  to   space 2048K, 0% used [0x00000000eb800000,0x00000000eb800000,0x00000000eba00000)
 ParOldGen       total 35840K, used 0K [0x00000000c0000000, 0x00000000c2300000, 0x00000000eab00000)
  object space 35840K, 0% used [0x00000000c0000000,0x00000000c0000000,0x00000000c2300000)
 Metaspace       used 4813K, capacity 5936K, committed 6272K, reserved 1056768K
  class space    used 534K, capacity 552K, committed 640K, reserved 1048576K

Card table byte_map: [0x0000000011640000,0x0000000011850000] byte_map_base: 0x0000000011040000

Marking Bits: (ParMarkBitMap*) 0x000000007349a5b0
 Begin Bits: [0x0000000011db0000, 0x0000000012db0000)
 End Bits:   [0x0000000012db0000, 0x0000000013db0000)

Polling page: 0x0000000000510000

CodeCache: size=245760Kb used=1830Kb max_used=1833Kb free=243929Kb
 bounds [0x0000000002280000, 0x00000000024f0000, 0x0000000011280000]
 total_blobs=613 nmethods=349 adapters=178
 compilation: enabled

Compilation events (10 events):
Event: 1.389 Thread 0x0000000014957000 nmethod 322 0x000000000243f6d0 code [0x000000000243f820, 0x000000000243f930]
Event: 1.389 Thread 0x0000000014957000  323       3       java.util.zip.ZipEntry::getSize (5 bytes)
Event: 1.389 Thread 0x0000000014957000 nmethod 323 0x000000000243f990 code [0x000000000243fae0, 0x000000000243fc30]
Event: 1.390 Thread 0x0000000014957000  324       3       java.util.ArrayList::isEmpty (13 bytes)
Event: 1.390 Thread 0x0000000014957000 nmethod 324 0x000000000243fc90 code [0x000000000243fde0, 0x000000000243ff90]
Event: 1.390 Thread 0x0000000014957000  325       3       java.util.Arrays::copyOf (46 bytes)
Event: 1.391 Thread 0x0000000014957000 nmethod 325 0x0000000002440010 code [0x00000000024401c0, 0x0000000002440868]
Event: 1.391 Thread 0x0000000014957000  326       3       java.util.Arrays::copyOf (13 bytes)
Event: 1.391 Thread 0x0000000014957000 nmethod 326 0x0000000002440a50 code [0x0000000002440bc0, 0x0000000002440dc8]
Event: 1.391 Thread 0x0000000014957000  327  s    3       java.lang.Throwable::fillInStackTrace (29 bytes)

GC Heap History (0 events):
No events

Deoptimization events (0 events):
No events

Internal exceptions (2 events):
Event: 0.076 Thread 0x0000000002180800 Exception <a 'java/lang/NoSuchMethodError': Method sun.misc.Unsafe.defineClass(Ljava/lang/String;[BII)Ljava/lang/Class; name or signature does not match> (0x00000000eab0d868) thrown at [C:\workspace\8-2-build-windows-amd64-cygwin\jdk8u65\4987\hotspot\src\sqy%'癳?
Event: 0.077 Thread 0x0000000002180800 Exception <a 'java/lang/NoSuchMethodError': Method sun.misc.Unsafe.prefetchRead(Ljava/lang/Object;J)V name or signature does not match> (0x00000000eab0db50) thrown at [C:\workspace\8-2-build-windows-amd64-cygwin\jdk8u65\4987\hotspot\src\share\vm\prims\jni.

Events (10 events):
Event: 1.385 loading class com/android/dx/ssa/SCCP
Event: 1.385 loading class com/android/dx/ssa/SCCP done
Event: 1.387 loading class com/android/dx/ssa/SsaMethod$2
Event: 1.387 loading class com/android/dx/ssa/SsaMethod$2 done
Event: 1.389 loading class com/android/dx/ssa/DeadCodeRemover
Event: 1.389 loading class com/android/dx/ssa/DeadCodeRemover done
Event: 1.390 loading class com/android/dx/ssa/SsaMethod$1
Event: 1.390 loading class com/android/dx/ssa/SsaMethod$1 done
Event: 1.390 loading class com/android/dx/ssa/DeadCodeRemover$NoSideEffectVisitor
Event: 1.390 loading class com/android/dx/ssa/DeadCodeRemover$NoSideEffectVisitor done


Dynamic libraries:
0x00007ff673fa0000 - 0x00007ff673fd7000 	C:\Program Files\Java\jdk1.8.0_65\bin\java.exe
0x00007ff861410000 - 0x00007ff8615d1000 	C:\WINDOWS\SYSTEM32\ntdll.dll
0x00007ff860920000 - 0x00007ff8609cd000 	C:\WINDOWS\system32\KERNEL32.DLL
0x00007ff85dba0000 - 0x00007ff85dd88000 	C:\WINDOWS\system32\KERNELBASE.dll
0x00007ff860410000 - 0x00007ff8604b7000 	C:\WINDOWS\system32\ADVAPI32.dll
0x00007ff860520000 - 0x00007ff8605bd000 	C:\WINDOWS\system32\msvcrt.dll
0x00007ff85e810000 - 0x00007ff85e86b000 	C:\WINDOWS\system32\sechost.dll
0x00007ff860790000 - 0x00007ff8608ac000 	C:\WINDOWS\system32\RPCRT4.dll
0x00007ff860140000 - 0x00007ff860296000 	C:\WINDOWS\system32\USER32.dll
0x00007ff85ffa0000 - 0x00007ff860126000 	C:\WINDOWS\system32\GDI32.dll
0x00007ff850590000 - 0x00007ff850804000 	C:\WINDOWS\WinSxS\amd64_microsoft.windows.common-controls_6595b64144ccf1df_6.0.10586.0_none_8c15ae12515e1c22\COMCTL32.dll
0x00007ff860d40000 - 0x00007ff860fbd000 	C:\WINDOWS\system32\combase.dll
0x00007ff85e520000 - 0x00007ff85e58a000 	C:\WINDOWS\system32\bcryptPrimitives.dll
0x00007ff860300000 - 0x00007ff86033b000 	C:\WINDOWS\system32\IMM32.DLL
0x0000000072bb0000 - 0x0000000072c82000 	C:\Program Files\Java\jdk1.8.0_65\jre\bin\msvcr100.dll
0x0000000072c90000 - 0x0000000073519000 	C:\Program Files\Java\jdk1.8.0_65\jre\bin\server\jvm.dll
0x00007ff860130000 - 0x00007ff860138000 	C:\WINDOWS\system32\PSAPI.DLL
0x00007ff859680000 - 0x00007ff859689000 	C:\WINDOWS\SYSTEM32\WSOCK32.dll
0x00007ff860720000 - 0x00007ff86078b000 	C:\WINDOWS\system32\WS2_32.dll
0x00007ff85b6d0000 - 0x00007ff85b6f3000 	C:\WINDOWS\SYSTEM32\WINMM.dll
0x00007ff85b240000 - 0x00007ff85b24a000 	C:\WINDOWS\SYSTEM32\VERSION.dll
0x00007ff85b670000 - 0x00007ff85b69c000 	C:\WINDOWS\SYSTEM32\WINMMBASE.dll
0x00007ff85e4d0000 - 0x00007ff85e513000 	C:\WINDOWS\system32\cfgmgr32.dll
0x0000000072ba0000 - 0x0000000072baf000 	C:\Program Files\Java\jdk1.8.0_65\jre\bin\verify.dll
0x0000000072b70000 - 0x0000000072b99000 	C:\Program Files\Java\jdk1.8.0_65\jre\bin\java.dll
0x0000000072b50000 - 0x0000000072b66000 	C:\Program Files\Java\jdk1.8.0_65\jre\bin\zip.dll
0x00007ff85ea40000 - 0x00007ff85ff9f000 	C:\WINDOWS\system32\SHELL32.dll
0x00007ff85dd90000 - 0x00007ff85e3d4000 	C:\WINDOWS\system32\windows.storage.dll
0x00007ff8608c0000 - 0x00007ff860912000 	C:\WINDOWS\system32\shlwapi.dll
0x00007ff85dab0000 - 0x00007ff85dabf000 	C:\WINDOWS\system32\kernel.appcore.dll
0x00007ff85dac0000 - 0x00007ff85db75000 	C:\WINDOWS\system32\shcore.dll
0x00007ff85da60000 - 0x00007ff85daab000 	C:\WINDOWS\system32\powrprof.dll
0x00007ff85da30000 - 0x00007ff85da44000 	C:\WINDOWS\system32\profapi.dll

VM Arguments:
jvm_args: -Djava.awt.headless=true -Xmx1024M -Dfile.encoding=windows-1252 -Duser.country=GB -Duser.language=en -Duser.variant 
java_command: com.android.dx.command.Main --dex --num-threads=4 --output C:\Users\hello\AndroidStudioProjects\TrafficLightMania\app\build\intermediates\pre-dexed\release\com.google.android.gms-play-services-nearby-8.4.0_80a96bee3b849f71d4e19313782bb36d0f4d03ee.jar C:\Users\hello\AndroidStudioProjects\TrafficLightMania\app\build\intermediates\exploded-aar\com.google.android.gms\play-services-nearby\8.4.0\jars\classes.jar
java_class_path (initial): C:\Users\hello\AppData\Local\Android\sdk\build-tools\23.0.0\lib\dx.jar
Launcher Type: SUN_STANDARD

Environment Variables:
PATH=C:\ProgramData\Oracle\Java\javapath;C:\Windows\system32;C:\Windows;C:\Windows\System32\Wbem;C:\Windows\System32\WindowsPowerShell\v1.0\;C:\Program Files (x86)\Skype\Phone\;C:\Program Files (x86)\MiKTeX 2.9\miktex\bin\;C:\Program Files (x86)\MiKTeX 2.9\miktex\bin;C:\Program Files\Java\jdk1.8.0_65\bin;C:\Program Files\Java\jre1.8.0_65\bin;%SystemRoot%\system32;%SystemRoot%;%SystemRoot%\System32\Wbem;%SYSTEMROOT%\System32\WindowsPowerShell\v1.0\;C:\Program Files (x86)\Google\Chrome\Application;C:\ProgramData\Oracle\Java\javapath;C:\Windows\system32;C:\Windows;C:\Windows\System32\Wbem;C:\Windows\System32\WindowsPowerShell\v1.0\;C:\Program Files (x86)\Skype\Phone\;C:\Program Files (x86)\MiKTeX 2.9\miktex\bin\;C:\Program Files (x86)\MiKTeX 2.9\miktex\bin;C:\Program Files\Java\jdk1.8.0_65\bin;C:\Program Files\Java\jre1.8.0_65\bin;C:\Users\hello\AppData\Local\Programs\Git\cmd
USERNAME=hello
OS=Windows_NT
PROCESSOR_IDENTIFIER=AMD64 Family 21 Model 16 Stepping 1, AuthenticAMD



---------------  S Y S T E M  ---------------

OS: Windows 10.0 , 64 bit Build 10586 (10.0.10586.0)

CPU:total 4 (4 cores per cpu, 1 threads per core) family 21 model 16 stepping 1, cmov, cx8, fxsr, mmx, sse, sse2, sse3, ssse3, sse4.1, sse4.2, popcnt, avx, aes, clmul, mmxext, 3dnowpref, lzcnt, sse4a, tsc, tscinvbit, tscinv, bmi1

Memory: 4k page, physical 3346696k(216040k free), swap 13832456k(16992k free)

vm_info: Java HotSpot(TM) 64-Bit Server VM (25.65-b01) for windows-amd64 JRE (1.8.0_65-b17), built on Oct  6 2015 16:39:20 by "java_re" with MS VC++ 10.0 (VS2010)

time: Thu Dec 24 14:14:41 2015
elapsed time: 1 seconds (0d 0h 0m 1s)

