#
# There is insufficient memory for the Java Runtime Environment to continue.
# Native memory allocation (malloc) failed to allocate 391856 bytes for Chunk::new
# Possible reasons:
#   The system is out of physical RAM or swap space
#   In 32 bit mode, the process size limit was hit
# Possible solutions:
#   Reduce memory load on the system
#   Increase physical memory or swap space
#   Check if swap backing store is full
#   Use 64 bit Java on a 64 bit OS
#   Decrease Java heap size (-Xmx/-Xms)
#   Decrease number of Java threads
#   Decrease Java thread stack sizes (-Xss)
#   Set larger code cache with -XX:ReservedCodeCacheSize=
# This output file may be truncated or incomplete.
#
#  Out of Memory Error (allocation.cpp:390), pid=27840, tid=21428
#
# JRE version: Java(TM) SE Runtime Environment (8.0_65-b17) (build 1.8.0_65-b17)
# Java VM: Java HotSpot(TM) 64-Bit Server VM (25.65-b01 mixed mode windows-amd64 compressed oops)
# Failed to write core dump. Minidumps are not enabled by default on client versions of Windows
#

---------------  T H R E A D  ---------------

Current thread (0x00000000149fa800):  JavaThread "C2 CompilerThread0" daemon [_thread_in_native, id=21428, stack(0x0000000016040000,0x0000000016140000)]

Stack: [0x0000000016040000,0x0000000016140000]
[error occurred during error reporting (printing stack bounds), id 0xc0000005]

Native frames: (J=compiled Java code, j=interpreted, Vv=VM code, C=native code)


Current CompileTask:
C2:   2604  743       4       com.android.dx.ssa.SsaBasicBlock::forEachInsn (37 bytes)


---------------  P R O C E S S  ---------------

Java Threads: ( => current thread )
  0x00000000165cb800 JavaThread "pool-1-thread-4" [_thread_in_Java, id=20852, stack(0x0000000016d40000,0x0000000016e40000)]
  0x00000000165cb000 JavaThread "pool-1-thread-3" [_thread_in_vm, id=26548, stack(0x0000000016c40000,0x0000000016d40000)]
  0x00000000165ca000 JavaThread "pool-1-thread-2" [_thread_in_Java, id=10988, stack(0x0000000016b40000,0x0000000016c40000)]
  0x00000000165c7800 JavaThread "pool-2-thread-1" [_thread_blocked, id=21032, stack(0x0000000016a40000,0x0000000016b40000)]
  0x00000000165c5000 JavaThread "pool-1-thread-1" [_thread_blocked, id=23900, stack(0x0000000016940000,0x0000000016a40000)]
  0x0000000016345800 JavaThread "Service Thread" daemon [_thread_blocked, id=4148, stack(0x0000000016740000,0x0000000016840000)]
  0x0000000014a5c000 JavaThread "C1 CompilerThread2" daemon [_thread_in_native, id=13932, stack(0x0000000016240000,0x0000000016340000)]
  0x0000000014a51800 JavaThread "C2 CompilerThread1" daemon [_thread_in_native, id=11192, stack(0x0000000016140000,0x0000000016240000)]
=>0x00000000149fa800 JavaThread "C2 CompilerThread0" daemon [_thread_in_native, id=21428, stack(0x0000000016040000,0x0000000016140000)]
  0x00000000149f8800 JavaThread "Attach Listener" daemon [_thread_blocked, id=26620, stack(0x0000000015f40000,0x0000000016040000)]
  0x00000000149f7800 JavaThread "Signal Dispatcher" daemon [_thread_blocked, id=10896, stack(0x0000000015e40000,0x0000000015f40000)]
  0x0000000002320800 JavaThread "Finalizer" daemon [_thread_in_vm, id=20908, stack(0x0000000015c60000,0x0000000015d60000)]
  0x000000000231d000 JavaThread "Reference Handler" daemon [_thread_blocked, id=25184, stack(0x0000000015b60000,0x0000000015c60000)]
  0x0000000002230800 JavaThread "main" [_thread_in_Java, id=27460, stack(0x0000000002060000,0x0000000002160000)]

Other Threads:
  0x00000000149c8000 VMThread [stack: 0x0000000015a60000,0x0000000015b60000] [id=24400]
  0x000000001635a800 WatcherThread [stack: 0x0000000016840000,0x0000000016940000] [id=15700]

VM state:not at safepoint (normal execution)

VM Mutex/Monitor currently owned by a thread: None

Heap:
 PSYoungGen      total 15360K, used 3316K [0x00000000eab00000, 0x00000000ebc00000, 0x0000000100000000)
  eden space 13312K, 9% used [0x00000000eab00000,0x00000000eac3f438,0x00000000eb800000)
  from space 2048K, 99% used [0x00000000eb800000,0x00000000eb9fdc80,0x00000000eba00000)
  to   space 2048K, 0% used [0x00000000eba00000,0x00000000eba00000,0x00000000ebc00000)
 ParOldGen       total 35840K, used 2041K [0x00000000c0000000, 0x00000000c2300000, 0x00000000eab00000)
  object space 35840K, 5% used [0x00000000c0000000,0x00000000c01fe4e8,0x00000000c2300000)
 Metaspace       used 5620K, capacity 6640K, committed 6784K, reserved 1056768K
  class space    used 587K, capacity 616K, committed 640K, reserved 1048576K

Card table byte_map: [0x00000000116f0000,0x0000000011900000] byte_map_base: 0x00000000110f0000

Marking Bits: (ParMarkBitMap*) 0x000000007349a5b0
 Begin Bits: [0x0000000011e60000, 0x0000000012e60000)
 End Bits:   [0x0000000012e60000, 0x0000000013e60000)

Polling page: 0x0000000000520000

CodeCache: size=245760Kb used=2823Kb max_used=2834Kb free=242936Kb
 bounds [0x0000000002330000, 0x0000000002600000, 0x0000000011330000]
 total_blobs=1013 nmethods=745 adapters=182
 compilation: enabled

Compilation events (10 events):
Event: 2.211 Thread 0x0000000014a5c000 nmethod 741 0x00000000025d9ed0 code [0x00000000025da020, 0x00000000025da110]
Event: 2.211 Thread 0x0000000014a5c000  718       1       com.android.dx.rop.cst.TypedConstant::isConstant (2 bytes)
Event: 2.211 Thread 0x0000000014a5c000 nmethod 718 0x00000000025d9b90 code [0x00000000025d9ce0, 0x00000000025d9df0]
Event: 2.211 Thread 0x0000000014a5c000  715       1       com.android.dx.cf.attrib.AttCode::getMaxLocals (5 bytes)
Event: 2.211 Thread 0x0000000014a5c000 nmethod 715 0x00000000025e9610 code [0x00000000025e9760, 0x00000000025e9870]
Event: 2.211 Thread 0x0000000014a5c000  745       3       com.android.dx.ssa.SCCP::simulatePhiBlock (50 bytes)
Event: 2.212 Thread 0x0000000014a51800  748       4       com.android.dx.ssa.SsaBasicBlock::isReachable (29 bytes)
Event: 2.212 Thread 0x0000000014a5c000 nmethod 745 0x00000000025eca90 code [0x00000000025ecc80, 0x00000000025ed5b8]
Event: 2.212 Thread 0x0000000014a5c000  746       3       com.android.dx.ssa.LiteralOpUpgrader$1::visitNonMoveInsn (203 bytes)
Event: 2.212 Thread 0x0000000014a51800 nmethod 748 0x00000000025e93d0 code [0x00000000025e9500, 0x00000000025e9598]

GC Heap History (2 events):
Event: 2.440 GC heap before
{Heap before GC invocations=1 (full 0):
 PSYoungGen      total 15360K, used 13312K [0x00000000eab00000, 0x00000000ebc00000, 0x0000000100000000)
  eden space 13312K, 100% used [0x00000000eab00000,0x00000000eb800000,0x00000000eb800000)
  from space 2048K, 0% used [0x00000000eba00000,0x00000000eba00000,0x00000000ebc00000)
  to   space 2048K, 0% used [0x00000000eb800000,0x00000000eb800000,0x00000000eba00000)
 ParOldGen       total 35840K, used 0K [0x00000000c0000000, 0x00000000c2300000, 0x00000000eab00000)
  object space 35840K, 0% used [0x00000000c0000000,0x00000000c0000000,0x00000000c2300000)
 Metaspace       used 5574K, capacity 6640K, committed 6784K, reserved 1056768K
  class space    used 587K, capacity 616K, committed 640K, reserved 1048576K
Event: 2.571 GC heap after
Heap after GC invocations=1 (full 0):
 PSYoungGen      total 15360K, used 2039K [0x00000000eab00000, 0x00000000ebc00000, 0x0000000100000000)
  eden space 13312K, 0% used [0x00000000eab00000,0x00000000eab00000,0x00000000eb800000)
  from space 2048K, 99% used [0x00000000eb800000,0x00000000eb9fdc80,0x00000000eba00000)
  to   space 2048K, 0% used [0x00000000eba00000,0x00000000eba00000,0x00000000ebc00000)
 ParOldGen       total 35840K, used 2041K [0x00000000c0000000, 0x00000000c2300000, 0x00000000eab00000)
  object space 35840K, 5% used [0x00000000c0000000,0x00000000c01fe4e8,0x00000000c2300000)
 Metaspace       used 5574K, capacity 6640K, committed 6784K, reserved 1056768K
  class space    used 587K, capacity 616K, committed 640K, reserved 1048576K
}

Deoptimization events (6 events):
Event: 1.929 Thread 0x00000000165ca000 Uncommon trap: reason=unstable_if action=reinterpret pc=0x000000000256d9f0 method=java.util.BitSet.nextSetBit(I)I @ 87
Event: 1.940 Thread 0x0000000002230800 Uncommon trap: reason=class_check action=maybe_recompile pc=0x0000000002599530 method=com.android.dx.ssa.NormalSsaInsn.accept(Lcom/android/dx/ssa/SsaInsn$Visitor;)V @ 9
Event: 1.940 Thread 0x0000000002230800 Uncommon trap: reason=class_check action=maybe_recompile pc=0x0000000002599530 method=com.android.dx.ssa.NormalSsaInsn.accept(Lcom/android/dx/ssa/SsaInsn$Visitor;)V @ 9
Event: 1.940 Thread 0x0000000002230800 Uncommon trap: reason=class_check action=maybe_recompile pc=0x0000000002599530 method=com.android.dx.ssa.NormalSsaInsn.accept(Lcom/android/dx/ssa/SsaInsn$Visitor;)V @ 9
Event: 1.940 Thread 0x0000000002230800 Uncommon trap: reason=class_check action=maybe_recompile pc=0x0000000002599530 method=com.android.dx.ssa.NormalSsaInsn.accept(Lcom/android/dx/ssa/SsaInsn$Visitor;)V @ 9
Event: 1.941 Thread 0x0000000002230800 Uncommon trap: reason=unstable_if action=reinterpret pc=0x0000000002535d64 method=java.util.HashMap.getNode(ILjava/lang/Object;)Ljava/util/HashMap$Node; @ 129

Internal exceptions (2 events):
Event: 0.171 Thread 0x0000000002230800 Exception <a 'java/lang/NoSuchMethodError': Method sun.misc.Unsafe.defineClass(Ljava/lang/String;[BII)Ljava/lang/Class; name or signature does not match> (0x00000000eab0d860) thrown at [C:\workspace\8-2-build-windows-amd64-cygwin\jdk8u65\4987\hotspot\src\sE$NýçÅ?
Event: 0.171 Thread 0x0000000002230800 Exception <a 'java/lang/NoSuchMethodError': Method sun.misc.Unsafe.prefetchRead(Ljava/lang/Object;J)V name or signature does not match> (0x00000000eab0db48) thrown at [C:\workspace\8-2-build-windows-amd64-cygwin\jdk8u65\4987\hotspot\src\share\vm\prims\jni.

Events (10 events):
Event: 1.941 Thread 0x0000000002230800 DEOPT PACKING pc=0x0000000002535d64 sp=0x000000000215e4c0
Event: 1.941 Thread 0x0000000002230800 DEOPT UNPACKING pc=0x000000000237582a sp=0x000000000215e438 mode 2
Event: 1.951 loading class com/android/dx/ssa/back/FirstFitLocalCombiningAllocator$Multiset
Event: 1.951 loading class com/android/dx/ssa/back/FirstFitLocalCombiningAllocator$Multiset done
Event: 1.961 loading class java/util/DualPivotQuicksort
Event: 1.961 loading class java/util/DualPivotQuicksort done
Event: 2.169 loading class java/util/ArrayList$1
Event: 2.169 loading class java/util/ArrayList$1 done
Event: 2.213 Executing VM operation: ParallelGCFailedAllocation
Event: 2.571 Executing VM operation: ParallelGCFailedAllocation done


Dynamic libraries:
0x00007ff673fa0000 - 0x00007ff673fd7000 	C:\Program Files\Java\jdk1.8.0_65\bin\java.exe
0x00007ff861410000 - 0x00007ff8615d1000 	C:\WINDOWS\SYSTEM32\ntdll.dll
0x00007ff860920000 - 0x00007ff8609cd000 	C:\WINDOWS\system32\KERNEL32.DLL
0x00007ff85dba0000 - 0x00007ff85dd88000 	C:\WINDOWS\system32\KERNELBASE.dll
0x00007ff860410000 - 0x00007ff8604b7000 	C:\WINDOWS\system32\ADVAPI32.dll
0x00007ff860520000 - 0x00007ff8605bd000 	C:\WINDOWS\system32\msvcrt.dll
0x00007ff85e810000 - 0x00007ff85e86b000 	C:\WINDOWS\system32\sechost.dll
0x00007ff860790000 - 0x00007ff8608ac000 	C:\WINDOWS\system32\RPCRT4.dll
0x00007ff860140000 - 0x00007ff860296000 	C:\WINDOWS\system32\USER32.dll
0x00007ff85ffa0000 - 0x00007ff860126000 	C:\WINDOWS\system32\GDI32.dll
0x00007ff850590000 - 0x00007ff850804000 	C:\WINDOWS\WinSxS\amd64_microsoft.windows.common-controls_6595b64144ccf1df_6.0.10586.0_none_8c15ae12515e1c22\COMCTL32.dll
0x00007ff860d40000 - 0x00007ff860fbd000 	C:\WINDOWS\system32\combase.dll
0x00007ff85e520000 - 0x00007ff85e58a000 	C:\WINDOWS\system32\bcryptPrimitives.dll
0x00007ff860300000 - 0x00007ff86033b000 	C:\WINDOWS\system32\IMM32.DLL
0x0000000072bb0000 - 0x0000000072c82000 	C:\Program Files\Java\jdk1.8.0_65\jre\bin\msvcr100.dll
0x0000000072c90000 - 0x0000000073519000 	C:\Program Files\Java\jdk1.8.0_65\jre\bin\server\jvm.dll
0x00007ff860130000 - 0x00007ff860138000 	C:\WINDOWS\system32\PSAPI.DLL
0x00007ff859680000 - 0x00007ff859689000 	C:\WINDOWS\SYSTEM32\WSOCK32.dll
0x00007ff860720000 - 0x00007ff86078b000 	C:\WINDOWS\system32\WS2_32.dll
0x00007ff85b6d0000 - 0x00007ff85b6f3000 	C:\WINDOWS\SYSTEM32\WINMM.dll
0x00007ff85b240000 - 0x00007ff85b24a000 	C:\WINDOWS\SYSTEM32\VERSION.dll
0x00007ff85b670000 - 0x00007ff85b69c000 	C:\WINDOWS\SYSTEM32\WINMMBASE.dll
0x00007ff85e4d0000 - 0x00007ff85e513000 	C:\WINDOWS\system32\cfgmgr32.dll
0x0000000072ba0000 - 0x0000000072baf000 	C:\Program Files\Java\jdk1.8.0_65\jre\bin\verify.dll
0x0000000072b70000 - 0x0000000072b99000 	C:\Program Files\Java\jdk1.8.0_65\jre\bin\java.dll
0x0000000072b50000 - 0x0000000072b66000 	C:\Program Files\Java\jdk1.8.0_65\jre\bin\zip.dll
0x00007ff85ea40000 - 0x00007ff85ff9f000 	C:\WINDOWS\system32\SHELL32.dll
0x00007ff85dd90000 - 0x00007ff85e3d4000 	C:\WINDOWS\system32\windows.storage.dll
0x00007ff8608c0000 - 0x00007ff860912000 	C:\WINDOWS\system32\shlwapi.dll
0x00007ff85dab0000 - 0x00007ff85dabf000 	C:\WINDOWS\system32\kernel.appcore.dll
0x00007ff85dac0000 - 0x00007ff85db75000 	C:\WINDOWS\system32\shcore.dll
0x00007ff85da60000 - 0x00007ff85daab000 	C:\WINDOWS\system32\powrprof.dll
0x00007ff85da30000 - 0x00007ff85da44000 	C:\WINDOWS\system32\profapi.dll

VM Arguments:
jvm_args: -Djava.awt.headless=true -Xmx1024M -Dfile.encoding=windows-1252 -Duser.country=GB -Duser.language=en -Duser.variant 
java_command: com.android.dx.command.Main --dex --num-threads=4 --output C:\Users\hello\AndroidStudioProjects\TrafficLightMania\app\build\intermediates\pre-dexed\release\com.google.android.gms-play-services-games-8.4.0_71562cfa15e88f77741bab19f458b2facab03d6c.jar C:\Users\hello\AndroidStudioProjects\TrafficLightMania\app\build\intermediates\exploded-aar\com.google.android.gms\play-services-games\8.4.0\jars\classes.jar
java_class_path (initial): C:\Users\hello\AppData\Local\Android\sdk\build-tools\23.0.0\lib\dx.jar
Launcher Type: SUN_STANDARD

Environment Variables:
PATH=C:\ProgramData\Oracle\Java\javapath;C:\Windows\system32;C:\Windows;C:\Windows\System32\Wbem;C:\Windows\System32\WindowsPowerShell\v1.0\;C:\Program Files (x86)\Skype\Phone\;C:\Program Files (x86)\MiKTeX 2.9\miktex\bin\;C:\Program Files (x86)\MiKTeX 2.9\miktex\bin;C:\Program Files\Java\jdk1.8.0_65\bin;C:\Program Files\Java\jre1.8.0_65\bin;%SystemRoot%\system32;%SystemRoot%;%SystemRoot%\System32\Wbem;%SYSTEMROOT%\System32\WindowsPowerShell\v1.0\;C:\Program Files (x86)\Google\Chrome\Application;C:\ProgramData\Oracle\Java\javapath;C:\Windows\system32;C:\Windows;C:\Windows\System32\Wbem;C:\Windows\System32\WindowsPowerShell\v1.0\;C:\Program Files (x86)\Skype\Phone\;C:\Program Files (x86)\MiKTeX 2.9\miktex\bin\;C:\Program Files (x86)\MiKTeX 2.9\miktex\bin;C:\Program Files\Java\jdk1.8.0_65\bin;C:\Program Files\Java\jre1.8.0_65\bin;C:\Users\hello\AppData\Local\Programs\Git\cmd
USERNAME=hello
OS=Windows_NT
PROCESSOR_IDENTIFIER=AMD64 Family 21 Model 16 Stepping 1, AuthenticAMD



---------------  S Y S T E M  ---------------

OS: Windows 10.0 , 64 bit Build 10586 (10.0.10586.0)

CPU:total 4 (4 cores per cpu, 1 threads per core) family 21 model 16 stepping 1, cmov, cx8, fxsr, mmx, sse, sse2, sse3, ssse3, sse4.1, sse4.2, popcnt, avx, aes, clmul, mmxext, 3dnowpref, lzcnt, sse4a, tsc, tscinvbit, tscinv, bmi1

Memory: 4k page, physical 3346696k(162952k free), swap 13832456k(4308k free)

vm_info: Java HotSpot(TM) 64-Bit Server VM (25.65-b01) for windows-amd64 JRE (1.8.0_65-b17), built on Oct  6 2015 16:39:20 by "java_re" with MS VC++ 10.0 (VS2010)

time: Thu Dec 24 13:30:59 2015
elapsed time: 2 seconds (0d 0h 0m 2s)

