#
# There is insufficient memory for the Java Runtime Environment to continue.
# Native memory allocation (malloc) failed to allocate 364176 bytes for Chunk::new
# Possible reasons:
#   The system is out of physical RAM or swap space
#   In 32 bit mode, the process size limit was hit
# Possible solutions:
#   Reduce memory load on the system
#   Increase physical memory or swap space
#   Check if swap backing store is full
#   Use 64 bit Java on a 64 bit OS
#   Decrease Java heap size (-Xmx/-Xms)
#   Decrease number of Java threads
#   Decrease Java thread stack sizes (-Xss)
#   Set larger code cache with -XX:ReservedCodeCacheSize=
# This output file may be truncated or incomplete.
#
#  Out of Memory Error (allocation.cpp:390), pid=8304, tid=23648
#
# JRE version: Java(TM) SE Runtime Environment (8.0_65-b17) (build 1.8.0_65-b17)
# Java VM: Java HotSpot(TM) 64-Bit Server VM (25.65-b01 mixed mode windows-amd64 compressed oops)
# Failed to write core dump. Minidumps are not enabled by default on client versions of Windows
#

---------------  T H R E A D  ---------------

Current thread (0x000000001496a000):  JavaThread "C2 CompilerThread0" daemon [_thread_in_native, id=23648, stack(0x0000000015fc0000,0x00000000160c0000)]

Stack: [0x0000000015fc0000,0x00000000160c0000]
[error occurred during error reporting (printing stack bounds), id 0xc0000005]

Native frames: (J=compiled Java code, j=interpreted, Vv=VM code, C=native code)


Current CompileTask:
C2:   8970  726       4       com.android.dx.ssa.SsaBasicBlock::forEachInsn (37 bytes)


---------------  P R O C E S S  ---------------

Java Threads: ( => current thread )
  0x0000000016538800 JavaThread "pool-1-thread-4" [_thread_in_Java, id=26712, stack(0x0000000016cc0000,0x0000000016dc0000)]
  0x0000000016537800 JavaThread "pool-1-thread-3" [_thread_in_Java, id=28096, stack(0x0000000016bc0000,0x0000000016cc0000)]
  0x0000000016528800 JavaThread "pool-1-thread-2" [_thread_in_Java, id=25500, stack(0x0000000016ac0000,0x0000000016bc0000)]
  0x0000000016528000 JavaThread "pool-2-thread-1" [_thread_blocked, id=21120, stack(0x00000000169c0000,0x0000000016ac0000)]
  0x0000000016523800 JavaThread "pool-1-thread-1" [_thread_in_Java, id=23136, stack(0x00000000168c0000,0x00000000169c0000)]
  0x00000000162ce800 JavaThread "Service Thread" daemon [_thread_blocked, id=16788, stack(0x00000000166c0000,0x00000000167c0000)]
  0x00000000149cd800 JavaThread "C1 CompilerThread2" daemon [_thread_in_native, id=12568, stack(0x00000000161c0000,0x00000000162c0000)]
  0x000000001496f000 JavaThread "C2 CompilerThread1" daemon [_thread_blocked, id=28632, stack(0x00000000160c0000,0x00000000161c0000)]
=>0x000000001496a000 JavaThread "C2 CompilerThread0" daemon [_thread_in_native, id=23648, stack(0x0000000015fc0000,0x00000000160c0000)]
  0x0000000014968000 JavaThread "Attach Listener" daemon [_thread_blocked, id=24784, stack(0x0000000015ec0000,0x0000000015fc0000)]
  0x0000000014966800 JavaThread "Signal Dispatcher" daemon [_thread_blocked, id=26752, stack(0x0000000015dc0000,0x0000000015ec0000)]
  0x0000000002296800 JavaThread "Finalizer" daemon [_thread_blocked, id=26540, stack(0x0000000015be0000,0x0000000015ce0000)]
  0x0000000014938800 JavaThread "Reference Handler" daemon [_thread_blocked, id=23780, stack(0x0000000015ae0000,0x0000000015be0000)]
  0x00000000021a0800 JavaThread "main" [_thread_in_Java, id=10880, stack(0x0000000001ff0000,0x00000000020f0000)]

Other Threads:
  0x0000000014937000 VMThread [stack: 0x00000000159e0000,0x0000000015ae0000] [id=20916]
  0x00000000162dd000 WatcherThread [stack: 0x00000000167c0000,0x00000000168c0000] [id=26080]

VM state:not at safepoint (normal execution)

VM Mutex/Monitor currently owned by a thread: None

Heap:
 PSYoungGen      total 15360K, used 13142K [0x00000000eab00000, 0x00000000ebc00000, 0x0000000100000000)
  eden space 13312K, 98% used [0x00000000eab00000,0x00000000eb7d5948,0x00000000eb800000)
  from space 2048K, 0% used [0x00000000eba00000,0x00000000eba00000,0x00000000ebc00000)
  to   space 2048K, 0% used [0x00000000eb800000,0x00000000eb800000,0x00000000eba00000)
 ParOldGen       total 35840K, used 0K [0x00000000c0000000, 0x00000000c2300000, 0x00000000eab00000)
  object space 35840K, 0% used [0x00000000c0000000,0x00000000c0000000,0x00000000c2300000)
 Metaspace       used 5644K, capacity 6704K, committed 6784K, reserved 1056768K
  class space    used 592K, capacity 616K, committed 640K, reserved 1048576K

Card table byte_map: [0x0000000011660000,0x0000000011870000] byte_map_base: 0x0000000011060000

Marking Bits: (ParMarkBitMap*) 0x000000007349a5b0
 Begin Bits: [0x0000000011dd0000, 0x0000000012dd0000)
 End Bits:   [0x0000000012dd0000, 0x0000000013dd0000)

Polling page: 0x0000000000520000

CodeCache: size=245760Kb used=2962Kb max_used=2973Kb free=242797Kb
 bounds [0x00000000022a0000, 0x0000000002590000, 0x00000000112a0000]
 total_blobs=1010 nmethods=742 adapters=182
 compilation: enabled

Compilation events (10 events):
Event: 8.907 Thread 0x00000000149cd800  731       3       com.android.dx.ssa.LiteralOpUpgrader$1::visitNonMoveInsn (203 bytes)
Event: 8.908 Thread 0x000000001496f000 nmethod 736 0x0000000002569390 code [0x00000000025694e0, 0x00000000025695b8]
Event: 8.909 Thread 0x000000001496f000  737   !   4       com.android.dx.util.FixedSizeList::<init> (36 bytes)
Event: 8.911 Thread 0x000000001496f000 nmethod 737 0x0000000002567b50 code [0x0000000002567ca0, 0x0000000002567db8]
Event: 8.912 Thread 0x00000000149cd800 nmethod 731 0x000000000256ae90 code [0x000000000256b360, 0x000000000256ef68]
Event: 8.912 Thread 0x00000000149cd800  732       3       com.android.dx.ssa.LiteralOpUpgrader::access$000 (6 bytes)
Event: 8.912 Thread 0x00000000149cd800 nmethod 732 0x0000000002567790 code [0x0000000002567900, 0x0000000002567a68]
Event: 8.912 Thread 0x00000000149cd800  733       3       com.android.dx.ssa.LiteralOpUpgrader::tryReplacingWithConstant (161 bytes)
Event: 8.914 Thread 0x00000000149cd800 nmethod 733 0x0000000002570c10 code [0x0000000002570ec0, 0x00000000025723f8]
Event: 8.914 Thread 0x00000000149cd800  734       3       com.android.dx.ssa.back.FirstFitLocalCombiningAllocator$1::processInsn (169 bytes)

GC Heap History (0 events):
No events

Deoptimization events (5 events):
Event: 8.590 Thread 0x0000000016538800 Uncommon trap: reason=unstable_if action=reinterpret pc=0x00000000024b2788 method=java.util.HashMap.getNode(ILjava/lang/Object;)Ljava/util/HashMap$Node; @ 62
Event: 8.698 Thread 0x0000000016538800 Uncommon trap: reason=class_check action=maybe_recompile pc=0x00000000024d8530 method=com.android.dx.ssa.NormalSsaInsn.accept(Lcom/android/dx/ssa/SsaInsn$Visitor;)V @ 9
Event: 8.698 Thread 0x0000000016538800 Uncommon trap: reason=class_check action=maybe_recompile pc=0x00000000024d8530 method=com.android.dx.ssa.NormalSsaInsn.accept(Lcom/android/dx/ssa/SsaInsn$Visitor;)V @ 9
Event: 8.698 Thread 0x0000000016538800 Uncommon trap: reason=class_check action=maybe_recompile pc=0x00000000024d8530 method=com.android.dx.ssa.NormalSsaInsn.accept(Lcom/android/dx/ssa/SsaInsn$Visitor;)V @ 9
Event: 8.698 Thread 0x0000000016538800 Uncommon trap: reason=class_check action=maybe_recompile pc=0x00000000024d8530 method=com.android.dx.ssa.NormalSsaInsn.accept(Lcom/android/dx/ssa/SsaInsn$Visitor;)V @ 9

Internal exceptions (2 events):
Event: 0.116 Thread 0x00000000021a0800 Exception <a 'java/lang/NoSuchMethodError': Method sun.misc.Unsafe.defineClass(Ljava/lang/String;[BII)Ljava/lang/Class; name or signature does not match> (0x00000000eab0d830) thrown at [C:\workspace\8-2-build-windows-amd64-cygwin\jdk8u65\4987\hotspot\src\s\†˜Qè£Ω?
Event: 0.116 Thread 0x00000000021a0800 Exception <a 'java/lang/NoSuchMethodError': Method sun.misc.Unsafe.prefetchRead(Ljava/lang/Object;J)V name or signature does not match> (0x00000000eab0db18) thrown at [C:\workspace\8-2-build-windows-amd64-cygwin\jdk8u65\4987\hotspot\src\share\vm\prims\jni.

Events (10 events):
Event: 8.698 Thread 0x0000000016538800 DEOPT UNPACKING pc=0x00000000022e582a sp=0x0000000016dbe8d0 mode 2
Event: 8.698 Thread 0x0000000016538800 Uncommon trap: trap_request=0xffffffde fr.pc=0x00000000024d8530
Event: 8.698 Thread 0x0000000016538800 DEOPT PACKING pc=0x00000000024d8530 sp=0x0000000016dbe940
Event: 8.698 Thread 0x0000000016538800 DEOPT UNPACKING pc=0x00000000022e582a sp=0x0000000016dbe8d0 mode 2
Event: 8.781 loading class com/android/dx/cf/code/Ropper$ExceptionHandlerSetup
Event: 8.781 loading class com/android/dx/cf/code/Ropper$ExceptionHandlerSetup done
Event: 8.788 loading class java/util/HashMap$Values
Event: 8.887 loading class java/util/HashMap$Values done
Event: 8.888 loading class java/util/HashMap$ValueIterator
Event: 8.897 loading class java/util/HashMap$ValueIterator done


Dynamic libraries:
0x00007ff6f6290000 - 0x00007ff6f62c7000 	C:\Program Files\Java\jdk1.8.0_65\bin\java.exe
0x00007ff861410000 - 0x00007ff8615d1000 	C:\WINDOWS\SYSTEM32\ntdll.dll
0x00007ff860920000 - 0x00007ff8609cd000 	C:\WINDOWS\system32\KERNEL32.DLL
0x00007ff85dba0000 - 0x00007ff85dd88000 	C:\WINDOWS\system32\KERNELBASE.dll
0x00007ff860410000 - 0x00007ff8604b7000 	C:\WINDOWS\system32\ADVAPI32.dll
0x00007ff860520000 - 0x00007ff8605bd000 	C:\WINDOWS\system32\msvcrt.dll
0x00007ff85e810000 - 0x00007ff85e86b000 	C:\WINDOWS\system32\sechost.dll
0x00007ff860790000 - 0x00007ff8608ac000 	C:\WINDOWS\system32\RPCRT4.dll
0x00007ff860140000 - 0x00007ff860296000 	C:\WINDOWS\system32\USER32.dll
0x00007ff85ffa0000 - 0x00007ff860126000 	C:\WINDOWS\system32\GDI32.dll
0x00007ff850590000 - 0x00007ff850804000 	C:\WINDOWS\WinSxS\amd64_microsoft.windows.common-controls_6595b64144ccf1df_6.0.10586.0_none_8c15ae12515e1c22\COMCTL32.dll
0x00007ff860d40000 - 0x00007ff860fbd000 	C:\WINDOWS\system32\combase.dll
0x00007ff85e520000 - 0x00007ff85e58a000 	C:\WINDOWS\system32\bcryptPrimitives.dll
0x00007ff860300000 - 0x00007ff86033b000 	C:\WINDOWS\system32\IMM32.DLL
0x0000000072bb0000 - 0x0000000072c82000 	C:\Program Files\Java\jdk1.8.0_65\jre\bin\msvcr100.dll
0x0000000072c90000 - 0x0000000073519000 	C:\Program Files\Java\jdk1.8.0_65\jre\bin\server\jvm.dll
0x00007ff860130000 - 0x00007ff860138000 	C:\WINDOWS\system32\PSAPI.DLL
0x00007ff85b730000 - 0x00007ff85b739000 	C:\WINDOWS\SYSTEM32\WSOCK32.dll
0x00007ff860720000 - 0x00007ff86078b000 	C:\WINDOWS\system32\WS2_32.dll
0x00007ff85b6d0000 - 0x00007ff85b6f3000 	C:\WINDOWS\SYSTEM32\WINMM.dll
0x00007ff85b240000 - 0x00007ff85b24a000 	C:\WINDOWS\SYSTEM32\VERSION.dll
0x00007ff85b670000 - 0x00007ff85b69c000 	C:\WINDOWS\SYSTEM32\WINMMBASE.dll
0x00007ff85e4d0000 - 0x00007ff85e513000 	C:\WINDOWS\system32\cfgmgr32.dll
0x0000000072ba0000 - 0x0000000072baf000 	C:\Program Files\Java\jdk1.8.0_65\jre\bin\verify.dll
0x0000000072b70000 - 0x0000000072b99000 	C:\Program Files\Java\jdk1.8.0_65\jre\bin\java.dll
0x0000000072b50000 - 0x0000000072b66000 	C:\Program Files\Java\jdk1.8.0_65\jre\bin\zip.dll
0x00007ff85ea40000 - 0x00007ff85ff9f000 	C:\WINDOWS\system32\SHELL32.dll
0x00007ff85dd90000 - 0x00007ff85e3d4000 	C:\WINDOWS\system32\windows.storage.dll
0x00007ff8608c0000 - 0x00007ff860912000 	C:\WINDOWS\system32\shlwapi.dll
0x00007ff85dab0000 - 0x00007ff85dabf000 	C:\WINDOWS\system32\kernel.appcore.dll
0x00007ff85dac0000 - 0x00007ff85db75000 	C:\WINDOWS\system32\shcore.dll
0x00007ff85da60000 - 0x00007ff85daab000 	C:\WINDOWS\system32\powrprof.dll
0x00007ff85da30000 - 0x00007ff85da44000 	C:\WINDOWS\system32\profapi.dll

VM Arguments:
jvm_args: -Djava.awt.headless=true -Xmx1024M -Dfile.encoding=windows-1252 -Duser.country=GB -Duser.language=en -Duser.variant 
java_command: com.android.dx.command.Main --dex --num-threads=4 --output C:\Users\hello\AndroidStudioProjects\TrafficLightMania\app\build\intermediates\pre-dexed\debug\com.android.support-support-v4-23.0.0_497b6fdef2b67e6599c579e9118b4697dac30ea1.jar C:\Users\hello\AndroidStudioProjects\TrafficLightMania\app\build\intermediates\exploded-aar\com.android.support\support-v4\23.0.0\jars\classes.jar
java_class_path (initial): C:\Users\hello\AppData\Local\Android\sdk\build-tools\23.0.0\lib\dx.jar
Launcher Type: SUN_STANDARD

Environment Variables:
PATH=C:\ProgramData\Oracle\Java\javapath;C:\Windows\system32;C:\Windows;C:\Windows\System32\Wbem;C:\Windows\System32\WindowsPowerShell\v1.0\;C:\Program Files (x86)\Skype\Phone\;C:\Program Files (x86)\MiKTeX 2.9\miktex\bin\;C:\Program Files (x86)\MiKTeX 2.9\miktex\bin;C:\Program Files\Java\jdk1.8.0_65\bin;C:\Program Files\Java\jre1.8.0_65\bin;%SystemRoot%\system32;%SystemRoot%;%SystemRoot%\System32\Wbem;%SYSTEMROOT%\System32\WindowsPowerShell\v1.0\;C:\Program Files (x86)\Google\Chrome\Application;C:\ProgramData\Oracle\Java\javapath;C:\Windows\system32;C:\Windows;C:\Windows\System32\Wbem;C:\Windows\System32\WindowsPowerShell\v1.0\;C:\Program Files (x86)\Skype\Phone\;C:\Program Files (x86)\MiKTeX 2.9\miktex\bin\;C:\Program Files (x86)\MiKTeX 2.9\miktex\bin;C:\Program Files\Java\jdk1.8.0_65\bin;C:\Program Files\Java\jre1.8.0_65\bin;C:\Users\hello\AppData\Local\Programs\Git\cmd
USERNAME=hello
OS=Windows_NT
PROCESSOR_IDENTIFIER=AMD64 Family 21 Model 16 Stepping 1, AuthenticAMD



---------------  S Y S T E M  ---------------

OS: Windows 10.0 , 64 bit Build 10586 (10.0.10586.0)

CPU:total 4 (4 cores per cpu, 1 threads per core) family 21 model 16 stepping 1, cmov, cx8, fxsr, mmx, sse, sse2, sse3, ssse3, sse4.1, sse4.2, popcnt, avx, aes, clmul, mmxext, 3dnowpref, lzcnt, sse4a, tsc, tscinvbit, tscinv, bmi1

Memory: 4k page, physical 3346696k(152148k free), swap 13832456k(2180k free)

vm_info: Java HotSpot(TM) 64-Bit Server VM (25.65-b01) for windows-amd64 JRE (1.8.0_65-b17), built on Oct  6 2015 16:39:20 by "java_re" with MS VC++ 10.0 (VS2010)

time: Thu Dec 24 15:36:17 2015
elapsed time: 9 seconds (0d 0h 0m 9s)

