#
# There is insufficient memory for the Java Runtime Environment to continue.
# Native memory allocation (malloc) failed to allocate 32744 bytes for ChunkPool::allocate
# Possible reasons:
#   The system is out of physical RAM or swap space
#   In 32 bit mode, the process size limit was hit
# Possible solutions:
#   Reduce memory load on the system
#   Increase physical memory or swap space
#   Check if swap backing store is full
#   Use 64 bit Java on a 64 bit OS
#   Decrease Java heap size (-Xmx/-Xms)
#   Decrease number of Java threads
#   Decrease Java thread stack sizes (-Xss)
#   Set larger code cache with -XX:ReservedCodeCacheSize=
# This output file may be truncated or incomplete.
#
#  Out of Memory Error (allocation.cpp:273), pid=25504, tid=20724
#
# JRE version: Java(TM) SE Runtime Environment (8.0_65-b17) (build 1.8.0_65-b17)
# Java VM: Java HotSpot(TM) 64-Bit Server VM (25.65-b01 mixed mode windows-amd64 compressed oops)
# Failed to write core dump. Minidumps are not enabled by default on client versions of Windows
#

---------------  T H R E A D  ---------------

Current thread (0x0000000016318800):  JavaThread "C1 CompilerThread2" daemon [_thread_in_native, id=20724, stack(0x0000000016710000,0x0000000016810000)]

Stack: [0x0000000016710000,0x0000000016810000]
[error occurred during error reporting (printing stack bounds), id 0xc0000005]

Native frames: (J=compiled Java code, j=interpreted, Vv=VM code, C=native code)


Current CompileTask:
C1:   8970  515   !   3       com.android.dx.cf.code.BytecodeArray::parseInstruction (2764 bytes)


---------------  P R O C E S S  ---------------

Java Threads: ( => current thread )
  0x0000000016597800 JavaThread "pool-1-thread-4" [_thread_blocked, id=27256, stack(0x0000000016e10000,0x0000000016f10000)]
  0x000000001658a800 JavaThread "pool-1-thread-3" [_thread_blocked, id=23204, stack(0x0000000016d10000,0x0000000016e10000)]
  0x0000000016576800 JavaThread "pool-1-thread-2" [_thread_blocked, id=12796, stack(0x0000000016c10000,0x0000000016d10000)]
  0x0000000016576000 JavaThread "pool-2-thread-1" [_thread_blocked, id=20884, stack(0x0000000016b10000,0x0000000016c10000)]
  0x0000000016573000 JavaThread "pool-1-thread-1" [_thread_blocked, id=25920, stack(0x0000000016a10000,0x0000000016b10000)]
  0x000000001631d000 JavaThread "Service Thread" daemon [_thread_blocked, id=20520, stack(0x0000000016810000,0x0000000016910000)]
=>0x0000000016318800 JavaThread "C1 CompilerThread2" daemon [_thread_in_native, id=20724, stack(0x0000000016710000,0x0000000016810000)]
  0x0000000014ad0000 JavaThread "C2 CompilerThread1" daemon [_thread_in_native, id=28148, stack(0x0000000016210000,0x0000000016310000)]
  0x0000000014ac9000 JavaThread "C2 CompilerThread0" daemon [_thread_in_native, id=26740, stack(0x0000000016110000,0x0000000016210000)]
  0x0000000014ac7800 JavaThread "Attach Listener" daemon [_thread_blocked, id=28600, stack(0x0000000016010000,0x0000000016110000)]
  0x0000000014ac6000 JavaThread "Signal Dispatcher" daemon [_thread_blocked, id=27468, stack(0x0000000015f10000,0x0000000016010000)]
  0x00000000023f6800 JavaThread "Finalizer" daemon [_thread_blocked, id=15896, stack(0x0000000015d30000,0x0000000015e30000)]
  0x0000000014a98800 JavaThread "Reference Handler" daemon [_thread_blocked, id=21820, stack(0x0000000015c30000,0x0000000015d30000)]
  0x0000000002300800 JavaThread "main" [_thread_blocked, id=25452, stack(0x00000000021e0000,0x00000000022e0000)]

Other Threads:
  0x0000000014a97000 VMThread [stack: 0x0000000015b30000,0x0000000015c30000] [id=23700]
  0x000000001632b000 WatcherThread [stack: 0x0000000016910000,0x0000000016a10000] [id=6676]

VM state:at safepoint (normal execution)

VM Mutex/Monitor currently owned by a thread:  ([mutex/lock_event])
[0x00000000021dc260] Threads_lock - owner thread: 0x0000000014a97000
[0x00000000021dcd60] Heap_lock - owner thread: 0x0000000002300800

Heap:
 PSYoungGen      total 15360K, used 11035K [0x00000000eab00000, 0x00000000ebc00000, 0x0000000100000000)
  eden space 13312K, 82% used [0x00000000eab00000,0x00000000eb5c6c60,0x00000000eb800000)
  from space 2048K, 0% used [0x00000000eba00000,0x00000000eba00000,0x00000000ebc00000)
  to   space 2048K, 6% used [0x00000000eb800000,0x00000000eb820000,0x00000000eba00000)
 ParOldGen       total 35840K, used 0K [0x00000000c0000000, 0x00000000c2300000, 0x00000000eab00000)
  object space 35840K, 0% used [0x00000000c0000000,0x00000000c0000000,0x00000000c2300000)
 Metaspace       used 5383K, capacity 6448K, committed 6528K, reserved 1060864K
  class space    used 586K, capacity 616K, committed 640K, reserved 1048576K

Card table byte_map: [0x00000000117c0000,0x00000000119d0000] byte_map_base: 0x00000000111c0000

Marking Bits: (ParMarkBitMap*) 0x000000007349a5b0
 Begin Bits: [0x0000000011f30000, 0x0000000012f30000)
 End Bits:   [0x0000000012f30000, 0x0000000013f30000)

Polling page: 0x0000000000510000

CodeCache: size=245760Kb used=2173Kb max_used=2173Kb free=243586Kb
 bounds [0x0000000002400000, 0x0000000002670000, 0x0000000011400000]
 total_blobs=781 nmethods=513 adapters=182
 compilation: enabled

Compilation events (10 events):
Event: 8.836 Thread 0x0000000016318800 nmethod 511 0x000000000261e490 code [0x000000000261e600, 0x000000000261e828]
Event: 8.838 Thread 0x0000000016318800  512       3       com.android.dx.rop.cst.CstBaseMethodRef::compareTo0 (29 bytes)
Event: 8.839 Thread 0x0000000016318800 nmethod 512 0x000000000261e910 code [0x000000000261eaa0, 0x000000000261ee38]
Event: 8.839 Thread 0x0000000016318800  513       3       com.android.dx.rop.cst.CstType::compareTo0 (25 bytes)
Event: 8.840 Thread 0x0000000016318800 nmethod 513 0x000000000261ef90 code [0x000000000261f100, 0x000000000261f548]
Event: 8.840 Thread 0x0000000016318800  514       3       java.util.TreeMap::setColor (10 bytes)
Event: 8.841 Thread 0x0000000016318800 nmethod 514 0x000000000261f6d0 code [0x000000000261f820, 0x000000000261f990]
Event: 8.841 Thread 0x0000000016318800  515   !   3       com.android.dx.cf.code.BytecodeArray::parseInstruction (2764 bytes)
Event: 8.844 Thread 0x0000000014ad0000  521       4       java.util.ArrayList::add (29 bytes)
Event: 8.852 Thread 0x0000000014ac9000  526       4       java.util.BitSet::nextSetBit (102 bytes)

GC Heap History (1 events):
Event: 8.871 GC heap before
{Heap before GC invocations=1 (full 0):
 PSYoungGen      total 15360K, used 11034K [0x00000000eab00000, 0x00000000ebc00000, 0x0000000100000000)
  eden space 13312K, 82% used [0x00000000eab00000,0x00000000eb5c6b88,0x00000000eb800000)
  from space 2048K, 0% used [0x00000000eba00000,0x00000000eba00000,0x00000000ebc00000)
  to   space 2048K, 0% used [0x00000000eb800000,0x00000000eb800000,0x00000000eba00000)
 ParOldGen       total 35840K, used 0K [0x00000000c0000000, 0x00000000c2300000, 0x00000000eab00000)
  object space 35840K, 0% used [0x00000000c0000000,0x00000000c0000000,0x00000000c2300000)
 Metaspace       used 5383K, capacity 6448K, committed 6528K, reserved 1060864K
  class space    used 586K, capacity 616K, committed 640K, reserved 1048576K

Deoptimization events (0 events):
No events

Internal exceptions (2 events):
Event: 0.113 Thread 0x0000000002300800 Exception <a 'java/lang/NoSuchMethodError': Method sun.misc.Unsafe.defineClass(Ljava/lang/String;[BII)Ljava/lang/Class; name or signature does not match> (0x00000000eab0d830) thrown at [C:\workspace\8-2-build-windows-amd64-cygwin\jdk8u65\4987\hotspot\src\sõ·ä¬Òð¼?
Event: 0.113 Thread 0x0000000002300800 Exception <a 'java/lang/NoSuchMethodError': Method sun.misc.Unsafe.prefetchRead(Ljava/lang/Object;J)V name or signature does not match> (0x00000000eab0db18) thrown at [C:\workspace\8-2-build-windows-amd64-cygwin\jdk8u65\4987\hotspot\src\share\vm\prims\jni.

Events (10 events):
Event: 8.438 loading class com/android/dx/cf/attrib/AttRuntimeInvisibleAnnotations done
Event: 8.438 loading class com/android/dx/cf/attrib/BaseAnnotations
Event: 8.438 loading class com/android/dx/cf/attrib/BaseAnnotations done
Event: 8.439 loading class com/android/dx/ssa/back/FirstFitLocalCombiningAllocator$Multiset
Event: 8.439 loading class com/android/dx/ssa/back/FirstFitLocalCombiningAllocator$Multiset done
Event: 8.869 loading class com/android/dx/dex/file/ParameterAnnotationStruct
Event: 8.869 loading class com/android/dx/dex/file/ParameterAnnotationStruct done
Event: 8.870 loading class com/android/dx/dex/file/UniformListItem
Event: 8.870 loading class com/android/dx/dex/file/UniformListItem done
Event: 8.871 Executing VM operation: CollectForMetadataAllocation


Dynamic libraries:
0x00007ff6f6290000 - 0x00007ff6f62c7000 	C:\Program Files\Java\jdk1.8.0_65\bin\java.exe
0x00007ff861410000 - 0x00007ff8615d1000 	C:\WINDOWS\SYSTEM32\ntdll.dll
0x00007ff860920000 - 0x00007ff8609cd000 	C:\WINDOWS\system32\KERNEL32.DLL
0x00007ff85dba0000 - 0x00007ff85dd88000 	C:\WINDOWS\system32\KERNELBASE.dll
0x00007ff860410000 - 0x00007ff8604b7000 	C:\WINDOWS\system32\ADVAPI32.dll
0x00007ff860520000 - 0x00007ff8605bd000 	C:\WINDOWS\system32\msvcrt.dll
0x00007ff85e810000 - 0x00007ff85e86b000 	C:\WINDOWS\system32\sechost.dll
0x00007ff860790000 - 0x00007ff8608ac000 	C:\WINDOWS\system32\RPCRT4.dll
0x00007ff860140000 - 0x00007ff860296000 	C:\WINDOWS\system32\USER32.dll
0x00007ff85ffa0000 - 0x00007ff860126000 	C:\WINDOWS\system32\GDI32.dll
0x00007ff850590000 - 0x00007ff850804000 	C:\WINDOWS\WinSxS\amd64_microsoft.windows.common-controls_6595b64144ccf1df_6.0.10586.0_none_8c15ae12515e1c22\COMCTL32.dll
0x00007ff860d40000 - 0x00007ff860fbd000 	C:\WINDOWS\system32\combase.dll
0x00007ff85e520000 - 0x00007ff85e58a000 	C:\WINDOWS\system32\bcryptPrimitives.dll
0x00007ff860300000 - 0x00007ff86033b000 	C:\WINDOWS\system32\IMM32.DLL
0x0000000072bb0000 - 0x0000000072c82000 	C:\Program Files\Java\jdk1.8.0_65\jre\bin\msvcr100.dll
0x0000000072c90000 - 0x0000000073519000 	C:\Program Files\Java\jdk1.8.0_65\jre\bin\server\jvm.dll
0x00007ff860130000 - 0x00007ff860138000 	C:\WINDOWS\system32\PSAPI.DLL
0x00007ff85b730000 - 0x00007ff85b739000 	C:\WINDOWS\SYSTEM32\WSOCK32.dll
0x00007ff860720000 - 0x00007ff86078b000 	C:\WINDOWS\system32\WS2_32.dll
0x00007ff85b6d0000 - 0x00007ff85b6f3000 	C:\WINDOWS\SYSTEM32\WINMM.dll
0x00007ff85b240000 - 0x00007ff85b24a000 	C:\WINDOWS\SYSTEM32\VERSION.dll
0x00007ff85b670000 - 0x00007ff85b69c000 	C:\WINDOWS\SYSTEM32\WINMMBASE.dll
0x00007ff85e4d0000 - 0x00007ff85e513000 	C:\WINDOWS\system32\cfgmgr32.dll
0x0000000072ba0000 - 0x0000000072baf000 	C:\Program Files\Java\jdk1.8.0_65\jre\bin\verify.dll
0x0000000072b70000 - 0x0000000072b99000 	C:\Program Files\Java\jdk1.8.0_65\jre\bin\java.dll
0x0000000072b50000 - 0x0000000072b66000 	C:\Program Files\Java\jdk1.8.0_65\jre\bin\zip.dll
0x00007ff85ea40000 - 0x00007ff85ff9f000 	C:\WINDOWS\system32\SHELL32.dll
0x00007ff85dd90000 - 0x00007ff85e3d4000 	C:\WINDOWS\system32\windows.storage.dll
0x00007ff8608c0000 - 0x00007ff860912000 	C:\WINDOWS\system32\shlwapi.dll
0x00007ff85dab0000 - 0x00007ff85dabf000 	C:\WINDOWS\system32\kernel.appcore.dll
0x00007ff85dac0000 - 0x00007ff85db75000 	C:\WINDOWS\system32\shcore.dll
0x00007ff85da60000 - 0x00007ff85daab000 	C:\WINDOWS\system32\powrprof.dll
0x00007ff85da30000 - 0x00007ff85da44000 	C:\WINDOWS\system32\profapi.dll

VM Arguments:
jvm_args: -Djava.awt.headless=true -Xmx1024M -Dfile.encoding=windows-1252 -Duser.country=GB -Duser.language=en -Duser.variant 
java_command: com.android.dx.command.Main --dex --num-threads=4 --output C:\Users\hello\AndroidStudioProjects\TrafficLightMania\app\build\intermediates\pre-dexed\debug\internal_impl-23.0.0_5133eeff211160254f398638bdffe55ac96957a6.jar C:\Users\hello\AndroidStudioProjects\TrafficLightMania\app\build\intermediates\exploded-aar\com.android.support\support-v4\23.0.0\jars\libs\internal_impl-23.0.0.jar
java_class_path (initial): C:\Users\hello\AppData\Local\Android\sdk\build-tools\23.0.0\lib\dx.jar
Launcher Type: SUN_STANDARD

Environment Variables:
PATH=C:\ProgramData\Oracle\Java\javapath;C:\Windows\system32;C:\Windows;C:\Windows\System32\Wbem;C:\Windows\System32\WindowsPowerShell\v1.0\;C:\Program Files (x86)\Skype\Phone\;C:\Program Files (x86)\MiKTeX 2.9\miktex\bin\;C:\Program Files (x86)\MiKTeX 2.9\miktex\bin;C:\Program Files\Java\jdk1.8.0_65\bin;C:\Program Files\Java\jre1.8.0_65\bin;%SystemRoot%\system32;%SystemRoot%;%SystemRoot%\System32\Wbem;%SYSTEMROOT%\System32\WindowsPowerShell\v1.0\;C:\Program Files (x86)\Google\Chrome\Application;C:\ProgramData\Oracle\Java\javapath;C:\Windows\system32;C:\Windows;C:\Windows\System32\Wbem;C:\Windows\System32\WindowsPowerShell\v1.0\;C:\Program Files (x86)\Skype\Phone\;C:\Program Files (x86)\MiKTeX 2.9\miktex\bin\;C:\Program Files (x86)\MiKTeX 2.9\miktex\bin;C:\Program Files\Java\jdk1.8.0_65\bin;C:\Program Files\Java\jre1.8.0_65\bin;C:\Users\hello\AppData\Local\Programs\Git\cmd
USERNAME=hello
OS=Windows_NT
PROCESSOR_IDENTIFIER=AMD64 Family 21 Model 16 Stepping 1, AuthenticAMD



---------------  S Y S T E M  ---------------

OS: Windows 10.0 , 64 bit Build 10586 (10.0.10586.0)

CPU:total 4 (4 cores per cpu, 1 threads per core) family 21 model 16 stepping 1, cmov, cx8, fxsr, mmx, sse, sse2, sse3, ssse3, sse4.1, sse4.2, popcnt, avx, aes, clmul, mmxext, 3dnowpref, lzcnt, sse4a, tsc, tscinvbit, tscinv, bmi1

Memory: 4k page, physical 3346696k(152148k free), swap 13832456k(2180k free)

vm_info: Java HotSpot(TM) 64-Bit Server VM (25.65-b01) for windows-amd64 JRE (1.8.0_65-b17), built on Oct  6 2015 16:39:20 by "java_re" with MS VC++ 10.0 (VS2010)

time: Thu Dec 24 15:36:17 2015
elapsed time: 9 seconds (0d 0h 0m 9s)

