#
# There is insufficient memory for the Java Runtime Environment to continue.
# Native memory allocation (malloc) failed to allocate 51760 bytes for Chunk::new
# Possible reasons:
#   The system is out of physical RAM or swap space
#   In 32 bit mode, the process size limit was hit
# Possible solutions:
#   Reduce memory load on the system
#   Increase physical memory or swap space
#   Check if swap backing store is full
#   Use 64 bit Java on a 64 bit OS
#   Decrease Java heap size (-Xmx/-Xms)
#   Decrease number of Java threads
#   Decrease Java thread stack sizes (-Xss)
#   Set larger code cache with -XX:ReservedCodeCacheSize=
# This output file may be truncated or incomplete.
#
#  Out of Memory Error (allocation.cpp:390), pid=23652, tid=27440
#
# JRE version: Java(TM) SE Runtime Environment (8.0_65-b17) (build 1.8.0_65-b17)
# Java VM: Java HotSpot(TM) 64-Bit Server VM (25.65-b01 mixed mode windows-amd64 compressed oops)
# Failed to write core dump. Minidumps are not enabled by default on client versions of Windows
#

---------------  T H R E A D  ---------------

Current thread (0x00000000148b0000):  JavaThread "C2 CompilerThread1" daemon [_thread_in_native, id=27440, stack(0x0000000015ff0000,0x00000000160f0000)]

Stack: [0x0000000015ff0000,0x00000000160f0000]
[error occurred during error reporting (printing stack bounds), id 0xc0000005]

Native frames: (J=compiled Java code, j=interpreted, Vv=VM code, C=native code)


Current CompileTask:
C2:   3345  743       4       java.util.HashMap::putVal (300 bytes)


---------------  P R O C E S S  ---------------

Java Threads: ( => current thread )
  0x0000000016423000 JavaThread "pool-1-thread-4" [_thread_blocked, id=27352, stack(0x0000000016bf0000,0x0000000016cf0000)]
  0x00000000163df800 JavaThread "pool-1-thread-3" [_thread_in_Java, id=12320, stack(0x0000000016af0000,0x0000000016bf0000)]
  0x00000000163ae800 JavaThread "pool-1-thread-2" [_thread_in_Java, id=12608, stack(0x00000000169f0000,0x0000000016af0000)]
  0x000000001631f800 JavaThread "pool-2-thread-1" [_thread_blocked, id=20096, stack(0x00000000168f0000,0x00000000169f0000)]
  0x000000001631d000 JavaThread "pool-1-thread-1" [_thread_in_Java, id=7408, stack(0x00000000167f0000,0x00000000168f0000)]
  0x0000000016204800 JavaThread "Service Thread" daemon [_thread_blocked, id=26796, stack(0x00000000165f0000,0x00000000166f0000)]
  0x000000001490c000 JavaThread "C1 CompilerThread2" daemon [_thread_in_native, id=8304, stack(0x00000000160f0000,0x00000000161f0000)]
=>0x00000000148b0000 JavaThread "C2 CompilerThread1" daemon [_thread_in_native, id=27440, stack(0x0000000015ff0000,0x00000000160f0000)]
  0x00000000148aa000 JavaThread "C2 CompilerThread0" daemon [_thread_in_native, id=27536, stack(0x0000000015ef0000,0x0000000015ff0000)]
  0x00000000148a8800 JavaThread "Attach Listener" daemon [_thread_blocked, id=6844, stack(0x0000000015df0000,0x0000000015ef0000)]
  0x00000000148a7000 JavaThread "Signal Dispatcher" daemon [_thread_blocked, id=16368, stack(0x0000000015cf0000,0x0000000015df0000)]
  0x00000000021d0800 JavaThread "Finalizer" daemon [_thread_blocked, id=25284, stack(0x0000000015b10000,0x0000000015c10000)]
  0x00000000021cd000 JavaThread "Reference Handler" daemon [_thread_blocked, id=22600, stack(0x0000000015a10000,0x0000000015b10000)]
  0x00000000020e0800 JavaThread "main" [_thread_blocked, id=28664, stack(0x0000000001fe0000,0x00000000020e0000)]

Other Threads:
  0x0000000014878000 VMThread [stack: 0x0000000015910000,0x0000000015a10000] [id=18720]
  0x000000001620d000 WatcherThread [stack: 0x00000000166f0000,0x00000000167f0000] [id=18500]

VM state:not at safepoint (normal execution)

VM Mutex/Monitor currently owned by a thread: None

Heap:
 PSYoungGen      total 15360K, used 4097K [0x00000000eab00000, 0x00000000ebc00000, 0x0000000100000000)
  eden space 13312K, 15% used [0x00000000eab00000,0x00000000ead06d58,0x00000000eb800000)
  from space 2048K, 98% used [0x00000000eb800000,0x00000000eb9f9850,0x00000000eba00000)
  to   space 2048K, 0% used [0x00000000eba00000,0x00000000eba00000,0x00000000ebc00000)
 ParOldGen       total 35840K, used 2511K [0x00000000c0000000, 0x00000000c2300000, 0x00000000eab00000)
  object space 35840K, 7% used [0x00000000c0000000,0x00000000c0273c28,0x00000000c2300000)
 Metaspace       used 5361K, capacity 6640K, committed 6784K, reserved 1056768K
  class space    used 564K, capacity 616K, committed 640K, reserved 1048576K

Card table byte_map: [0x00000000115a0000,0x00000000117b0000] byte_map_base: 0x0000000010fa0000

Marking Bits: (ParMarkBitMap*) 0x000000007349a5b0
 Begin Bits: [0x0000000011d10000, 0x0000000012d10000)
 End Bits:   [0x0000000012d10000, 0x0000000013d10000)

Polling page: 0x00000000007f0000

CodeCache: size=245760Kb used=3006Kb max_used=3006Kb free=242753Kb
 bounds [0x00000000021e0000, 0x00000000024e0000, 0x00000000111e0000]
 total_blobs=1015 nmethods=755 adapters=174
 compilation: enabled

Compilation events (10 events):
Event: 3.340 Thread 0x000000001490c000  746       3       com.android.dx.ssa.SetFactory::makeInterferenceSet (26 bytes)
Event: 3.341 Thread 0x000000001490c000 nmethod 746 0x00000000024c21d0 code [0x00000000024c2360, 0x00000000024c2768]
Event: 3.341 Thread 0x000000001490c000  749       3       com.android.dx.ssa.back.FirstFitLocalCombiningAllocator::getParameterIndexForReg (55 bytes)
Event: 3.342 Thread 0x000000001490c000 nmethod 749 0x00000000024c4690 code [0x00000000024c4840, 0x00000000024c5128]
Event: 3.342 Thread 0x000000001490c000  748       3       com.android.dx.ssa.back.LivenessAnalyzer::<init> (55 bytes)
Event: 3.342 Thread 0x000000001490c000 nmethod 748 0x00000000024c3f10 code [0x00000000024c40a0, 0x00000000024c44b8]
Event: 3.342 Thread 0x000000001490c000  753       1       com.android.dx.cf.attrib.InnerClassList$Item::getOuterClass (5 bytes)
Event: 3.342 Thread 0x000000001490c000 nmethod 753 0x00000000024c3c50 code [0x00000000024c3da0, 0x00000000024c3eb0]
Event: 3.342 Thread 0x000000001490c000  755       3       com.android.dx.ssa.Dominators::compress (229 bytes)
Event: 3.342 Thread 0x00000000148aa000  754       4       com.android.dx.rop.cst.CstFieldRef::compareTo0 (43 bytes)

GC Heap History (2 events):
Event: 2.982 GC heap before
{Heap before GC invocations=1 (full 0):
 PSYoungGen      total 15360K, used 13312K [0x00000000eab00000, 0x00000000ebc00000, 0x0000000100000000)
  eden space 13312K, 100% used [0x00000000eab00000,0x00000000eb800000,0x00000000eb800000)
  from space 2048K, 0% used [0x00000000eba00000,0x00000000eba00000,0x00000000ebc00000)
  to   space 2048K, 0% used [0x00000000eb800000,0x00000000eb800000,0x00000000eba00000)
 ParOldGen       total 35840K, used 0K [0x00000000c0000000, 0x00000000c2300000, 0x00000000eab00000)
  object space 35840K, 0% used [0x00000000c0000000,0x00000000c0000000,0x00000000c2300000)
 Metaspace       used 5289K, capacity 6576K, committed 6784K, reserved 1056768K
  class space    used 563K, capacity 616K, committed 640K, reserved 1048576K
Event: 3.143 GC heap after
Heap after GC invocations=1 (full 0):
 PSYoungGen      total 15360K, used 2022K [0x00000000eab00000, 0x00000000ebc00000, 0x0000000100000000)
  eden space 13312K, 0% used [0x00000000eab00000,0x00000000eab00000,0x00000000eb800000)
  from space 2048K, 98% used [0x00000000eb800000,0x00000000eb9f9850,0x00000000eba00000)
  to   space 2048K, 0% used [0x00000000eba00000,0x00000000eba00000,0x00000000ebc00000)
 ParOldGen       total 35840K, used 2511K [0x00000000c0000000, 0x00000000c2300000, 0x00000000eab00000)
  object space 35840K, 7% used [0x00000000c0000000,0x00000000c0273c28,0x00000000c2300000)
 Metaspace       used 5289K, capacity 6576K, committed 6784K, reserved 1056768K
  class space    used 563K, capacity 616K, committed 640K, reserved 1048576K
}

Deoptimization events (10 events):
Event: 2.123 Thread 0x000000001631d000 Uncommon trap: reason=class_check action=maybe_recompile pc=0x0000000002389cd0 method=com.android.dx.rop.cst.CstMemberRef.compareTo0(Lcom/android/dx/rop/cst/Constant;)I @ 1
Event: 2.130 Thread 0x000000001631d000 Uncommon trap: reason=speculate_class_check action=maybe_recompile pc=0x00000000023bfd28 method=com.android.dx.rop.cst.Constant.compareTo(Lcom/android/dx/rop/cst/Constant;)I @ 29
Event: 2.130 Thread 0x000000001631d000 Uncommon trap: reason=speculate_class_check action=maybe_recompile pc=0x00000000023bfd28 method=com.android.dx.rop.cst.Constant.compareTo(Lcom/android/dx/rop/cst/Constant;)I @ 29
Event: 2.130 Thread 0x000000001631d000 Uncommon trap: reason=speculate_class_check action=maybe_recompile pc=0x00000000023bfd28 method=com.android.dx.rop.cst.Constant.compareTo(Lcom/android/dx/rop/cst/Constant;)I @ 29
Event: 2.130 Thread 0x000000001631d000 Uncommon trap: reason=speculate_class_check action=maybe_recompile pc=0x00000000023bfd28 method=com.android.dx.rop.cst.Constant.compareTo(Lcom/android/dx/rop/cst/Constant;)I @ 29
Event: 2.573 Thread 0x00000000163ae800 Uncommon trap: reason=unstable_if action=reinterpret pc=0x00000000023ef3b8 method=java.util.TreeMap.fixAfterInsertion(Ljava/util/TreeMap$Entry;)V @ 105
Event: 2.595 Thread 0x0000000016423000 Uncommon trap: reason=unstable_if action=reinterpret pc=0x000000000242832c method=java.util.HashMap.getNode(ILjava/lang/Object;)Ljava/util/HashMap$Node; @ 129
Event: 3.179 Thread 0x000000001631d000 Uncommon trap: reason=unstable_if action=reinterpret pc=0x00000000023eb670 method=com.android.dx.rop.cst.CstFieldRef.compareTo0(Lcom/android/dx/rop/cst/Constant;)I @ 7
Event: 3.179 Thread 0x000000001631d000 Uncommon trap: reason=unstable_if action=reinterpret pc=0x00000000023cb668 method=com.android.dx.rop.cst.CstFieldRef.compareTo0(Lcom/android/dx/rop/cst/Constant;)I @ 7
Event: 3.189 Thread 0x000000001631d000 Uncommon trap: reason=unstable_if action=reinterpret pc=0x000000000238bf14 method=com.android.dx.rop.cst.CstFieldRef.compareTo0(Lcom/android/dx/rop/cst/Constant;)I @ 7

Internal exceptions (2 events):
Event: 0.321 Thread 0x00000000020e0800 Exception <a 'java/lang/NoSuchMethodError': Method sun.misc.Unsafe.defineClass(Ljava/lang/String;[BII)Ljava/lang/Class; name or signature does not match> (0x00000000eab0d790) thrown at [C:\workspace\8-2-build-windows-amd64-cygwin\jdk8u65\4987\hotspot\src\s¢[![FˆÔ?
Event: 0.321 Thread 0x00000000020e0800 Exception <a 'java/lang/NoSuchMethodError': Method sun.misc.Unsafe.prefetchRead(Ljava/lang/Object;J)V name or signature does not match> (0x00000000eab0da78) thrown at [C:\workspace\8-2-build-windows-amd64-cygwin\jdk8u65\4987\hotspot\src\share\vm\prims\jni.

Events (10 events):
Event: 3.179 Thread 0x000000001631d000 DEOPT PACKING pc=0x00000000023eb670 sp=0x00000000168eefd0
Event: 3.179 Thread 0x000000001631d000 DEOPT UNPACKING pc=0x000000000222582a sp=0x00000000168eee20 mode 2
Event: 3.179 Thread 0x000000001631d000 Uncommon trap: trap_request=0xffffff65 fr.pc=0x00000000023cb668
Event: 3.180 Thread 0x000000001631d000 DEOPT PACKING pc=0x00000000023cb668 sp=0x00000000168eef40
Event: 3.180 Thread 0x000000001631d000 DEOPT UNPACKING pc=0x000000000222582a sp=0x00000000168eee08 mode 2
Event: 3.189 Thread 0x000000001631d000 Uncommon trap: trap_request=0xffffff65 fr.pc=0x000000000238bf14
Event: 3.189 Thread 0x000000001631d000 DEOPT PACKING pc=0x000000000238bf14 sp=0x00000000168eeea0
Event: 3.189 Thread 0x000000001631d000 DEOPT UNPACKING pc=0x000000000222582a sp=0x00000000168eee28 mode 2
Event: 3.244 loading class java/util/ArrayList$1
Event: 3.244 loading class java/util/ArrayList$1 done


Dynamic libraries:
0x00007ff673fa0000 - 0x00007ff673fd7000 	C:\Program Files\Java\jdk1.8.0_65\bin\java.exe
0x00007ff861410000 - 0x00007ff8615d1000 	C:\WINDOWS\SYSTEM32\ntdll.dll
0x00007ff860920000 - 0x00007ff8609cd000 	C:\WINDOWS\system32\KERNEL32.DLL
0x00007ff85dba0000 - 0x00007ff85dd88000 	C:\WINDOWS\system32\KERNELBASE.dll
0x00007ff860410000 - 0x00007ff8604b7000 	C:\WINDOWS\system32\ADVAPI32.dll
0x00007ff860520000 - 0x00007ff8605bd000 	C:\WINDOWS\system32\msvcrt.dll
0x00007ff85e810000 - 0x00007ff85e86b000 	C:\WINDOWS\system32\sechost.dll
0x00007ff860790000 - 0x00007ff8608ac000 	C:\WINDOWS\system32\RPCRT4.dll
0x00007ff860140000 - 0x00007ff860296000 	C:\WINDOWS\system32\USER32.dll
0x00007ff85ffa0000 - 0x00007ff860126000 	C:\WINDOWS\system32\GDI32.dll
0x00007ff850590000 - 0x00007ff850804000 	C:\WINDOWS\WinSxS\amd64_microsoft.windows.common-controls_6595b64144ccf1df_6.0.10586.0_none_8c15ae12515e1c22\COMCTL32.dll
0x00007ff860d40000 - 0x00007ff860fbd000 	C:\WINDOWS\system32\combase.dll
0x00007ff85e520000 - 0x00007ff85e58a000 	C:\WINDOWS\system32\bcryptPrimitives.dll
0x00007ff860300000 - 0x00007ff86033b000 	C:\WINDOWS\system32\IMM32.DLL
0x0000000072bb0000 - 0x0000000072c82000 	C:\Program Files\Java\jdk1.8.0_65\jre\bin\msvcr100.dll
0x0000000072c90000 - 0x0000000073519000 	C:\Program Files\Java\jdk1.8.0_65\jre\bin\server\jvm.dll
0x00007ff860130000 - 0x00007ff860138000 	C:\WINDOWS\system32\PSAPI.DLL
0x00007ff859680000 - 0x00007ff859689000 	C:\WINDOWS\SYSTEM32\WSOCK32.dll
0x00007ff860720000 - 0x00007ff86078b000 	C:\WINDOWS\system32\WS2_32.dll
0x00007ff85b6d0000 - 0x00007ff85b6f3000 	C:\WINDOWS\SYSTEM32\WINMM.dll
0x00007ff85b240000 - 0x00007ff85b24a000 	C:\WINDOWS\SYSTEM32\VERSION.dll
0x00007ff85b670000 - 0x00007ff85b69c000 	C:\WINDOWS\SYSTEM32\WINMMBASE.dll
0x00007ff85e4d0000 - 0x00007ff85e513000 	C:\WINDOWS\system32\cfgmgr32.dll
0x0000000072ba0000 - 0x0000000072baf000 	C:\Program Files\Java\jdk1.8.0_65\jre\bin\verify.dll
0x0000000072b70000 - 0x0000000072b99000 	C:\Program Files\Java\jdk1.8.0_65\jre\bin\java.dll
0x0000000072b50000 - 0x0000000072b66000 	C:\Program Files\Java\jdk1.8.0_65\jre\bin\zip.dll
0x00007ff85ea40000 - 0x00007ff85ff9f000 	C:\WINDOWS\system32\SHELL32.dll
0x00007ff85dd90000 - 0x00007ff85e3d4000 	C:\WINDOWS\system32\windows.storage.dll
0x00007ff8608c0000 - 0x00007ff860912000 	C:\WINDOWS\system32\shlwapi.dll
0x00007ff85dab0000 - 0x00007ff85dabf000 	C:\WINDOWS\system32\kernel.appcore.dll
0x00007ff85dac0000 - 0x00007ff85db75000 	C:\WINDOWS\system32\shcore.dll
0x00007ff85da60000 - 0x00007ff85daab000 	C:\WINDOWS\system32\powrprof.dll
0x00007ff85da30000 - 0x00007ff85da44000 	C:\WINDOWS\system32\profapi.dll

VM Arguments:
jvm_args: -Djava.awt.headless=true -Xmx1024M -Dfile.encoding=windows-1252 -Duser.country=GB -Duser.language=en -Duser.variant 
java_command: com.android.dx.command.Main --dex --num-threads=4 --output C:\Users\hello\AndroidStudioProjects\TrafficLightMania\app\build\intermediates\pre-dexed\release\release_e972c3cb969244431028d50800e96e3515cf17cb.jar C:\Users\hello\AndroidStudioProjects\TrafficLightMania\app\build\intermediates\classes\release
java_class_path (initial): C:\Users\hello\AppData\Local\Android\sdk\build-tools\23.0.0\lib\dx.jar
Launcher Type: SUN_STANDARD

Environment Variables:
PATH=C:\ProgramData\Oracle\Java\javapath;C:\Windows\system32;C:\Windows;C:\Windows\System32\Wbem;C:\Windows\System32\WindowsPowerShell\v1.0\;C:\Program Files (x86)\Skype\Phone\;C:\Program Files (x86)\MiKTeX 2.9\miktex\bin\;C:\Program Files (x86)\MiKTeX 2.9\miktex\bin;C:\Program Files\Java\jdk1.8.0_65\bin;C:\Program Files\Java\jre1.8.0_65\bin;%SystemRoot%\system32;%SystemRoot%;%SystemRoot%\System32\Wbem;%SYSTEMROOT%\System32\WindowsPowerShell\v1.0\;C:\Program Files (x86)\Google\Chrome\Application;C:\ProgramData\Oracle\Java\javapath;C:\Windows\system32;C:\Windows;C:\Windows\System32\Wbem;C:\Windows\System32\WindowsPowerShell\v1.0\;C:\Program Files (x86)\Skype\Phone\;C:\Program Files (x86)\MiKTeX 2.9\miktex\bin\;C:\Program Files (x86)\MiKTeX 2.9\miktex\bin;C:\Program Files\Java\jdk1.8.0_65\bin;C:\Program Files\Java\jre1.8.0_65\bin;C:\Users\hello\AppData\Local\Programs\Git\cmd
USERNAME=hello
OS=Windows_NT
PROCESSOR_IDENTIFIER=AMD64 Family 21 Model 16 Stepping 1, AuthenticAMD



---------------  S Y S T E M  ---------------

OS: Windows 10.0 , 64 bit Build 10586 (10.0.10586.0)

CPU:total 4 (4 cores per cpu, 1 threads per core) family 21 model 16 stepping 1, cmov, cx8, fxsr, mmx, sse, sse2, sse3, ssse3, sse4.1, sse4.2, popcnt, avx, aes, clmul, mmxext, 3dnowpref, lzcnt, sse4a, tsc, tscinvbit, tscinv, bmi1

Memory: 4k page, physical 3346696k(207752k free), swap 13832456k(5192k free)

vm_info: Java HotSpot(TM) 64-Bit Server VM (25.65-b01) for windows-amd64 JRE (1.8.0_65-b17), built on Oct  6 2015 16:39:20 by "java_re" with MS VC++ 10.0 (VS2010)

time: Thu Dec 24 13:30:55 2015
elapsed time: 3 seconds (0d 0h 0m 3s)

