#
# There is insufficient memory for the Java Runtime Environment to continue.
# Native memory allocation (malloc) failed to allocate 131088 bytes for Chunk::new
# Possible reasons:
#   The system is out of physical RAM or swap space
#   In 32 bit mode, the process size limit was hit
# Possible solutions:
#   Reduce memory load on the system
#   Increase physical memory or swap space
#   Check if swap backing store is full
#   Use 64 bit Java on a 64 bit OS
#   Decrease Java heap size (-Xmx/-Xms)
#   Decrease number of Java threads
#   Decrease Java thread stack sizes (-Xss)
#   Set larger code cache with -XX:ReservedCodeCacheSize=
# This output file may be truncated or incomplete.
#
#  Out of Memory Error (allocation.cpp:390), pid=15616, tid=15364
#
# JRE version: Java(TM) SE Runtime Environment (8.0_65-b17) (build 1.8.0_65-b17)
# Java VM: Java HotSpot(TM) 64-Bit Server VM (25.65-b01 mixed mode windows-amd64 compressed oops)
# Failed to write core dump. Minidumps are not enabled by default on client versions of Windows
#

---------------  T H R E A D  ---------------

Current thread (0x0000000014ac9800):  JavaThread "C2 CompilerThread0" daemon [_thread_in_native, id=15364, stack(0x0000000016040000,0x0000000016140000)]

Stack: [0x0000000016040000,0x0000000016140000]
[error occurred during error reporting (printing stack bounds), id 0xc0000005]

Native frames: (J=compiled Java code, j=interpreted, Vv=VM code, C=native code)


Current CompileTask:
C2:   3016 1138       4       com.android.dx.ssa.SCCP::simulateStmt (481 bytes)


---------------  P R O C E S S  ---------------

Java Threads: ( => current thread )
  0x00000000165b4000 JavaThread "pool-1-thread-4" [_thread_in_Java, id=27420, stack(0x0000000016d40000,0x0000000016e40000)]
  0x00000000165b3000 JavaThread "pool-1-thread-3" [_thread_blocked, id=18696, stack(0x0000000016c40000,0x0000000016d40000)]
  0x00000000165b2800 JavaThread "pool-1-thread-2" [_thread_in_Java, id=14844, stack(0x0000000016b40000,0x0000000016c40000)]
  0x00000000165ae000 JavaThread "pool-2-thread-1" [_thread_blocked, id=22492, stack(0x0000000016a40000,0x0000000016b40000)]
  0x00000000165ad800 JavaThread "pool-1-thread-1" [_thread_blocked, id=21932, stack(0x0000000016940000,0x0000000016a40000)]
  0x000000001635b800 JavaThread "Service Thread" daemon [_thread_blocked, id=28368, stack(0x0000000016740000,0x0000000016840000)]
  0x0000000014b2c000 JavaThread "C1 CompilerThread2" daemon [_thread_in_native, id=392, stack(0x0000000016240000,0x0000000016340000)]
  0x0000000014ad0000 JavaThread "C2 CompilerThread1" daemon [_thread_in_native, id=26272, stack(0x0000000016140000,0x0000000016240000)]
=>0x0000000014ac9800 JavaThread "C2 CompilerThread0" daemon [_thread_in_native, id=15364, stack(0x0000000016040000,0x0000000016140000)]
  0x0000000014ac7800 JavaThread "Attach Listener" daemon [_thread_blocked, id=19828, stack(0x0000000015f40000,0x0000000016040000)]
  0x0000000014ac6000 JavaThread "Signal Dispatcher" daemon [_thread_blocked, id=24636, stack(0x0000000015e40000,0x0000000015f40000)]
  0x00000000023f0800 JavaThread "Finalizer" daemon [_thread_blocked, id=17256, stack(0x0000000015d40000,0x0000000015e40000)]
  0x0000000014a99000 JavaThread "Reference Handler" daemon [_thread_blocked, id=26768, stack(0x0000000015c40000,0x0000000015d40000)]
  0x0000000002300800 JavaThread "main" [_thread_in_vm, id=27988, stack(0x0000000002200000,0x0000000002300000)]

Other Threads:
  0x0000000014a97000 VMThread [stack: 0x0000000015b40000,0x0000000015c40000] [id=28136]
  0x0000000016356800 WatcherThread [stack: 0x0000000016840000,0x0000000016940000] [id=27316]

VM state:not at safepoint (normal execution)

VM Mutex/Monitor currently owned by a thread: None

Heap:
 PSYoungGen      total 15360K, used 12478K [0x00000000eab00000, 0x00000000ebc00000, 0x0000000100000000)
  eden space 13312K, 78% used [0x00000000eab00000,0x00000000eb535070,0x00000000eb800000)
  from space 2048K, 98% used [0x00000000eb800000,0x00000000eb9faa90,0x00000000eba00000)
  to   space 2048K, 0% used [0x00000000eba00000,0x00000000eba00000,0x00000000ebc00000)
 ParOldGen       total 35840K, used 1915K [0x00000000c0000000, 0x00000000c2300000, 0x00000000eab00000)
  object space 35840K, 5% used [0x00000000c0000000,0x00000000c01ded40,0x00000000c2300000)
 Metaspace       used 5867K, capacity 6896K, committed 7040K, reserved 1056768K
  class space    used 590K, capacity 616K, committed 640K, reserved 1048576K

Card table byte_map: [0x00000000117c0000,0x00000000119d0000] byte_map_base: 0x00000000111c0000

Marking Bits: (ParMarkBitMap*) 0x000000007349a5b0
 Begin Bits: [0x0000000011f30000, 0x0000000012f30000)
 End Bits:   [0x0000000012f30000, 0x0000000013f30000)

Polling page: 0x0000000000510000

CodeCache: size=245760Kb used=4634Kb max_used=4644Kb free=241125Kb
 bounds [0x0000000002400000, 0x0000000002890000, 0x0000000011400000]
 total_blobs=1424 nmethods=1156 adapters=182
 compilation: enabled

Compilation events (10 events):
Event: 3.008 Thread 0x0000000014b2c000 nmethod 1148 0x0000000002884490 code [0x00000000028846e0, 0x0000000002885f78]
Event: 3.008 Thread 0x0000000014b2c000 1149       3       com.android.dx.rop.code.Insn::canThrow (8 bytes)
Event: 3.008 Thread 0x0000000014b2c000 nmethod 1149 0x00000000028803d0 code [0x0000000002880540, 0x00000000028808a8]
Event: 3.008 Thread 0x0000000014b2c000 1150       3       com.android.dx.ssa.NormalSsaInsn::canThrow (8 bytes)
Event: 3.009 Thread 0x0000000014b2c000 nmethod 1150 0x000000000287fc50 code [0x000000000287fde0, 0x0000000002880228]
Event: 3.009 Thread 0x0000000014b2c000 1151       3       java.util.ArrayList::rangeCheckForAdd (26 bytes)
Event: 3.010 Thread 0x0000000014b2c000 nmethod 1151 0x0000000002881e90 code [0x00000000028820a0, 0x0000000002882bd8]
Event: 3.010 Thread 0x0000000014b2c000 1152       3       com.android.dx.ssa.PhiTypeResolver::run (179 bytes)
Event: 3.013 Thread 0x0000000014b2c000 nmethod 1152 0x0000000002886490 code [0x0000000002886720, 0x00000000028878c8]
Event: 3.013 Thread 0x0000000014b2c000 1154       3       com.android.dx.rop.type.Prototype::makeParameterArray (131 bytes)

GC Heap History (2 events):
Event: 2.031 GC heap before
{Heap before GC invocations=1 (full 0):
 PSYoungGen      total 15360K, used 13312K [0x00000000eab00000, 0x00000000ebc00000, 0x0000000100000000)
  eden space 13312K, 100% used [0x00000000eab00000,0x00000000eb800000,0x00000000eb800000)
  from space 2048K, 0% used [0x00000000eba00000,0x00000000eba00000,0x00000000ebc00000)
  to   space 2048K, 0% used [0x00000000eb800000,0x00000000eb800000,0x00000000eba00000)
 ParOldGen       total 35840K, used 0K [0x00000000c0000000, 0x00000000c2300000, 0x00000000eab00000)
  object space 35840K, 0% used [0x00000000c0000000,0x00000000c0000000,0x00000000c2300000)
 Metaspace       used 5648K, capacity 6704K, committed 6784K, reserved 1056768K
  class space    used 588K, capacity 616K, committed 640K, reserved 1048576K
Event: 2.058 GC heap after
Heap after GC invocations=1 (full 0):
 PSYoungGen      total 15360K, used 2026K [0x00000000eab00000, 0x00000000ebc00000, 0x0000000100000000)
  eden space 13312K, 0% used [0x00000000eab00000,0x00000000eab00000,0x00000000eb800000)
  from space 2048K, 98% used [0x00000000eb800000,0x00000000eb9faa90,0x00000000eba00000)
  to   space 2048K, 0% used [0x00000000eba00000,0x00000000eba00000,0x00000000ebc00000)
 ParOldGen       total 35840K, used 1915K [0x00000000c0000000, 0x00000000c2300000, 0x00000000eab00000)
  object space 35840K, 5% used [0x00000000c0000000,0x00000000c01ded40,0x00000000c2300000)
 Metaspace       used 5648K, capacity 6704K, committed 6784K, reserved 1056768K
  class space    used 588K, capacity 616K, committed 640K, reserved 1048576K
}

Deoptimization events (9 events):
Event: 1.637 Thread 0x00000000165ad800 Uncommon trap: reason=unstable_if action=reinterpret pc=0x000000000267ce34 method=java.util.BitSet.ensureCapacity(I)V @ 6
Event: 1.637 Thread 0x00000000165ad800 Uncommon trap: reason=unstable_if action=reinterpret pc=0x000000000268e8f0 method=java.util.BitSet.ensureCapacity(I)V @ 6
Event: 1.638 Thread 0x00000000165ad800 Uncommon trap: reason=unstable_if action=reinterpret pc=0x000000000260bdb0 method=java.util.BitSet.nextSetBit(I)I @ 87
Event: 2.190 Thread 0x0000000002300800 Uncommon trap: reason=class_check action=maybe_recompile pc=0x0000000002714218 method=com.android.dx.ssa.NormalSsaInsn.accept(Lcom/android/dx/ssa/SsaInsn$Visitor;)V @ 9
Event: 2.190 Thread 0x0000000002300800 Uncommon trap: reason=class_check action=maybe_recompile pc=0x000000000267ad70 method=com.android.dx.ssa.NormalSsaInsn.accept(Lcom/android/dx/ssa/SsaInsn$Visitor;)V @ 9
Event: 2.190 Thread 0x0000000002300800 Uncommon trap: reason=class_check action=maybe_recompile pc=0x000000000267ad70 method=com.android.dx.ssa.NormalSsaInsn.accept(Lcom/android/dx/ssa/SsaInsn$Visitor;)V @ 9
Event: 2.190 Thread 0x0000000002300800 Uncommon trap: reason=class_check action=maybe_recompile pc=0x000000000267ad70 method=com.android.dx.ssa.NormalSsaInsn.accept(Lcom/android/dx/ssa/SsaInsn$Visitor;)V @ 9
Event: 2.203 Thread 0x0000000002300800 Uncommon trap: reason=class_check action=maybe_recompile pc=0x0000000002714218 method=com.android.dx.ssa.NormalSsaInsn.accept(Lcom/android/dx/ssa/SsaInsn$Visitor;)V @ 9
Event: 2.897 Thread 0x00000000165b2800 Uncommon trap: reason=bimorphic action=maybe_recompile pc=0x000000000268f438 method=java.util.HashMap.getNode(ILjava/lang/Object;)Ljava/util/HashMap$Node; @ 126

Internal exceptions (2 events):
Event: 0.115 Thread 0x0000000002300800 Exception <a 'java/lang/NoSuchMethodError': Method sun.misc.Unsafe.defineClass(Ljava/lang/String;[BII)Ljava/lang/Class; name or signature does not match> (0x00000000eab0d870) thrown at [C:\workspace\8-2-build-windows-amd64-cygwin\jdk8u65\4987\hotspot\src\s»,Ö^ZxΩ?
Event: 0.115 Thread 0x0000000002300800 Exception <a 'java/lang/NoSuchMethodError': Method sun.misc.Unsafe.prefetchRead(Ljava/lang/Object;J)V name or signature does not match> (0x00000000eab0db58) thrown at [C:\workspace\8-2-build-windows-amd64-cygwin\jdk8u65\4987\hotspot\src\share\vm\prims\jni.

Events (10 events):
Event: 2.203 Thread 0x0000000002300800 Uncommon trap: trap_request=0xffffffde fr.pc=0x0000000002714218
Event: 2.204 Thread 0x0000000002300800 DEOPT PACKING pc=0x0000000002714218 sp=0x00000000022fe1a0
Event: 2.204 Thread 0x0000000002300800 DEOPT UNPACKING pc=0x000000000244582a sp=0x00000000022fe150 mode 2
Event: 2.205 loading class com/android/dx/cf/attrib/AttRuntimeInvisibleAnnotations
Event: 2.205 loading class com/android/dx/cf/attrib/AttRuntimeInvisibleAnnotations done
Event: 2.309 loading class com/android/dx/cf/code/BytecodeArray$ConstantParserVisitor
Event: 2.309 loading class com/android/dx/cf/code/BytecodeArray$ConstantParserVisitor done
Event: 2.897 Thread 0x00000000165b2800 Uncommon trap: trap_request=0xffffffc6 fr.pc=0x000000000268f438
Event: 2.897 Thread 0x00000000165b2800 DEOPT PACKING pc=0x000000000268f438 sp=0x0000000016c3e950
Event: 2.897 Thread 0x00000000165b2800 DEOPT UNPACKING pc=0x000000000244582a sp=0x0000000016c3e878 mode 2


Dynamic libraries:
0x00007ff673fa0000 - 0x00007ff673fd7000 	C:\Program Files\Java\jdk1.8.0_65\bin\java.exe
0x00007ff861410000 - 0x00007ff8615d1000 	C:\WINDOWS\SYSTEM32\ntdll.dll
0x00007ff860920000 - 0x00007ff8609cd000 	C:\WINDOWS\system32\KERNEL32.DLL
0x00007ff85dba0000 - 0x00007ff85dd88000 	C:\WINDOWS\system32\KERNELBASE.dll
0x00007ff860410000 - 0x00007ff8604b7000 	C:\WINDOWS\system32\ADVAPI32.dll
0x00007ff860520000 - 0x00007ff8605bd000 	C:\WINDOWS\system32\msvcrt.dll
0x00007ff85e810000 - 0x00007ff85e86b000 	C:\WINDOWS\system32\sechost.dll
0x00007ff860790000 - 0x00007ff8608ac000 	C:\WINDOWS\system32\RPCRT4.dll
0x00007ff860140000 - 0x00007ff860296000 	C:\WINDOWS\system32\USER32.dll
0x00007ff85ffa0000 - 0x00007ff860126000 	C:\WINDOWS\system32\GDI32.dll
0x00007ff850590000 - 0x00007ff850804000 	C:\WINDOWS\WinSxS\amd64_microsoft.windows.common-controls_6595b64144ccf1df_6.0.10586.0_none_8c15ae12515e1c22\COMCTL32.dll
0x00007ff860d40000 - 0x00007ff860fbd000 	C:\WINDOWS\system32\combase.dll
0x00007ff85e520000 - 0x00007ff85e58a000 	C:\WINDOWS\system32\bcryptPrimitives.dll
0x00007ff860300000 - 0x00007ff86033b000 	C:\WINDOWS\system32\IMM32.DLL
0x0000000072bb0000 - 0x0000000072c82000 	C:\Program Files\Java\jdk1.8.0_65\jre\bin\msvcr100.dll
0x0000000072c90000 - 0x0000000073519000 	C:\Program Files\Java\jdk1.8.0_65\jre\bin\server\jvm.dll
0x00007ff860130000 - 0x00007ff860138000 	C:\WINDOWS\system32\PSAPI.DLL
0x00007ff859680000 - 0x00007ff859689000 	C:\WINDOWS\SYSTEM32\WSOCK32.dll
0x00007ff860720000 - 0x00007ff86078b000 	C:\WINDOWS\system32\WS2_32.dll
0x00007ff85b6d0000 - 0x00007ff85b6f3000 	C:\WINDOWS\SYSTEM32\WINMM.dll
0x00007ff85b240000 - 0x00007ff85b24a000 	C:\WINDOWS\SYSTEM32\VERSION.dll
0x00007ff85b670000 - 0x00007ff85b69c000 	C:\WINDOWS\SYSTEM32\WINMMBASE.dll
0x00007ff85e4d0000 - 0x00007ff85e513000 	C:\WINDOWS\system32\cfgmgr32.dll
0x0000000072ba0000 - 0x0000000072baf000 	C:\Program Files\Java\jdk1.8.0_65\jre\bin\verify.dll
0x0000000072b70000 - 0x0000000072b99000 	C:\Program Files\Java\jdk1.8.0_65\jre\bin\java.dll
0x0000000072b50000 - 0x0000000072b66000 	C:\Program Files\Java\jdk1.8.0_65\jre\bin\zip.dll
0x00007ff85ea40000 - 0x00007ff85ff9f000 	C:\WINDOWS\system32\SHELL32.dll
0x00007ff85dd90000 - 0x00007ff85e3d4000 	C:\WINDOWS\system32\windows.storage.dll
0x00007ff8608c0000 - 0x00007ff860912000 	C:\WINDOWS\system32\shlwapi.dll
0x00007ff85dab0000 - 0x00007ff85dabf000 	C:\WINDOWS\system32\kernel.appcore.dll
0x00007ff85dac0000 - 0x00007ff85db75000 	C:\WINDOWS\system32\shcore.dll
0x00007ff85da60000 - 0x00007ff85daab000 	C:\WINDOWS\system32\powrprof.dll
0x00007ff85da30000 - 0x00007ff85da44000 	C:\WINDOWS\system32\profapi.dll

VM Arguments:
jvm_args: -Djava.awt.headless=true -Xmx1024M -Dfile.encoding=windows-1252 -Duser.country=GB -Duser.language=en -Duser.variant 
java_command: com.android.dx.command.Main --dex --num-threads=4 --output C:\Users\hello\AndroidStudioProjects\TrafficLightMania\app\build\intermediates\pre-dexed\release\com.google.android.gms-play-services-location-8.4.0_db3b587097f98ee7afb2fe85ee8d3cd0e3f465cb.jar C:\Users\hello\AndroidStudioProjects\TrafficLightMania\app\build\intermediates\exploded-aar\com.google.android.gms\play-services-location\8.4.0\jars\classes.jar
java_class_path (initial): C:\Users\hello\AppData\Local\Android\sdk\build-tools\23.0.0\lib\dx.jar
Launcher Type: SUN_STANDARD

Environment Variables:
PATH=C:\ProgramData\Oracle\Java\javapath;C:\Windows\system32;C:\Windows;C:\Windows\System32\Wbem;C:\Windows\System32\WindowsPowerShell\v1.0\;C:\Program Files (x86)\Skype\Phone\;C:\Program Files (x86)\MiKTeX 2.9\miktex\bin\;C:\Program Files (x86)\MiKTeX 2.9\miktex\bin;C:\Program Files\Java\jdk1.8.0_65\bin;C:\Program Files\Java\jre1.8.0_65\bin;%SystemRoot%\system32;%SystemRoot%;%SystemRoot%\System32\Wbem;%SYSTEMROOT%\System32\WindowsPowerShell\v1.0\;C:\Program Files (x86)\Google\Chrome\Application;C:\ProgramData\Oracle\Java\javapath;C:\Windows\system32;C:\Windows;C:\Windows\System32\Wbem;C:\Windows\System32\WindowsPowerShell\v1.0\;C:\Program Files (x86)\Skype\Phone\;C:\Program Files (x86)\MiKTeX 2.9\miktex\bin\;C:\Program Files (x86)\MiKTeX 2.9\miktex\bin;C:\Program Files\Java\jdk1.8.0_65\bin;C:\Program Files\Java\jre1.8.0_65\bin;C:\Users\hello\AppData\Local\Programs\Git\cmd
USERNAME=hello
OS=Windows_NT
PROCESSOR_IDENTIFIER=AMD64 Family 21 Model 16 Stepping 1, AuthenticAMD



---------------  S Y S T E M  ---------------

OS: Windows 10.0 , 64 bit Build 10586 (10.0.10586.0)

CPU:total 4 (4 cores per cpu, 1 threads per core) family 21 model 16 stepping 1, cmov, cx8, fxsr, mmx, sse, sse2, sse3, ssse3, sse4.1, sse4.2, popcnt, avx, aes, clmul, mmxext, 3dnowpref, lzcnt, sse4a, tsc, tscinvbit, tscinv, bmi1

Memory: 4k page, physical 3346696k(108872k free), swap 13832456k(1976k free)

vm_info: Java HotSpot(TM) 64-Bit Server VM (25.65-b01) for windows-amd64 JRE (1.8.0_65-b17), built on Oct  6 2015 16:39:20 by "java_re" with MS VC++ 10.0 (VS2010)

time: Thu Dec 24 13:31:05 2015
elapsed time: 3 seconds (0d 0h 0m 3s)

