#
# There is insufficient memory for the Java Runtime Environment to continue.
# Native memory allocation (malloc) failed to allocate 1947536 bytes for Chunk::new
# Possible reasons:
#   The system is out of physical RAM or swap space
#   In 32 bit mode, the process size limit was hit
# Possible solutions:
#   Reduce memory load on the system
#   Increase physical memory or swap space
#   Check if swap backing store is full
#   Use 64 bit Java on a 64 bit OS
#   Decrease Java heap size (-Xmx/-Xms)
#   Decrease number of Java threads
#   Decrease Java thread stack sizes (-Xss)
#   Set larger code cache with -XX:ReservedCodeCacheSize=
# This output file may be truncated or incomplete.
#
#  Out of Memory Error (allocation.cpp:390), pid=19656, tid=27764
#
# JRE version: Java(TM) SE Runtime Environment (8.0_65-b17) (build 1.8.0_65-b17)
# Java VM: Java HotSpot(TM) 64-Bit Server VM (25.65-b01 mixed mode windows-amd64 compressed oops)
# Failed to write core dump. Minidumps are not enabled by default on client versions of Windows
#

---------------  T H R E A D  ---------------

Current thread (0x00000000149ab800):  JavaThread "C2 CompilerThread0" daemon [_thread_in_native, id=27764, stack(0x0000000015f20000,0x0000000016020000)]

Stack: [0x0000000015f20000,0x0000000016020000]
[error occurred during error reporting (printing stack bounds), id 0xc0000005]

Native frames: (J=compiled Java code, j=interpreted, Vv=VM code, C=native code)


Current CompileTask:
C2:   8096 1709   !   4       com.android.dx.cf.code.BytecodeArray::parseInstruction (2764 bytes)


---------------  P R O C E S S  ---------------

Java Threads: ( => current thread )
  0x00000000164a4000 JavaThread "pool-1-thread-4" [_thread_in_Java, id=18436, stack(0x0000000016c20000,0x0000000016d20000)]
  0x000000001649f000 JavaThread "pool-1-thread-3" [_thread_in_Java, id=26616, stack(0x0000000016b20000,0x0000000016c20000)]
  0x000000001649e000 JavaThread "pool-1-thread-2" [_thread_in_Java, id=23900, stack(0x0000000016a20000,0x0000000016b20000)]
  0x000000001648e000 JavaThread "pool-2-thread-1" [_thread_blocked, id=6436, stack(0x0000000016920000,0x0000000016a20000)]
  0x0000000016476800 JavaThread "pool-1-thread-1" [_thread_in_vm, id=3696, stack(0x0000000016820000,0x0000000016920000)]
  0x0000000016228000 JavaThread "Service Thread" daemon [_thread_blocked, id=27876, stack(0x0000000016620000,0x0000000016720000)]
  0x0000000014a09800 JavaThread "C1 CompilerThread2" daemon [_thread_blocked, id=8568, stack(0x0000000016120000,0x0000000016220000)]
  0x00000000149b1000 JavaThread "C2 CompilerThread1" daemon [_thread_in_native, id=24424, stack(0x0000000016020000,0x0000000016120000)]
=>0x00000000149ab800 JavaThread "C2 CompilerThread0" daemon [_thread_in_native, id=27764, stack(0x0000000015f20000,0x0000000016020000)]
  0x00000000149aa000 JavaThread "Attach Listener" daemon [_thread_blocked, id=4316, stack(0x0000000015e20000,0x0000000015f20000)]
  0x00000000149a7000 JavaThread "Signal Dispatcher" daemon [_thread_blocked, id=8312, stack(0x0000000015d20000,0x0000000015e20000)]
  0x00000000022d1800 JavaThread "Finalizer" daemon [_thread_blocked, id=19180, stack(0x0000000015c20000,0x0000000015d20000)]
  0x00000000022ce800 JavaThread "Reference Handler" daemon [_thread_blocked, id=25808, stack(0x0000000015b20000,0x0000000015c20000)]
  0x00000000021e0800 JavaThread "main" [_thread_in_Java, id=19280, stack(0x0000000001ff0000,0x00000000020f0000)]

Other Threads:
  0x0000000014977000 VMThread [stack: 0x0000000015a20000,0x0000000015b20000] [id=6696]
  0x000000001623b800 WatcherThread [stack: 0x0000000016720000,0x0000000016820000] [id=4168]

VM state:not at safepoint (normal execution)

VM Mutex/Monitor currently owned by a thread: None

Heap:
 PSYoungGen      total 28672K, used 17552K [0x00000000eab00000, 0x00000000ec900000, 0x0000000100000000)
  eden space 26624K, 58% used [0x00000000eab00000,0x00000000eba2b3b8,0x00000000ec500000)
  from space 2048K, 98% used [0x00000000ec700000,0x00000000ec8f8f48,0x00000000ec900000)
  to   space 2048K, 0% used [0x00000000ec500000,0x00000000ec500000,0x00000000ec700000)
 ParOldGen       total 35840K, used 13656K [0x00000000c0000000, 0x00000000c2300000, 0x00000000eab00000)
  object space 35840K, 38% used [0x00000000c0000000,0x00000000c0d56058,0x00000000c2300000)
 Metaspace       used 6177K, capacity 7152K, committed 7296K, reserved 1056768K
  class space    used 595K, capacity 616K, committed 640K, reserved 1048576K

Card table byte_map: [0x00000000116a0000,0x00000000118b0000] byte_map_base: 0x00000000110a0000

Marking Bits: (ParMarkBitMap*) 0x000000007349a5b0
 Begin Bits: [0x0000000011e10000, 0x0000000012e10000)
 End Bits:   [0x0000000012e10000, 0x0000000013e10000)

Polling page: 0x0000000001f40000

CodeCache: size=245760Kb used=7320Kb max_used=7320Kb free=238439Kb
 bounds [0x00000000022e0000, 0x0000000002a10000, 0x00000000112e0000]
 total_blobs=1960 nmethods=1692 adapters=182
 compilation: enabled

Compilation events (10 events):
Event: 7.709 Thread 0x0000000014a09800 1713       1       com.android.dx.ssa.MoveParamCombiner$1::visitPhiInsn (1 bytes)
Event: 7.709 Thread 0x0000000014a09800 nmethod 1713 0x00000000029fea10 code [0x00000000029feb60, 0x00000000029fec70]
Event: 7.737 Thread 0x0000000014a09800 1714       1       java.util.HashMap$Node::getKey (5 bytes)
Event: 7.738 Thread 0x0000000014a09800 nmethod 1714 0x00000000029fe750 code [0x00000000029fe8a0, 0x00000000029fe9b0]
Event: 7.741 Thread 0x0000000014a09800 1715       3       com.android.dx.rop.type.Type::asUninitialized (140 bytes)
Event: 7.744 Thread 0x0000000014a09800 nmethod 1715 0x0000000002a09690 code [0x0000000002a099e0, 0x0000000002a0b618]
Event: 7.774 Thread 0x0000000014a09800 1718       3       com.android.dx.util.MutabilityControl::isImmutable (13 bytes)
Event: 7.774 Thread 0x0000000014a09800 nmethod 1718 0x00000000029fe3d0 code [0x00000000029fe520, 0x00000000029fe6d0]
Event: 7.775 Thread 0x0000000014a09800 1719       3       java.util.ArrayList::set (20 bytes)
Event: 7.776 Thread 0x0000000014a09800 nmethod 1719 0x0000000002a0c290 code [0x0000000002a0c440, 0x0000000002a0c8f8]

GC Heap History (8 events):
Event: 2.556 GC heap before
{Heap before GC invocations=1 (full 0):
 PSYoungGen      total 15360K, used 13312K [0x00000000eab00000, 0x00000000ebc00000, 0x0000000100000000)
  eden space 13312K, 100% used [0x00000000eab00000,0x00000000eb800000,0x00000000eb800000)
  from space 2048K, 0% used [0x00000000eba00000,0x00000000eba00000,0x00000000ebc00000)
  to   space 2048K, 0% used [0x00000000eb800000,0x00000000eb800000,0x00000000eba00000)
 ParOldGen       total 35840K, used 0K [0x00000000c0000000, 0x00000000c2300000, 0x00000000eab00000)
  object space 35840K, 0% used [0x00000000c0000000,0x00000000c0000000,0x00000000c2300000)
 Metaspace       used 5571K, capacity 6640K, committed 6784K, reserved 1056768K
  class space    used 587K, capacity 616K, committed 640K, reserved 1048576K
Event: 2.708 GC heap after
Heap after GC invocations=1 (full 0):
 PSYoungGen      total 15360K, used 2026K [0x00000000eab00000, 0x00000000ec900000, 0x0000000100000000)
  eden space 13312K, 0% used [0x00000000eab00000,0x00000000eab00000,0x00000000eb800000)
  from space 2048K, 98% used [0x00000000eb800000,0x00000000eb9faaa8,0x00000000eba00000)
  to   space 2048K, 0% used [0x00000000ec700000,0x00000000ec700000,0x00000000ec900000)
 ParOldGen       total 35840K, used 2068K [0x00000000c0000000, 0x00000000c2300000, 0x00000000eab00000)
  object space 35840K, 5% used [0x00000000c0000000,0x00000000c0205368,0x00000000c2300000)
 Metaspace       used 5571K, capacity 6640K, committed 6784K, reserved 1056768K
  class space    used 587K, capacity 616K, committed 640K, reserved 1048576K
}
Event: 3.833 GC heap before
{Heap before GC invocations=2 (full 0):
 PSYoungGen      total 15360K, used 15338K [0x00000000eab00000, 0x00000000ec900000, 0x0000000100000000)
  eden space 13312K, 100% used [0x00000000eab00000,0x00000000eb800000,0x00000000eb800000)
  from space 2048K, 98% used [0x00000000eb800000,0x00000000eb9faaa8,0x00000000eba00000)
  to   space 2048K, 0% used [0x00000000ec700000,0x00000000ec700000,0x00000000ec900000)
 ParOldGen       total 35840K, used 2068K [0x00000000c0000000, 0x00000000c2300000, 0x00000000eab00000)
  object space 35840K, 5% used [0x00000000c0000000,0x00000000c0205368,0x00000000c2300000)
 Metaspace       used 5856K, capacity 6896K, committed 7040K, reserved 1056768K
  class space    used 587K, capacity 616K, committed 640K, reserved 1048576K
Event: 3.973 GC heap after
Heap after GC invocations=2 (full 0):
 PSYoungGen      total 28672K, used 2032K [0x00000000eab00000, 0x00000000ec900000, 0x0000000100000000)
  eden space 26624K, 0% used [0x00000000eab00000,0x00000000eab00000,0x00000000ec500000)
  from space 2048K, 99% used [0x00000000ec700000,0x00000000ec8fc048,0x00000000ec900000)
  to   space 2048K, 0% used [0x00000000ec500000,0x00000000ec500000,0x00000000ec700000)
 ParOldGen       total 35840K, used 3698K [0x00000000c0000000, 0x00000000c2300000, 0x00000000eab00000)
  object space 35840K, 10% used [0x00000000c0000000,0x00000000c039c860,0x00000000c2300000)
 Metaspace       used 5856K, capacity 6896K, committed 7040K, reserved 1056768K
  class space    used 587K, capacity 616K, committed 640K, reserved 1048576K
}
Event: 6.644 GC heap before
{Heap before GC invocations=3 (full 0):
 PSYoungGen      total 28672K, used 28656K [0x00000000eab00000, 0x00000000ec900000, 0x0000000100000000)
  eden space 26624K, 100% used [0x00000000eab00000,0x00000000ec500000,0x00000000ec500000)
  from space 2048K, 99% used [0x00000000ec700000,0x00000000ec8fc048,0x00000000ec900000)
  to   space 2048K, 0% used [0x00000000ec500000,0x00000000ec500000,0x00000000ec700000)
 ParOldGen       total 35840K, used 3698K [0x00000000c0000000, 0x00000000c2300000, 0x00000000eab00000)
  object space 35840K, 10% used [0x00000000c0000000,0x00000000c039c860,0x00000000c2300000)
 Metaspace       used 6121K, capacity 7088K, committed 7296K, reserved 1056768K
  class space    used 591K, capacity 616K, committed 640K, reserved 1048576K
Event: 6.770 GC heap after
Heap after GC invocations=3 (full 0):
 PSYoungGen      total 28672K, used 2046K [0x00000000eab00000, 0x00000000ec900000, 0x0000000100000000)
  eden space 26624K, 0% used [0x00000000eab00000,0x00000000eab00000,0x00000000ec500000)
  from space 2048K, 99% used [0x00000000ec500000,0x00000000ec6ff880,0x00000000ec700000)
  to   space 2048K, 0% used [0x00000000ec700000,0x00000000ec700000,0x00000000ec900000)
 ParOldGen       total 35840K, used 8560K [0x00000000c0000000, 0x00000000c2300000, 0x00000000eab00000)
  object space 35840K, 23% used [0x00000000c0000000,0x00000000c085c2b0,0x00000000c2300000)
 Metaspace       used 6121K, capacity 7088K, committed 7296K, reserved 1056768K
  class space    used 591K, capacity 616K, committed 640K, reserved 1048576K
}
Event: 7.668 GC heap before
{Heap before GC invocations=4 (full 0):
 PSYoungGen      total 28672K, used 28670K [0x00000000eab00000, 0x00000000ec900000, 0x0000000100000000)
  eden space 26624K, 100% used [0x00000000eab00000,0x00000000ec500000,0x00000000ec500000)
  from space 2048K, 99% used [0x00000000ec500000,0x00000000ec6ff880,0x00000000ec700000)
  to   space 2048K, 0% used [0x00000000ec700000,0x00000000ec700000,0x00000000ec900000)
 ParOldGen       total 35840K, used 8560K [0x00000000c0000000, 0x00000000c2300000, 0x00000000eab00000)
  object space 35840K, 23% used [0x00000000c0000000,0x00000000c085c2b0,0x00000000c2300000)
 Metaspace       used 6177K, capacity 7152K, committed 7296K, reserved 1056768K
  class space    used 595K, capacity 616K, committed 640K, reserved 1048576K
Event: 7.699 GC heap after
Heap after GC invocations=4 (full 0):
 PSYoungGen      total 28672K, used 2019K [0x00000000eab00000, 0x00000000ec900000, 0x0000000100000000)
  eden space 26624K, 0% used [0x00000000eab00000,0x00000000eab00000,0x00000000ec500000)
  from space 2048K, 98% used [0x00000000ec700000,0x00000000ec8f8f48,0x00000000ec900000)
  to   space 2048K, 0% used [0x00000000ec500000,0x00000000ec500000,0x00000000ec700000)
 ParOldGen       total 35840K, used 13656K [0x00000000c0000000, 0x00000000c2300000, 0x00000000eab00000)
  object space 35840K, 38% used [0x00000000c0000000,0x00000000c0d56058,0x00000000c2300000)
 Metaspace       used 6177K, capacity 7152K, committed 7296K, reserved 1056768K
  class space    used 595K, capacity 616K, committed 640K, reserved 1048576K
}

Deoptimization events (10 events):
Event: 4.528 Thread 0x000000001649f000 Uncommon trap: reason=bimorphic action=maybe_recompile pc=0x0000000002589c64 method=java.util.HashMap.getNode(ILjava/lang/Object;)Ljava/util/HashMap$Node; @ 126
Event: 4.589 Thread 0x0000000016476800 Uncommon trap: reason=bimorphic action=maybe_recompile pc=0x0000000002589c64 method=java.util.HashMap.getNode(ILjava/lang/Object;)Ljava/util/HashMap$Node; @ 126
Event: 4.589 Thread 0x0000000016476800 Uncommon trap: reason=class_check action=maybe_recompile pc=0x00000000027797f8 method=java.util.HashMap.putVal(ILjava/lang/Object;Ljava/lang/Object;ZZ)Ljava/lang/Object; @ 203
Event: 4.991 Thread 0x00000000021e0800 Uncommon trap: reason=unstable_if action=reinterpret pc=0x00000000027886ac method=com.android.dx.util.LabeledList.set(ILcom/android/dx/util/LabeledItem;)V @ 16
Event: 4.991 Thread 0x00000000164a4000 Uncommon trap: reason=null_check action=make_not_entrant pc=0x00000000025d6120 method=com.android.dx.rop.type.Type.equals(Ljava/lang/Object;)Z @ 8
Event: 5.048 Thread 0x000000001649f000 Uncommon trap: reason=unstable_if action=reinterpret pc=0x000000000273961c method=com.android.dx.ssa.SsaMethod.updateOneDefinition(Lcom/android/dx/ssa/SsaInsn;Lcom/android/dx/rop/code/RegisterSpec;)V @ 4
Event: 6.092 Thread 0x00000000164a4000 Uncommon trap: reason=unstable_if action=reinterpret pc=0x0000000002888ddc method=com.android.dx.ssa.SCCP.simulateBranch(Lcom/android/dx/ssa/SsaInsn;)V @ 64
Event: 6.267 Thread 0x000000001649f000 Uncommon trap: reason=unstable_if action=reinterpret pc=0x00000000027c2064 method=com.android.dx.cf.code.BytecodeArray.parseInstruction(ILcom/android/dx/cf/code/BytecodeArray$Visitor;)I @ 1198
Event: 6.883 Thread 0x000000001649f000 Uncommon trap: reason=unstable_if action=reinterpret pc=0x0000000002884a30 method=com.android.dx.ssa.LiteralOpUpgrader$1.visitNonMoveInsn(Lcom/android/dx/ssa/NormalSsaInsn;)V @ 151
Event: 7.652 Thread 0x000000001649e000 Uncommon trap: reason=unstable_if action=reinterpret pc=0x0000000002a05044 method=com.android.dx.ssa.SsaBasicBlock.newFromRop(Lcom/android/dx/rop/code/RopMethod;ILcom/android/dx/ssa/SsaMethod;)Lcom/android/dx/ssa/SsaBasicBlock; @ 164

Internal exceptions (3 events):
Event: 0.414 Thread 0x00000000021e0800 Exception <a 'java/lang/NoSuchMethodError': Method sun.misc.Unsafe.defineClass(Ljava/lang/String;[BII)Ljava/lang/Class; name or signature does not match> (0x00000000eab0d860) thrown at [C:\workspace\8-2-build-windows-amd64-cygwin\jdk8u65\4987\hotspot\src\sÚˆ¶~Ú?
Event: 0.414 Thread 0x00000000021e0800 Exception <a 'java/lang/NoSuchMethodError': Method sun.misc.Unsafe.prefetchRead(Ljava/lang/Object;J)V name or signature does not match> (0x00000000eab0db48) thrown at [C:\workspace\8-2-build-windows-amd64-cygwin\jdk8u65\4987\hotspot\src\share\vm\prims\jni.ÒP¡ÐÜö@
Event: 4.991 Thread 0x00000000164a4000 Implicit null exception at 0x00000000025d6022 to 0x00000000025d6112

Events (10 events):
Event: 7.436 loading class com/android/dx/dex/file/ParameterAnnotationStruct done
Event: 7.584 loading class com/android/dx/dex/file/UniformListItem
Event: 7.584 loading class com/android/dx/dex/file/UniformListItem done
Event: 7.585 loading class com/android/dx/dex/file/AnnotationSetRefItem
Event: 7.585 loading class com/android/dx/dex/file/AnnotationSetRefItem done
Event: 7.652 Thread 0x000000001649e000 Uncommon trap: trap_request=0xffffff65 fr.pc=0x0000000002a05044
Event: 7.652 Thread 0x000000001649e000 DEOPT PACKING pc=0x0000000002a05044 sp=0x0000000016b1e6f0
Event: 7.652 Thread 0x000000001649e000 DEOPT UNPACKING pc=0x000000000232582a sp=0x0000000016b1e6e8 mode 2
Event: 7.665 Executing VM operation: ParallelGCFailedAllocation
Event: 7.699 Executing VM operation: ParallelGCFailedAllocation done


Dynamic libraries:
0x00007ff673fa0000 - 0x00007ff673fd7000 	C:\Program Files\Java\jdk1.8.0_65\bin\java.exe
0x00007ff861410000 - 0x00007ff8615d1000 	C:\WINDOWS\SYSTEM32\ntdll.dll
0x00007ff860920000 - 0x00007ff8609cd000 	C:\WINDOWS\system32\KERNEL32.DLL
0x00007ff85dba0000 - 0x00007ff85dd88000 	C:\WINDOWS\system32\KERNELBASE.dll
0x00007ff860410000 - 0x00007ff8604b7000 	C:\WINDOWS\system32\ADVAPI32.dll
0x00007ff860520000 - 0x00007ff8605bd000 	C:\WINDOWS\system32\msvcrt.dll
0x00007ff85e810000 - 0x00007ff85e86b000 	C:\WINDOWS\system32\sechost.dll
0x00007ff860790000 - 0x00007ff8608ac000 	C:\WINDOWS\system32\RPCRT4.dll
0x00007ff860140000 - 0x00007ff860296000 	C:\WINDOWS\system32\USER32.dll
0x00007ff85ffa0000 - 0x00007ff860126000 	C:\WINDOWS\system32\GDI32.dll
0x00007ff850590000 - 0x00007ff850804000 	C:\WINDOWS\WinSxS\amd64_microsoft.windows.common-controls_6595b64144ccf1df_6.0.10586.0_none_8c15ae12515e1c22\COMCTL32.dll
0x00007ff860d40000 - 0x00007ff860fbd000 	C:\WINDOWS\system32\combase.dll
0x00007ff85e520000 - 0x00007ff85e58a000 	C:\WINDOWS\system32\bcryptPrimitives.dll
0x00007ff860300000 - 0x00007ff86033b000 	C:\WINDOWS\system32\IMM32.DLL
0x0000000072bb0000 - 0x0000000072c82000 	C:\Program Files\Java\jdk1.8.0_65\jre\bin\msvcr100.dll
0x0000000072c90000 - 0x0000000073519000 	C:\Program Files\Java\jdk1.8.0_65\jre\bin\server\jvm.dll
0x00007ff860130000 - 0x00007ff860138000 	C:\WINDOWS\system32\PSAPI.DLL
0x00007ff859680000 - 0x00007ff859689000 	C:\WINDOWS\SYSTEM32\WSOCK32.dll
0x00007ff860720000 - 0x00007ff86078b000 	C:\WINDOWS\system32\WS2_32.dll
0x00007ff85b6d0000 - 0x00007ff85b6f3000 	C:\WINDOWS\SYSTEM32\WINMM.dll
0x00007ff85b240000 - 0x00007ff85b24a000 	C:\WINDOWS\SYSTEM32\VERSION.dll
0x00007ff85b670000 - 0x00007ff85b69c000 	C:\WINDOWS\SYSTEM32\WINMMBASE.dll
0x00007ff85e4d0000 - 0x00007ff85e513000 	C:\WINDOWS\system32\cfgmgr32.dll
0x0000000072ba0000 - 0x0000000072baf000 	C:\Program Files\Java\jdk1.8.0_65\jre\bin\verify.dll
0x0000000072b70000 - 0x0000000072b99000 	C:\Program Files\Java\jdk1.8.0_65\jre\bin\java.dll
0x0000000072b50000 - 0x0000000072b66000 	C:\Program Files\Java\jdk1.8.0_65\jre\bin\zip.dll
0x00007ff85ea40000 - 0x00007ff85ff9f000 	C:\WINDOWS\system32\SHELL32.dll
0x00007ff85dd90000 - 0x00007ff85e3d4000 	C:\WINDOWS\system32\windows.storage.dll
0x00007ff8608c0000 - 0x00007ff860912000 	C:\WINDOWS\system32\shlwapi.dll
0x00007ff85dab0000 - 0x00007ff85dabf000 	C:\WINDOWS\system32\kernel.appcore.dll
0x00007ff85dac0000 - 0x00007ff85db75000 	C:\WINDOWS\system32\shcore.dll
0x00007ff85da60000 - 0x00007ff85daab000 	C:\WINDOWS\system32\powrprof.dll
0x00007ff85da30000 - 0x00007ff85da44000 	C:\WINDOWS\system32\profapi.dll

VM Arguments:
jvm_args: -Djava.awt.headless=true -Xmx1024M -Dfile.encoding=windows-1252 -Duser.country=GB -Duser.language=en -Duser.variant 
java_command: com.android.dx.command.Main --dex --num-threads=4 --output C:\Users\hello\AndroidStudioProjects\TrafficLightMania\app\build\intermediates\pre-dexed\release\com.google.android.gms-play-services-games-8.4.0_71562cfa15e88f77741bab19f458b2facab03d6c.jar C:\Users\hello\AndroidStudioProjects\TrafficLightMania\app\build\intermediates\exploded-aar\com.google.android.gms\play-services-games\8.4.0\jars\classes.jar
java_class_path (initial): C:\Users\hello\AppData\Local\Android\sdk\build-tools\23.0.0\lib\dx.jar
Launcher Type: SUN_STANDARD

Environment Variables:
PATH=C:\ProgramData\Oracle\Java\javapath;C:\Windows\system32;C:\Windows;C:\Windows\System32\Wbem;C:\Windows\System32\WindowsPowerShell\v1.0\;C:\Program Files (x86)\Skype\Phone\;C:\Program Files (x86)\MiKTeX 2.9\miktex\bin\;C:\Program Files (x86)\MiKTeX 2.9\miktex\bin;C:\Program Files\Java\jdk1.8.0_65\bin;C:\Program Files\Java\jre1.8.0_65\bin;%SystemRoot%\system32;%SystemRoot%;%SystemRoot%\System32\Wbem;%SYSTEMROOT%\System32\WindowsPowerShell\v1.0\;C:\Program Files (x86)\Google\Chrome\Application;C:\ProgramData\Oracle\Java\javapath;C:\Windows\system32;C:\Windows;C:\Windows\System32\Wbem;C:\Windows\System32\WindowsPowerShell\v1.0\;C:\Program Files (x86)\Skype\Phone\;C:\Program Files (x86)\MiKTeX 2.9\miktex\bin\;C:\Program Files (x86)\MiKTeX 2.9\miktex\bin;C:\Program Files\Java\jdk1.8.0_65\bin;C:\Program Files\Java\jre1.8.0_65\bin;C:\Users\hello\AppData\Local\Programs\Git\cmd
USERNAME=hello
OS=Windows_NT
PROCESSOR_IDENTIFIER=AMD64 Family 21 Model 16 Stepping 1, AuthenticAMD



---------------  S Y S T E M  ---------------

OS: Windows 10.0 , 64 bit Build 10586 (10.0.10586.0)

CPU:total 4 (4 cores per cpu, 1 threads per core) family 21 model 16 stepping 1, cmov, cx8, fxsr, mmx, sse, sse2, sse3, ssse3, sse4.1, sse4.2, popcnt, avx, aes, clmul, mmxext, 3dnowpref, lzcnt, sse4a, tsc, tscinvbit, tscinv, bmi1

Memory: 4k page, physical 3346696k(57820k free), swap 13832456k(6900k free)

vm_info: Java HotSpot(TM) 64-Bit Server VM (25.65-b01) for windows-amd64 JRE (1.8.0_65-b17), built on Oct  6 2015 16:39:20 by "java_re" with MS VC++ 10.0 (VS2010)

time: Thu Dec 24 14:14:39 2015
elapsed time: 8 seconds (0d 0h 0m 8s)

